-LBl0UeKNyU, "Cameron Dolan Best (ALL VINES) compilation (vine) funny vines HD.wav"
-RRi3QktLdc, "BEST KID RIDES AT LAGOON AMUSEMENT PARK!!.wav"
-WmL01c-4ZE, "BEST DAVID DOBRIK VINE Compilations 2015 _ Funny David Dobrik Vines HD (130+ W_ Titles).wav"
-mNbbwgUZtQ, "ASP 120 4 STROKE CH IGNITIONS GASOLINE CONVERSION.wav"
-uWB_lkFDhg, "Rockford Illinois Roscoe Tornado Warning 4_9_15.wav"
0gcJJ_M3gP0, "สอบวิ่ง นสต.55  1 กม. 4.30 นาที.wav"
0jaaX-we-8g, "A Robot punches a drunk guy cool tech.wav"
19DRe0cdeXQ, "13 Things You Can Make With Signs In Minecraft[HD].wav"
1ObaLGDunXY, "Jake Gyllenhaal hitting on girls.wav"
1PQCymDynPs, "Dancing Cop - University of Pennsylvania.wav"
1_K3G1EcYLw, "Best of Shinjuku - Tokyo ● 新宿  (Part 1).wav"
1d0fsHq1qks, "Kathryn Prescott's Top 5 Skins Moments - Legendado.wav"
1nF0Pv-VBSc, "GLOCK 17 GEN 4, NEW BUYERS GUIDE.wav"
1oY0kFtKu20, "Hunting with a Matador on a duck Part 1..wav"
1qAvaKlkJis, "Rattle Rattle part 1.wav"
2TUhNRH_cag, "Bromas con el claxon.wav"
2b0DmhWpxV4, "Txawm Zoo Li Cas Los Hlub 5.9.wav"
2s1kkwMhDiM, "Gravel Drain - Perforated Pipe Surrounded by Gravel (French Drain).wav"
2tuCtiO7px0, "Search For THE BLAIR WITCH - Filming Locations Project.wav"
33xTgZMTq54, "Honda 250 6 cylinder RC166 start up Jurby festival Isle of Man during the Manx Grand Prix Classic TT.wav"
3FkzbBjncD8, "Julian Hanton  Learns a few tricks from me   and now he is ready to take the challange.wav"
3eqHT6u_52M, "Battle at Welikada prison.wav"
4JQkinXVd1s, "Aboriginal art dot painting.wav"
4LcMAREn89c, "2009 redbone puppies training video.  Pups are 3 months old at time of video..wav"
4ZOnkn4XnOM, "gezi havası_gezi tune.wav"
4aN_Vvn1lBY, "counterflowing bus.wav"
4iVZcLNzbF8, "Video For Cats - Squirrels and Chipmunks.wav"
4mcBRIgb8-E, "ΑΚΗΣ ΚΟΜΠΡΕΣΕΡ.wav"
4vxBWzOWBZU, "1999 Chevy Tahoe Yukon 4x4 AWD Lifted 16.5 For Sale.wav"
4y0KbKCyKus, "2005 Honda Odyssey Startup Engine & In Depth Tour.wav"
5P3aq2BJYa0, "Kabul - Islamic Republic of Afghanistan - October 2011.wav"
5ftfKerE6s0, "BackHoe'in.wav"
5oirFKi6Sfo, "Split Second Gameplay.wav"
60GhejkQZho, "Channing Tatum & Jenna Dewan Tatum @ Sunset Tower Hotel in West Hollywood!.wav"
60GhejkQZho, "Channing Tatum & Jenna Dewan Tatum @ Sunset Tower Hotel in West Hollywood!.wav"
6KknUgdsPxw, "Burning Ravan.wav"
6RSeGgCFTXs, "Clutch control in traffic & uphill in manual car - clutch cam and POV driving lesson 🛣🚗💨🚦.wav"
6pifhdQ0pdg, "中国北京高速Ｇ1のキャリアカー自滅事故.wav"
7KLcXpyuexo, "Buses in Shrewsbury Bus Station 10_05_10.wav"
7Kn-xhQ4hmY, "John Deere 757 ZTRAK Mowing Deep Grass 60' 7 Iron Deck Zero Turn Mower.wav"
7XuIzJ7KGMs, "Happy Fathers Day! - AFV.wav"
7kIhJzeWnJE, "Qantas Airways Airbus A380-842 [VH-OQA] Engine Run.wav"
7lyqru6t1SQ, "How To Use - DiabloSport inTune.wav"
7lyqru6t1SQ, "How To Use - DiabloSport inTune.wav"
7wIOLRmm-kg, "How to winterize above ground pool.wav"
88N7BJ1IHkE, "Connecting a  Nikon DSLR Camera to a Telescope.wav"
88nxoLgi1sE, "DOG GONE CRAZY!!!.wav"
8W0KcQLImuo, "Saudia L1011 & 747-200 aircraft at LAX & Manila.wav"
8ulLeRTvMKE, "แก้วจอมแก่น ๒๐ - Little Leader Geô 20 - Tiểu Lãnh Đạo Kéo 20.wav"
97HvGCTb-9s, "Collecting Megalodon Teeth after the South Carolina Flood of 2015.wav"
97PvmmLm0MQ, "Matt Jackhammer.wav"
99w08FiKJXE, "Cuba For Sale - People & Power.wav"
9BzZvj5W09s, "2013 Porsche 911 Carrera Start Up and Review 3.4 L Horizontally Opposed_6 Cylinder.wav"
9KOhsDyE_f0, "NN1121 movie Bowser Junior's game night 2.wav"
9b0eMAf1rXo, "SNOW STORM HIT TORONTO IN FEB 2013...wav"
9n-7KuMjTN8, "A Day in the Life.wav"
9yY9mjvbHEg, "Niall Horan meeting fans in Madrid 25_05_2013.wav"
A1yf7Q7uQkY, "How To Refurbish a Metal Shipping Container.wav"
Aa8lvl6b-iM, "Joel tells Benji to shut up!.wav"
AqwOCxkhrjI, "EHAM spotting - 4 landings and 15 take-offs in 6.5 mins. Allot of heavy goodness!.wav"
B9GItZg1U_o, "12v Cummins ATS twin turbo spool up Aurora 4000 over S475.wav"
BEjKBSLm2fc, "Skoda Yeti and an abominable video - What Car.wav"
BFPSKB99Anw, "Crawdad Hole.wav"
BM0MSMJBCrA, "2013 Mercedes GLK 350 on Snow.wav"
BUVijjtJlt0, "A Ilha.mpg.wav"
BnovYnY1UpM, "GLCW Ladies Title Match - LUNA VACHON VS. TRACI BROOKS.wav"
Bpu4dXxMhOs, "200 Police Cars In Las Vegas Driving Code 3 In Funeral Procession.wav"
BslDb2Uresk, "Bangalore India, Family of four on motorcycle..wav"
C07IwvRb7Ro, "En  la plaza  de ganado   piaxtla.wav"
CRCYiI6n5jE, "Elephant Attack in kerala.wav"
Cjem1GlpQ5w, "500 SUB SPECIAL - NEW Scania 143m Sound Mod[Link in Description].wav"
Cm89PM3pc4w, "MTA Bus Company  - Articulated Buses On The Q10, New Flyer D60HFs [ Queens Division Q10 ].wav"
CxmMmFS5Arw, "Chainsaw juggler juices fruit in mid-air.wav"
D8K-qmtf8Gc, "NYC - Fire truck rescues an ambulance stuck in the snow.wav"
DNiZ3Pu-KYc, "Z Freeman Woodgrain on garage door.wav"
DPModTuJA_M, "Hanoi Traffic - View from above - Worst intersection in Vietnam.  Traffic in Vietnam.wav"
DYaFzD19PSk, "So Wonderful (Ukulele Cover).wav"
DleBZ7FEZic, "更強堆高機上貨-申昌鍋爐裝櫃實錄.wav"
DwZUTNBDRL8, "Runescape - Michael Jackson R.I.P.wav"
E-F3eGRXiBI, "AJ's Burnout TURBO SILVERADO.wav"
E0gQcSA3jhk, "Fast Start Alcohol Pop Can Stove 2.wav"
E6oI_O8l35I, "Stand Still Traffic Jam in China - Cars Honking.wav"
E9MhfMjq6FI, "Exotic Supercars in L.A- Lamborghini Aventador, Ferrari 458 Italia, Countach, McLaren, and More!.wav"
EILIQCmx-EY, "Anurag Dixit- Dil hi dil mein _ Official video (HD).wav"
ETYUSZcTxFk, "Madden 13 - INCREDIBLE COMEBACK WIN! (Online Ranked Game).wav"
EX-5P7YdWsc, "Demonstrated Vehicle Extrication With Entrapment and EMS Assistance.wav"
EXutFmf_GNU, "Floyd Mayweather @ Fatburgers on The Las Vegas Strip.wav"
EqmmFf9gARM, "BMW Sunroof, Moonroof, Panoramic sunroof problems, TILT FIX PART II.wav"
EqmmFf9gARM, "BMW Sunroof, Moonroof, Panoramic sunroof problems, TILT FIX PART II.wav"
ExqedxdXuBc, "Lamborghini LP700-4 Aventador vs Gallardo 560-4 Edo Competition 600 HP E-gear.wav"
FEVRv0JwVF0, "Girl Who Sleeps and Sleeps and Sleeps Some More [Watch It Till The End To Know What Happens].wav"
FFYcXLR1-Vk, "How to Run a Faster Mile - Sprinters & Distance Runners.wav"
Fbxs3CnA5OY, "Jimmy Two-Shoes S2 - The Outsiders.wav"
FkzyzgpS-nU, "kornaya bak.wav"
FlpraUXdnkg, "Feuerwehr-Einsatz auf der A1 - LKW in Flammen ( DOKU).wav"
Fm_lRiHhgvo, "EXCLUSIVE - Kim KARDASHIAN and KANYE West in LOVE in PARIS.wav"
FtJXuEbvrxM, "The Oval Visalia, Ca.wav"
GCYra4Z6wmc, "Shogun 2 Total War Fall of the Samurai Siege Bombardment.wav"
GKNkRr4ya2o, "Skateboarder Travels 450 Miles To Honor Brother He Lost To Cancer [INSIGHTS].wav"
GQd7VWjX67E, "Dubai to Beirut Cockpit 737-700.wav"
GfTpGVkfKgw, "TMZ Soulja Boy Sued Over Car Accident And Slapped With A Lawsuit.wav"
HNyHIF8bXJw, "Replacing Power Window Regulator_Motor on 97-05 Buick Century.wav"
HNyHIF8bXJw, "Replacing Power Window Regulator_Motor on 97-05 Buick Century.wav"
HQfnea5gn-I, "[Bismania] Perang Klakson telolet Purnayasa Tahun baru.wav"
HSvfQiXztLs, "Cross Country Championnats du Monde 2008 à Edimbourg.wav"
HYMNRiwp3jQ, "MONK (A tribute to the legend, OLD MONK) - A Short Film.wav"
HdvvHxY1mDQ, "Smoothest Landing American Airlines Airbus A319 (Funny Reaction).wav"
HgDZJ5h33SI, "Airbus A350 First Engine Start.wav"
HlkTBzP1bYY, "VERTICALHOOLIGANS GSXR 1000 K4 AND KAWASAKI ZX6R WHEELIES.wav"
Hpbjn4LAcKk, "Mercedes-Benz SLS AMG Launch Control !!.wav"
Hq1VpGlNuTk, "Cinnamon Challenge - Steph Pukes.wav"
I1WB0a3IUt4, "Monster Truck VS Police Car _ Vehicle Battles For Children _ Scary Vehicles.wav"
IPP2G8yOYEQ, "S.Difazio and Sons-mack lowboy attaching.wav"
IP_9TyuwDc8, "Pigeon Forge Gem Mine _ Pigeon Forge, TN.wav"
J5-mjglse5E, "Worlds Largest RC Airplane.wav"
J5MslZSjCuk, "Splinter Cell - Walkthrough - mission 2 - Defense Ministry - Hard  - part 1.wav"
JCxOd-3PvgI, "The Haunting of Sunshine Girl - Worst Day ever part 1.wav"
JFsIi2DUJkA, "Funny Prank - Air Horn Prank.wav"
JK7e-Zxyk2A, "NEW CABIN!_ Delta Air Lines 747-400(74S) Cabin Tour.wav"
JV31wOPhVaU, "2002 Volkswagen GTI 1.8T Straight Pipe Catback Exhaust.wav"
JWGrOPsU6W0, "Otis Hydraulic elevator @ Visitor Center Parking Garage Charleston SC w_crapper1.wav"
JXbMV5CqLkc, "Ice Cream Truck 2.wav"
Jlh_dAyVBf4, "Ferrari Fail.wav"
K0prNLp5OWA, "mitsubishi lancer evolution grind part 2.wav"
K3RvJuqb54o, "WWE Wrestlers at The Airport 2013!.wav"
K6M2Q24k178, "DHLA - New Years 2014.wav"
KOgBlhR57tk, "Sump Pump Buying Guide by PlumberSurplus.com.wav"
KVoastX6t2M, "เสียงขันไก่ต่อตัวใหม่.wav"
Kno1Qt815WI, "Maroon 5 Live - Kanye West's Power Intro_Harder to Breathe_Sunday Morning.wav"
KvqU8IjDTuk, "Broke Splash Mountain in 1080p HD.wav"
LMpYNCdRgcY, "Bodoland movement remembered in dance.wav"
MIV0-6O-dLM, "Shy Grass (Mimosa Pudica).wav"
MLAEjkJ5-3Q, "Brompton and Bicycle Trailer Cyclone IV Chubby.wav"
MOlzKn1akHc, "Cutting circles with the Titan XT.wav"
MOv0k6GCsB0, "1st Amendment Audit Austin PD Lamplight Village 6_9_2015.wav"
MXffROjfCTs, "Ron Burgundy DIES! (In 3D) - Scribblenauts Unlimited.wav"
MXtoTI_KLBQ, "Something Fall Wrong with Sonic.wav"
MdsRmMxkF4k, "Jet lie- wonderful kong fuo video.wav"
Mx_JJSIfIks, "Archery - Technique Practice - Side view.wav"
NAldsczqsy0, "Chief Keef's Hologram Concert Shut Down By Police and a Bulldozer.wav"
NJ9MpvYoZHA, "THE DEVILS COME OUT WHEN YOU PREACH IN THE OPEN AIR.wav"
Ne6siwihznc, "The IDS Show.wav"
O3T3skdCmJQ, "THE VERY LAST F-22 aircraft built for the US Air Force.wav"
O9_oZ_c5yFg, "1976 Ford Granada.wav"
OLMt7TquvmY, "My experience with er6 part I.wav"
OOQyDTDPTaY, "Track and field Fail.wav"
OVpk1u5ZweE, "Cruise 'n Carry 6700 2.7hp.wav"
OndIPDsFbX4, "MD-82 Very Steep Takeoff from Split Airport!.wav"
OoQzhhWFfz4, "Things  Hairodynamic Does! _ Twin Tuesday Episode 4.wav"
OrwximvUjTU, "Courteney Cox,David Arquette,John Mayer & Aniston @ STK..wav"
P5uIpVLEpm4, "Voice of the Soul (Death cover).wav"
PA_e1ruCTJ4, "Revo .18TZ + Twin engine truggy testing.wav"
PIFEQzXscRE, "DLC  COMPETITION (legazpi city highschool).wav"
PYInIuSP2Qg, "Everybody Hates Back Talk - Chris won't do the dishes.wav"
PdbSJW03FpQ, "4.47 40 Yard Dash.wav"
Pk_Vhbgj8Lk, "Rainwater Harvesting System Installation _ Innovative Water Solutions.wav"
Pm8Xo7OvM4A, "Ferdinand GT3 RS - The World`s slowest Porsche driving in Vienna!.wav"
PrO_fDY4GNs, "Le Zap de Spi0n  n°45.wav"
QALSel8mz-o, "Princess Meets Officer Friendly.wav"
QM4qxOYDwHo, "Incredible Boeing jet turbine_helicopter powered Batmobile!!!.wav"
QOPKMzSCC3Q, "Butchering Big Bullfrogs.wav"
QPkpwbD9tcM, "Dirty Hand Tools 22 Ton Log Splitter.wav"
Qf92597YNAo, "Bell 222.wmv.wav"
QjVSxDY1Bhs, "Conociendo al TAP Confort (5216).wav"
QqitTNF_I3g, "The homeless magic man 2.wav"
R-0tRRcXmpE, "Piaggio Avanti departing Sedona Airport KSEZ.wav"
Rbggyp_dUdo, "Ducklings in the pool (Pekin ducks).wav"
Rbggyp_dUdo, "Ducklings in the pool (Pekin ducks).wav"
SAgPeSGI6i4, "Short Film - BEAUTY.wav"
SGFs2YlHYwg, "Real Dinosaur Sounds 2.wav"
SiVfjH0rseg, "Assassin's Creed Syndicate _ Stealth Killing Spree 2.wav"
T62i7a2HQQ4, "Batman Robs a Taco Bell.wav"
TObYoD2pGb0, "King Krule - Out Getting Ribs live (Hyères) 2011.wav"
TUDsspiNPes, "Fire Engine Response.wav"
TgUKuk1wWWI, "Gold Dredging in California with an 46 HP 8 inch dredge..wav"
Tib9q48R1GQ, "Air Horn Prank.wav"
U9G3ZlU9H2M, "Ashtanga Yoga - Jumpback and Jumpthrough with Laruga Glaser.wav"
UFsLwpBS7U0, "Hummad and Hasnat at Dragon Falls ride.wav"
UaM_YYfMUu0, "MR. Productions & Nine Productions 'A Lovely Hour' _ Raj Tarun & Jenny Honey.wav"
UelMinLIWSA, "Overloading Daewoo Lanos Engine on Jet-A1 and Diesel Mix.wav"
UtLhLL6w_SI, "Lowestoft thunderstorm 2nd August 2013.wav"
Uvm0jskoh6w, "Short Film - Junku Nishimura, A Japanese Street Photographer in Singapore.wav"
V1W4k3ZMR-M, "H&R 20 Gauge Rifled Slug Shooting.wav"
V9cQZtCD4zY, "sindhi hira band.wav"
VEELbpPSTzA, "Driving in India.wav"
VHxCzlTUM6I, "2010 National Championship Boys Race.wav"
VTjV4KRePRQ, "Wario and Waluigi go to the park 3!.wav"
Ve-RFG6nSsc, "Flymo Lawnmower Fail.wav"
Vmsy3ywFNOU, "Pantera Interview - 1994.wav"
Vw60Ox3YXq0, "Partenza Santhià per incidente e incendio - Viaggio in sirena.wav"
WQNJDWRsG3s, "Explaining About BlurFix3+ 55 Adapter - GoPro Tip #271.wav"
Wrfvo1eFRFk, "[FullHD] Aeroflot Boeing 777-300ER short takeoff at Geneva_GVA_LSGG.wav"
XPyCWnbii9Y, "Videobob's ride in the HALO WARTHOG!.wav"
XUz3VaGUsjk, "Tom Dugan - Full Throttle 2012 Edit.wav"
XeL3BAgfvz8, "Kolam Making.wav"
XeygOewgRt8, "Bmw M3 vs 335 JB3.wav"
XoDbqos7Cww, "Vijay on Asianet Film Awards 2011  Video by sharon.wav"
YrdSmEN1YJY, "Iowa 80 Jordan's Mini Truck.wav"
Z0oM4laQgfg, "Klakson angin 6 corong.wav"
ZZv91Tz5BUY, "WHERE DO I GO FROM HERE! (7-15-15) [556].wav"
ZoQtR0puIPE, "Etihad B777-300ER A6-ETF at Manchester..wav"
_Eq1rpbk8Ng, "Kolangal Episode 661.wav"
_hi0fw2p5Gs, "Shredding With The Yard Machines by MTD 10hp Chipper_Shredder.wav"
a83NijNUlnM, "1978 F-150 Build Part 9 Tailgate and Taillights.wav"
aFjuOD6n_qU, "[Anime] Turok  Son of Stone (Sub-ITA) [1 8] -.wav"
aHvYVxh-aus, "Muslim Man Marrying a Non-Muslim Women  _  Yusuf Estes.wav"
aK_uHc3SjHY, "Problème avec le Sound System Peugeot 308 GTI.wav"
aXnmfM7UBPw, "CHRIS CHANN VS FREDDY ERNST SKATE.wav"
aq7axBA11pE, "Lindsay Lohan Out In Full Force Today!.wav"
b263S32W0OM, "Con Edison Crew Restores Steam To Customers After Superstorm Sandy.wav"
b8AEdmKJebU, "Kenya @50 -The Kenyans Behind Air Force Jets.wav"
bGvorcBfgp8, "DIESEL BURNOUT.wav"
bqPkbvp8PK4, "2001 mustang GT FOR SALE.wav"
c5jN2Iegozw, "The Best of Bike Fails.wav"
cAsDgKv-4rw, "Cute Koala Kisses (the nose boop).wav"
cHx0iJ9RA54, "Great box turtle outdoor pens.wav"
cMFacOIgiRU, "2001 Jeep Cherokee Sport Start Up, Engine & Full Tour.wav"
cO6NJ_lcxZI, "Tomei UEL Header w_ Stock Exhaust - Subaru BRZ.wav"
cfLA0hYf-nk, "Impatient Child Driving Dangerously GN63HFE.wav"
csOBJnlWQyY, "Beloved Angel Angelique - Radiant Tomorrow - Episode 3.wav"
cyi2WhHtCDw, "Awesome Dog Protects His Owner's Bike, Then Rides Off With Him.wav"
d2m2Xgelbo8, "Assassin's Creed 3 - Hunting Society Challenges Walkthrough [HD].wav"
dWOhJNBRv40, "2010 Davis-Monthan AFB Air Show - A-10 Warthog West Demonstration & Heritage Flight.wav"
dhC-7vSlJEY, "23yr old homeless man.wav"
dvBwMOqlco8, "🔶_FSX_ KLM Sint Maarten Departure🔶.wav"
f24GI12Moe4, "the deer walks off.wav"
f24GI12Moe4, "the deer walks off.wav"
f8UEgBnqixY, "Hungarian Air Force TANGO Alert Training - Saab JAS 39 Gripen Engine Start - Takeoff.wav"
fK4n3IASsJQ, "Playing With Motards.wav"
fWBzCRl6LUs, "サンキューホーン.wav"
fsgqa6oQq50, "How to do a 4X100m Relay Pass.wav"
fzl8yrVfLAY, "Yamaha RS 100  red.wav"
fzmakPMuQus, "Calabasas Plateau by - 101 Exit Media.wav"
g2tRAxYP9YQ, "Concorde at Oshkosh Airshow.wav"
g6hEiX4XTcw, "Football -  How to   RUN FASTER TRAINING WITH RESISTANCE BANDS _ Part 3.wav"
g9NycyNlkLs, "Sukhoi Su-27 Flankers visit Grand Forks AFB.wav"
gH9or2aQqOg, "Ebbe S. Beck - Scania 164L 580 V8 with tiptrailer at Åbenrå Port.wav"
gJZUyOycu28, "Bhutto widower Zardari elected president, reacts to win.wav"
gnnwvC0zhlI, "Mr Bean - Giving the ball back.wav"
hF8WIKLNZSI, "Hotel Krizantem Katya Alanya.wav"
hQGF6bi1t6w, "15 Minutes Planespotting @ Germany, Berlin-Tegel 23.07.14.wav"
hdfwwx27mtY, "AWESOME Ghillie Scare Prank!! -RRyanlewis-.wav"
hfQZmG8OnL4, "Moshi Vlog! _ TheMoshiMonsterKitty + The Moshi Bus!.wav"
hk4NfsX_1Ek, "SUPER LOUD HAND HELD AIR HORN COMPRESSED AIR CAN TOY.wav"
hyBnFl57dwA, "Joda con bocina de auto (muy bueno).wav"
iNtTKSQqld0, "YEAH.wav"
iOMF54wj2aA, "Shoulder Driven Freestyle with Style Sticks.wav"
in2AUO_Pb_I, "SCAG AND KUBOTA TEST 2.wav"
iypvbe6J6Qs, "Cykelslangen, Copenhagen..wav"
jO5fIGiBLwc, "Ultra-Rest HDX drop away arrow rest by Quality Archery Designs.wav"
jYTg7dmsrpo, "Cochlear Implant Swimming.wav"
j_ZwYJNu5mE, "'Wild' budgies from Australia at the Cologne Zoo.wav"
jbXOZjhIfZI, "Rust game!!!The best place to make a base(on an ic.wav"
jdX7joh9EC4, "Yangon-Shwethalyaung Buddha-Bago-Kyaiktyio-Myanmar-Vacation-Trip.wmv.wav"
k5BH4oAEENU, "Flip Extremely Sorry - Lance Mountain.wav"
kGuKzWVGAGY, "Usain Bolt in his highschool days.wav"
kO_AKdCyuic, "mustang 460 big block..wav"
kzVbcE4NiRo, "Jul 8 - CHRISTMAS IN JULY!.wav"
lGVE1ztEzzk, "GEA Group - Milk Powder Factory.wav"
lGvrHKtXocU, "Middle School Track and Field.wav"
lIk_-vI43S8, "SNEAK PEEK AT BABY ROOM!.wav"
lQcjnPc2raA, "Les x 2800 de l'Autorail Limousin; trains du père Noël 2014.wav"
lTAUV1Yj4NE, "Ariel Atom V8 vs 600bhp rallycross Citroen DS3 vs BMW HP4 superbike drag race - autocar.co.uk.wav"
lYP-Xc9mYCA, "Zombie Frontier 3 - Android Gameplay HD.wav"
l_Klfaet9ow, "A Day in the Life 6 - Shred Chicago!.wav"
lgLU93ZOdGU, "McDonalds Job Interview PRANK.wav"
li2wrcj2W-Y, "(HD) London Bus Observations Part 1 _ March - May 2013..wav"
lsrlvha5Z_M, "Bikers Shutdown Freeway for Marriage Proposal.wav"
m3kb8GFAvtI, "Family Protection Cane Corso - Achilles_ K9 Enforcement.wav"
m50hi3spgZ4, "Mo-phat Marule & Kenny Kunene @ Bahama Bar.wav"
mCKwki7LeZ4, "Bushman In Adelaide (China Town).wav"
mJEmgYJ7Z4s, "UC RIverside Citrus Collection.wav"
mmz6uoEWxuE, "GEORDIE SHORE Filming Series 12, Episode 1 In NEWCASTLE.wav"
mwA_Z3AgWxw, "superstar vettaikaran  vijay in madurai suryan fm.wav"
nFA1TD9ySXU, "Turbo Scirocco.wav"
nIHcAyP3ReQ, "Canon 5D Mark II - EF 70-200mm F2.8 L IS II USM Lens.wav"
nITNA5-2Dc8, "Starting Up the Dealership Cars Part 3.wav"
nkxjWOM2ryw, "The Walking Dead Survival Instinct - All Poster Locations (The Missing 8 Trophy _ Achievement Guide).wav"
o4eDxGJISqM, "Will you go to prom with....wav"
oOpLBhemBmk, "Portland Bill Fog Horn - ITS FOGGY.wav"
oh08bbDVFZM, "Twin Towers - Just Cause 2 (WTC).wav"
oy2iqv6kNNw, "SAMOAN DUDE (My Tongan Neighbor).wav"
p09LWqgAlVI, "Amazing street artist in Myanmar.wav"
pEwS6giexfg, "2003 Ford F350 pulling semi.wav"
pItK0uhrxDw, "Washing hair outside part 2.wav"
pOPg5gfWwTs, "מרתון תל-אביב, זה כמו מרתון ברלין רק גרוע.wav"
pP-C50PVSbk, "Օձերը դուրս են գալիս մայրուղի News.armeniatv.com.wav"
pSKQUtkea-k, "Kim Kardashian At Beverly Hills Nail Design.wav"
pVu_5OGlYEU, "Videx GSD - our BIX von Arlett litter at 7+ weeks.wav"
pi5IzVbCJhc, "TRAIL OF DESTRUCTION in men's hurdles at 2016 Jesse Owens Track Classic.wav"
piDzQjuf9bY, "BMW E30 325iS MagnaFlow 14815 Exhaust.wav"
pjm2rNsIvps, "sindhi comedy seen1  g n bhand     abid behrani.wav"
q1SEXCVrPcc, "The Best Hardwoods Turkey Hunt- In Your Face Mountain Gobbler Double.wav"
qDc1zsftnAs, "Apollo's Chariot Off-Ride HD Busch Gardens Williamsburg.wav"
qGA5zexuFY0, "Rocket Heater Wood Stove Build Part 11.wav"
qiPKWD2Q3kE, "Brandon Jennings - Under the Armour Ep. 1.wav"
qnW8T-9whAk, "Flamenco Rumba in Granada.wav"
qogFRsecYSw, "Osaka garbage truck with melody 大阪のゴミ収集車.wav"
rvTFEIsrQbA, "GET WET AND WILD.wav"
s3BzHO0mT5s, "Traffic Noise in India.wav"
s4snf62Y7Sg, "The Bro Diaries.wav"
sPtje4_RAJc, "Imagine Dragons - Radioactive @ Filter Showcase Sxsw2012.wav"
sWN5-jMQCgs, "AWESOME CH-53E Super Stallion Take Off.wav"
sig0oUL7FVI, "beadles about part 1 of 2 vincent and euro lorry park.wav"
svWOWgluDb8, "Hong Kong Tour, Part One.wav"
svhc8qxCigE, "Northern White Faced Owl - Amazing Transformer Owl.wav"
t0YCaoQ9XPQ, "Emma with Princess Aurora.wav"
t7uMx5EU-Rg, "The 2016 Los Angeles Marathon Cleanup.wav"
tAMhnqocveU, "US Coast Guard cutters Mackinaw, Morro Bay and Katmai Bay.wav"
tEuEfUmiqbw, "Concert In The Park 2012 Hong Kong.wav"
tJ55EJ57dIA, "Vols Celebrate Win Over South Carolina (10_19_13).wav"
tnSM-SnE5Lk, "Welcome to Kraków - Home of World Youth Day 2016!.wav"
u3JOc_YOJ0w, "Cancun Beaches & Yucatan Cenote Hunting.wav"
uNPUAFx8tyg, "Almost at the Finish Line - Boston Marathon 2011.wav"
uaOY9f6uoks, "Spore - Epics everywhere on my planet!.wav"
ur77tjswGMU, "Metallica-Berlin Waldbühne  06.06.2006 live.wav"
v6BrBps3Bdo, "Kaleb Tesfaye - Mehereteh Bezu new.wav"
vkH5e8Hczxo, "bẫy chào mào má trắng.wav"
vqVsEaMWYJQ, "Audi S8 with mufflers disconnected.wav"
w4-CNNWZUQo, "Take it Easy _ Ep 80 - Arrested for smuggling spirit in sold vehicle _ Mazhavil Manorama.wav"
w4iWAkxhBVw, "Good Luck Jason Dolley & Bridgit Mendler!.wav"
w7RLDvfM9HQ, "French spiderman climbs Burj Khalifa.wav"
wBQgLx7hLS0, "Fazendo piscina de fibra de vidro (parte1).wav"
wD6XJvKARTE, "Beep Test. AHHHHH!!!!! (part 2).wav"
wE9Wmfcscic, "Mentő vs baromarcú.wav"
wXM1D0qJP3Q, "super mini washing machine.wav"
wYgGpTFY2No, "Hotel Best Negresco 1, Cap Salou, Spain, August 2009.wav"
x1Wghs_aoNw, "The Golf Course Air Horn.wav"
xLxm-zMMXPM, "Best Webisode Moments of 2013.wav"
xN9hN6P5fz4, "Jungle Safari. Hunting by Wild animals.wav"
xeRwsXC7hGs, "Black, Blue, and Fawn Doberman Pinschers playing outside.wav"
yBJq7kvSMZs, "Watch out for the oil! - Amsterdam.wav"
yEgpugnGvlw, "Rally of the Tall Pines 40th Edition.wav"
yMdOxfnxkB0, "Happy Halloween 2015 in White House with Barack Obama.wav"
ySUq9N0ozuc, "Beijing in 1994.wav"
ygF_XLMN52A, "B9R vs Shohag Premium.wav"
yhPFubhO0qA, "Ferrari 355 _ Sound Demonstration.wav"
ypCWyvkH8QE, "5K Run Finish 15 to 25 Minutes.wav"
yvGpnxvuwWk, "2010-PATTAYA OF THE PARADISE. Walking Street..wav"
yw9sS3Oz5lk, "GMC Coach.wav"
zEhhAGhUYjE, "deflecting fist iron hand master ki kirin.wav"
zKq3MgJvxxM, "イボイノシシを食すライオンファミリー.wav"
zP5qdi8ulKM, "Team Fortress 2 - Spy VS Sniper Update  - New Features Part 2.wav"
zP_NEorPQnE, "Riding Shotgun - BMX Adventures in Texas - Ep. 3.wav"
zYlOfvuzbBo, "GMOD - Pokemon Episode 1.wav"
zj0wawtfZsA, "Ariana's Turtle Ride.wav"
