Error on file with url: -z47zN0YyE4
Error on file with url: 2Pq9c0tFt1g
Error on file with url: 4APBvMmKubU
Error on file with url: 4APBvMmKubU
Error on file with url: ALjgoKbg4h4
Error on file with url: AsQXL6yXbvs
Error on file with url: DKFz6eMHLfI
Error on file with url: EUn5O3SywCE
Error on file with url: SVGT6J6G4ts
Error on file with url: ZVDtuzPVlgU
Error on file with url: _RUKvt068Po
Error on file with url: bo_KcZvGHJw
Error on file with url: foLEI7XUaBM
Error on file with url: jZnLtcRKxss
Error on file with url: osFCx4URNyk
Error on file with url: t1_81iXEZys
Error on file with url: w1Kb6BNXJQg
Error on file with url: w1Kb6BNXJQg
Error on file with url: w1Kb6BNXJQg
Error on file with url: zjk9aUW5c_0
Error on file with url: zjk9aUW5c_0
