-4RWqM0UCCY, "Ocean City PD.wav"
-Y1qiiugnk8, "Как пропускают скорую помощь на рублёвке.wav"
-_dElQcyJnA, "Code 3 using The Federal  e-Q2B.wav"
-_dElQcyJnA, "Code 3 using The Federal  e-Q2B.wav"
-gKNRXbpAKs, "q siren in my jeep 3.wav"
0JPT13OUVV8, "2015 Santa Parade , Kings Park Fire Department.wav"
3uZy0wkterE, "Fire Truck Toots and Horns Compilation.wav"
4lflH2Jvm8k, "1_18 Police Car w_Lights BETTER VIDEO.wav"
4yub23Xuzos, "Feuerwehr & Rettungsdienst in Deutschland mit Wail, Yelp, US-Signal.wav"
4yub23Xuzos, "Feuerwehr & Rettungsdienst in Deutschland mit Wail, Yelp, US-Signal.wav"
5quD8nDBLnU, "V8 Powerboat on fire with explosion.wav"
61ZirC2IlLg, "alarmowo  straż pożarna wrocław 998 .mp4.wav"
61ZirC2IlLg, "alarmowo  straż pożarna wrocław 998 .mp4.wav"
6F3YIb0Uw4I, "2014 Dodge Charger Pursuit Police Car.wav"
6F3YIb0Uw4I, "2014 Dodge Charger Pursuit Police Car.wav"
6dhpe65QOcc, "Engine Tanker 24 & Engine 432 Responds to working house fire.wav"
6dhpe65QOcc, "Engine Tanker 24 & Engine 432 Responds to working house fire.wav"
7342zytpO4o, "2011 Fire truck parade police ambulance lights sirens night New Castle, PA.wav"
7Hcizjr7zB8, "Trinidad All Stars Steel band in Trinidad Carnival 2012 Part 1.wav"
81-uERZml1w, "pompiers qui part sur un feu de landes..wav"
8DaEd5KbnnA, "Cookie Monster Count' n Crunch , rides the FireTruck to get Cookies with Mini Cookie Monster.wav"
9GKalHsMARA, "横須賀消防 - 緊急走行8 （建物火災）.wav"
ATbEwmTJwD0, "Matt Morgan Injures Hernandez.wav"
AV76SZTw6z8, "Bone County SD 2011 Interceptor Pursuit - GTA SA.wav"
AV76SZTw6z8, "Bone County SD 2011 Interceptor Pursuit - GTA SA.wav"
Al2qQMp2RUA, "Fire Apparatus Responding.wav"
Al2qQMp2RUA, "Fire Apparatus Responding.wav"
Axov9pRGK7s, "POLICE CARS CRASH AND SMASH Hot Wheels CAR CHASE Explosions! CrAzY!.wav"
BAB5U7kCOH0, "Amoklauf in München _ Einsatzfahrten.wav"
BHqX1Jxxr5k, "[SPECIAL] (13 min) Défilé 2015 Pompiers Soignies.wav"
BMqxW3bs0iU, "Merseyside police illegal covert police car with no warning or ventilation.wav"
BYbIKQqGE2U, "[HME Fire Truck + Q2B-siren] Autopompe + Citerne - SI Herve.wav"
BZtLVLGnILI, "GTA 4 Fire Pumper & Ambulance.wav"
BgUWb7ArWSM, "(6-30-14) [HD] 4-Alarm Brushfire Scorches Santa Teresa Foothills.wav"
CHBhh3ASk5Q, "Car pulls out in front of me and then fails to stop for police..wav"
CL9m1ci5q6o, "緊急走行！(50).wav"
CT1RIngdLQI, "10連発!!緊急走行!!警視庁パトカー都心の街を走る!! Japanese Police Car Responding.wav"
CvHu8TxyXXQ, "[VIEL PRESSLUFT] - Viele bunte  Autos mit Blaulicht & Martinshorn (Hochwasser Dresden 2013) (HD).wav"
D0MtSXYS1kY, "A full house response - everybody goes!.wav"
D0MtSXYS1kY, "A full house response - everybody goes!.wav"
E4m7ufzmUHo, "Mini Fire Truck Trackless Train.wav"
E7tueVnDYDE, "Stop motion car police chase.wav"
E_GwHraQ-L4, "Miniclip Games - Awesome Police Chase Car Games - Police Persuit.wav"
F0LSs8MZN4w, "Brick City Police and Ambulance response.wav"
F0LSs8MZN4w, "Brick City Police and Ambulance response.wav"
F6l3MRb__G0, "Madda Hinqoorre.mp4.wav"
HDDxzqEUy74, "1_18 swat team hummer police car with working lights and siren.wav"
HDDxzqEUy74, "1_18 swat team hummer police car with working lights and siren.wav"
HDQyCmiloQQ, "London Fire Brigade Convoy - USAR Deployment.wav"
HDtWg47wzGg, "People Die - Firefighting Stories.wav"
HqzzvRL1raY, "Hillside IL FD Parade.wav"
IcPca0d-14o, "A Life of Revenge (Part 12) 'Revenge'.wav"
IcPca0d-14o, "A Life of Revenge (Part 12) 'Revenge'.wav"
JHI63b0sgnw, "F18D Crash VA Bch Neighborhood-1st Units Arrive On Scene.wav"
Jtoff_VHCg8, "Fire Engines, Police Cars and Ambulances responding - Compilation 17.wav"
KVgjCA68_Kk, "police car.wav"
KdGHXLe3C9E, "Calicut Air port Mockdrill.mpg.wav"
KqUD1AAGpJ4, "【消防車】緊急走行集.wav"
KqUD1AAGpJ4, "【消防車】緊急走行集.wav"
LLmMCjc8Bmg, "Boston Fire Department Ladder 24 Responding X 2, Q-Siren, Air Horn.wav"
LLmMCjc8Bmg, "Boston Fire Department Ladder 24 Responding X 2, Q-Siren, Air Horn.wav"
M04EdgCw1Mk, "Fire Engines, Police Cars and Ambulances responding - Compilation 21.wav"
M1kL1VKZ0uo, "Washburn Fire Department Responding to Brush Fire.wav"
M1kL1VKZ0uo, "Washburn Fire Department Responding to Brush Fire.wav"
MvvZ2akuEKU, "Opkomst + Uitruk Brandweer Hellevoetsluis & Oudenhoorn met spoed naar een gebouwbrand.wav"
NUJuiMKbyhc, "GTA 3 6 Stars.wav"
NUJuiMKbyhc, "GTA 3 6 Stars.wav"
NuZqqcO2_Ok, "Siren on a 02 Mustang GT  SirenPros.com.wav"
NuZqqcO2_Ok, "Siren on a 02 Mustang GT  SirenPros.com.wav"
O7Ae53L5U1Q, "code 3 siren all tones.wav"
OLVYyUZrDdE, "Compagnie inzet Harlingen grip 3 Zeer veel Brandweervoertuigen met spoed..wav"
OY6OMbGAovE, "Whelen Alpha Series 12R - 100W Siren.wav"
OY6OMbGAovE, "Whelen Alpha Series 12R - 100W Siren.wav"
Pi4In494rAg, "[New video] Toronto Police shoot Sammy Yatim on TTC street car.wav"
Pn-iPvAD7aA, "Police Siren Demo L38.wav"
Py4g6GeGHjQ, "Engine 21 response to a Working House Fire in Millersburg.wav"
Py4g6GeGHjQ, "Engine 21 response to a Working House Fire in Millersburg.wav"
QO5mHY6Y5h4, "Midnight Club Los Angeles - Highspeed Police Chase Pursuit with Dodge Charger RT Police Car.wav"
QO5mHY6Y5h4, "Midnight Club Los Angeles - Highspeed Police Chase Pursuit with Dodge Charger RT Police Car.wav"
RQeDG6hDGl0, "Fake Call To 108 Ambulance.wav"
RZIVGgQzUJU, "Lord Protect My Soul.wav"
RZIVGgQzUJU, "Lord Protect My Soul.wav"
RscrFWDOntw, "Wildland Fire Front Line.wav"
Rtel5iGCPO8, "Station 2 Full House Response! Lots Of Horn.wav"
Rtel5iGCPO8, "Station 2 Full House Response! Lots Of Horn.wav"
STs2rg4uLF0, "100W Vehicle Bull Horn Loud Speaker and Siren System - 6 Sounds.wav"
SXQF06ZPEi8, "Newtown, Connecticut Shooting - Motivations Behind Mass Shootings - ABC News.wav"
SXQF06ZPEi8, "Newtown, Connecticut Shooting - Motivations Behind Mass Shootings - ABC News.wav"
SsYJ8SRGCVg, "FDLC Engine 22 Responding to a Building Fire..wav"
UNERF2UwHXk, "ARMA 2 Island Life - High Speed.wav"
UNERF2UwHXk, "ARMA 2 Island Life - High Speed.wav"
UbkUtLiMNSI, "Grand Am Uprighted After Arlington Heights Accident.wav"
VT_BC6l_HeY, "GTA 5 Insane Moments - #22 (Grand Theft Auto V Compilation).wav"
VXI3-DI4xNs, "Fire Engines, Police Cars and Ambulances responding - Compilation 22.wav"
WQWUEZtm8Jw, "Part4 緊急走行!!日本全国より消防車救急車300台大集結!!第5回緊急­­­消防援助隊全国合同訓練 Japanese Fire Engine Rescue Training.wav"
WQWUEZtm8Jw, "Part4 緊急走行!!日本全国より消防車救急車300台大集結!!第5回緊急­­­消防援助隊全国合同訓練 Japanese Fire Engine Rescue Training.wav"
W_1YEyhD3ko, "トミカ広島県警察 VS アウトレイジ軍団.wav"
Wqn38dNWFsc, "Police Officer Crime City.wav"
WtvSnE0-N4M, "Police, Ambulances & Fire Engine responding & onscene to a collision.wav"
XW1WkG6ADtQ, "Federal Siren PA300 SERIES.wav"
XW1WkG6ADtQ, "Federal Siren PA300 SERIES.wav"
Y9ys-Yx5_j0, "Rallye Rejviz 2007 - Ambulance Parade 3.wav"
Y9ys-Yx5_j0, "Rallye Rejviz 2007 - Ambulance Parade 3.wav"
ZCgE23s5bt0, "Engine Tanker 14, Chambersburg PA MVA run in Gettysburg - Awesome powercall and Q!.wav"
ZCgE23s5bt0, "Engine Tanker 14, Chambersburg PA MVA run in Gettysburg - Awesome powercall and Q!.wav"
ZGNVQpRqZ4Y, "Hořící SCANIA.wav"
ZQnAtQmUhKQ, "Amoklauf in Münchener Einkaufszentrum - Einsatzfahrten.wav"
_VhZ0z8UlD0, "Bone County Fire Department Pierce Engine Code 3 - GTA SA.wav"
_lkuZpt1Jt0, "Fire Truck Fail To Yield.wav"
_lkuZpt1Jt0, "Fire Truck Fail To Yield.wav"
aLHxMaT3uYg, "2012-03-30 ĆWICZENIA POWIATU PSZCZYŃSKIEGO.wav"
aOmRbSkPdVw, "Orange County Fire Rescue Station 66 Trucks responding.wav"
a_mdhaQPQ3w, "Bisiklet İçin Işıklı Polis Sireni.wav"
bDNz4NDWzaM, "Saint Paul MN Fire Station 8 Responding, 8_13_12 - _Code 3.wav"
bublmh2Nm-M, "2010 Farmingdale,ny Fire Department Columbus Day Parade part 3 of 3 10_10_10.wav"
d04-EBJMLsA, "Parada wozów ochotniczej straży pożarnej w Pensylwanii (USA) _ Fire Truck parade in Pennsylvania.wav"
d04-EBJMLsA, "Parada wozów ochotniczej straży pożarnej w Pensylwanii (USA) _ Fire Truck parade in Pennsylvania.wav"
d04-EBJMLsA, "Parada wozów ochotniczej straży pożarnej w Pensylwanii (USA) _ Fire Truck parade in Pennsylvania.wav"
eJpxPl22F6w, "Gibsons Fire Engine 1, Engine 3 & Rescue 1 Responding.wav"
f9rClVI52e0, "GTA - The Ballad of Gay Tony - Club Management Errand #4 - Poppy Mitchell.wav"
fFzUndjB_bU, "GTA SA  - Engine 13 Responding to grass Fire in Fli.wav"
fFzUndjB_bU, "GTA SA  - Engine 13 Responding to grass Fire in Fli.wav"
fKBY2_IG86g, "消防車両緊急走行集パート２７.wav"
gjroPMQJ3M8, "Crazy Polish Car Alarm.wav"
gjroPMQJ3M8, "Crazy Polish Car Alarm.wav"
huMQnPm6qK0, "Part1 緊急走行!!爆音サイレン300台!!消防車救急車日本全国より大集結!!第5回緊急消防援助隊全国合同訓練 Japanese Fire Engine Rescue Training.wav"
huMQnPm6qK0, "Part1 緊急走行!!爆音サイレン300台!!消防車救急車日本全国より大集結!!第5回緊急消防援助隊全国合同訓練 Japanese Fire Engine Rescue Training.wav"
j1N909f8Obg, "FROZEN ELSA BIRTHDAY WITH RAPUNZEL BELLE ANNA CINDERELLA OLAF MAGIC CLIPS.wav"
j1cL9eMKgck, "東京消防庁　緊急走行　11.wav"
jhOQDoavJvk, "ATTEMPTING_ to respond CODE 3. New York City Fire engines  truck Times Square.wav"
jvRhGrWnQLA, "[big collection] London Metropolitan Police.wav"
lXZvyoTPpoc, "FIRE TRUCK IN GINZA - TOKYO FIRE DEPARTMENT.wav"
lYYKDnied3g, "Panavia Tornado Hard Landing.wav"
ldPcujHM1RQ, "Road Ripper Emergency Ambulance WORLDS BEST RESCUE TOY.wav"
liDk5JhUyoQ, "Полиция США Беспредел.wav"
liDk5JhUyoQ, "Полиция США Беспредел.wav"
lnClssYHVsE, "PW Gamet GAM 150 - Siren demo_Test sygnałow dźwiekowych.wav"
mmL5v36jxhQ, "Malibu High School 2015 - Every 15 Minutes.wav"
mmL5v36jxhQ, "Malibu High School 2015 - Every 15 Minutes.wav"
n5CNDVuGtK0, "Road to Arkham Knight - Batman Begins - Fear Toxin - Gameplay Walkthrough Part 2.wav"
n5CNDVuGtK0, "Road to Arkham Knight - Batman Begins - Fear Toxin - Gameplay Walkthrough Part 2.wav"
nagRgYmxhx8, "EVERYBODY POOPS (8.22.12 - Day 1210).wav"
ne4IMxs-hMk, "Thunderbolt 1003 Sounding ''HI-LO'' (Fire) Signal - Silverstreet, SC 11_17_12.wav"
oKQ81e_wp1s, "Brandweer Middelburg 1999 diverse voertuigen met spoed.wav"
p6qP4VjBT6Y, "Getting pulled over is this woman’s ticket to marriage.wav"
pC_R_4iYp-M, "Sirens gone beserk!.wav"
pC_R_4iYp-M, "Sirens gone beserk!.wav"
pD4AgkHStLU, "Terminator 3 scene with T2 music.wav"
psEwlH67wBM, "DIE ATZEN - Party (Ich Will Abgehn).wav"
psEwlH67wBM, "DIE ATZEN - Party (Ich Will Abgehn).wav"
rOLZwhvVT8I, "Engine 41 Responding on a structure fire.wav"
s1L8oRfvGf0, "B-3 y S-1 C.B.Ñ a Incendio Forestal.  Engine 3 and Rescue 1 Responding to Wild Fire.wav"
sySBWsgVk5Y, "VIP Escort.wav"
t2DrvtWfCqE, "EXTREMELY RARE_ 6 West Shore RCMP units & 2 BC Ambulance units responding.wav"
t2DrvtWfCqE, "EXTREMELY RARE_ 6 West Shore RCMP units & 2 BC Ambulance units responding.wav"
u9aHjYGbl5o, "[消防車・救急車・緊急車両サイレン走行] 緊急消防援助隊中部ブロック合同訓練 緊急走行・活動編 [Emergency vehicle] 2014.11.16.wav"
vAyqGgwby8w, "Official Saffron Dance Shimmy Flash Mob Clarendon 2011.wav"
vSUTqtuykDc, "London Police Volvo in action cool english siren.wav"
vqhJYScDw9k, "Mark Lanegan - I'm Not the Loving Kind.wav"
wBxdxy9nTkg, "إخلاء الطريق للأسعاف بطريقه جميله.wav"
wBxdxy9nTkg, "إخلاء الطريق للأسعاف بطريقه جميله.wav"
wE9Wmfcscic, "Mentő vs baromarcú.wav"
weJn1J9RQcI, "firetruck makes noise.wav"
wwWMqxv5bpM, "federal signal smart siren ss 2000.wav"
xHTMsmh7keA, "Federal Signal PA-300R - Siren Demo_Test sygnałów dźwiękowych.wav"
xOdntZSjcds, "Bhorjut_LBC  - SIRINE 2 in 1 ( Landun aviat mode + Whelen HM ).wav"
xf0s8sYidso, "Two Ambulance Cars in France with cool Siren.wav"
ysNK5RVF3Zw, "New International Terra star ambulance for Newport Delaware 2014 lights siren and horn test.wav"
ysNK5RVF3Zw, "New International Terra star ambulance for Newport Delaware 2014 lights siren and horn test.wav"
