Error on file with url: -35_gJSKJkk
Error on file with url: -4F1TX-T6T4
Error on file with url: -8uyNBFbdFc
Error on file with url: -GPv09qi9A8
Error on file with url: -Hi-WpRGUpc
Error on file with url: -KsPTvgJJVE
Error on file with url: -KsPTvgJJVE
Error on file with url: -Z3ByS_RCwI
Error on file with url: -bs3c27rEtc
Error on file with url: -dcrL5JLmvo
Error on file with url: -oEGuMg8hT4
Error on file with url: -s407wi2EyM
Error on file with url: -wjMEQEpN9s
Error on file with url: 02u3P99INjs
Error on file with url: 09KQtcTRE8o
Error on file with url: 0FqZ-wKg69I
Error on file with url: 0NbD6uE39xo
Error on file with url: 0UYyB5EqrDU
Error on file with url: 0UYyB5EqrDU
Error on file with url: 0WWGckXNRZs
Error on file with url: 0aSsMpMfKGo
Error on file with url: 0baDG4dhzqA
Error on file with url: 0loWR805Dl0
Error on file with url: 0mti65axD8I
Error on file with url: 0pMmmz_4JG0
Error on file with url: 0pxGOdCrgyA
Error on file with url: 0vKWXrc8PZo
Error on file with url: 0xbnKT0lTZY
Error on file with url: 10R2yQUbKzc
Error on file with url: 12K4PFm6afY
Error on file with url: 18MlV2iO1cQ
Error on file with url: 18MlV2iO1cQ
Error on file with url: 18MlV2iO1cQ
Error on file with url: 1APNTwNo65g
Error on file with url: 1AhXhPA17_4
Error on file with url: 1Lws8xqLpZQ
Error on file with url: 1PPn02f5M2U
Error on file with url: 1PPn02f5M2U
Error on file with url: 1RcjvfLX8Ms
Error on file with url: 1RcjvfLX8Ms
Error on file with url: 1T1i2rny8RU
Error on file with url: 1cQUK4inWkA
Error on file with url: 1dFXEf-DTlo
Error on file with url: 1lPwtGlufbA
Error on file with url: 1o4H9mfalXs
Error on file with url: 1vgcL9jeTcU
Error on file with url: 23oubF45OQM
Error on file with url: 279LS-xMjH8
Error on file with url: 2A0s2knQdqw
Error on file with url: 2Hd34MZOSvQ
Error on file with url: 2KQ4TjgVe3M
Error on file with url: 2S3bd7jBX0Q
Error on file with url: 2_KQUcAoy4Q
Error on file with url: 2e34DOMkQzc
Error on file with url: 3-xsTZJtcdY
Error on file with url: 3ICwlrO9hI8
Error on file with url: 3OUIr-81n4E
Error on file with url: 3PlrZ-u9rKc
Error on file with url: 3SH8VjlH5Wc
Error on file with url: 3SJcEcHB3m4
Error on file with url: 3Sf62xwKEsk
Error on file with url: 3T1z1c3Z_Es
Error on file with url: 3UWJsGeBTCA
Error on file with url: 3XxUh9AzJ2o
Error on file with url: 3c-YDuQ6-Uk
Error on file with url: 3hhO9X6Vq94
Error on file with url: 3j6FNm27W3s
Error on file with url: 3klRscpF_G8
Error on file with url: 3kuXJo9TDw8
Error on file with url: 3p6hTajLFCc
Error on file with url: 3wE9pAYjDPs
Error on file with url: 3xF6fsn511Y
Error on file with url: 3y5zs89uKjc
Error on file with url: 45Ii_aBY9Q4
Error on file with url: 495SjWHEz7Q
Error on file with url: 4RrIsKqFt0g
Error on file with url: 4Sej6om9bSM
Error on file with url: 4UPX9Z6O7u0
Error on file with url: 4Zp2YHhr_jg
Error on file with url: 4bl-XDJtoxw
Error on file with url: 4jI1Y6D2Of0
Error on file with url: 4ki-ama6SuM
Error on file with url: 4n2oXOSBaGQ
Error on file with url: 4qOSWyC_7J4
Error on file with url: 4qOSWyC_7J4
Error on file with url: 4sCLQ23qx_k
Error on file with url: 4sCLQ23qx_k
Error on file with url: 4vmcwc4FXR8
Error on file with url: 507nWGsJB7w
Error on file with url: 50xBQGhYt2k
Error on file with url: 52AVqZ_AwRU
Error on file with url: 52AVqZ_AwRU
Error on file with url: 5E52wVrjG4Q
Error on file with url: 5LF-vfBJWxI
Error on file with url: 5OgbvwbiZ9E
Error on file with url: 5OgbvwbiZ9E
Error on file with url: 5TnkeozGLWA
Error on file with url: 5V7oCwvFqDU
Error on file with url: 5VPId4-73YI
Error on file with url: 5WMdMg_kiA4
Error on file with url: 5XO3ot5rF7Q
Error on file with url: 5hRr39OVOds
Error on file with url: 5nwMi6jIBsw
Error on file with url: 5qru66MuyJc
Error on file with url: 5qru66MuyJc
Error on file with url: 5rBMz_y6oQU
Error on file with url: 5sk9owk0DE0
Error on file with url: 5v96c3om-dY
Error on file with url: 5ytK03T84Kc
Error on file with url: 61URE_UeE8A
Error on file with url: 68v05KO6CVg
Error on file with url: 6Le2jBOkqFs
Error on file with url: 6OJoUpFP6SA
Error on file with url: 6QFtkwpqGCo
Error on file with url: 6SOTtKOTPFw
Error on file with url: 6WzuCRXvA_0
Error on file with url: 6jUhJzJ7nes
Error on file with url: 6jUhJzJ7nes
Error on file with url: 6nr3SWNml9A
Error on file with url: 6q1I7THtd8w
Error on file with url: 6q1I7THtd8w
Error on file with url: 6wj09lGWBDc
Error on file with url: 73N3t7lnlxg
Error on file with url: 7DH5fqj8j6Q
Error on file with url: 7Gb-eKKHT6o
Error on file with url: 7MRw_lR2kRI
Error on file with url: 7RLPEEjSShM
Error on file with url: 7XKhEBs4hdw
Error on file with url: 81Hi898O3wk
Error on file with url: 82E9oEsuKvI
Error on file with url: 82E9oEsuKvI
Error on file with url: 87E41BISp3Q
Error on file with url: 8CyNoJnyoKc
Error on file with url: 8H19w8cjF44
Error on file with url: 8L2S9BFaJbk
Error on file with url: 8_gWkfiTFlI
Error on file with url: 8awbdjdBNCg
Error on file with url: 8eNsI4ynKSE
Error on file with url: 8l3ccRc_Ljw
Error on file with url: 8ow0JzYKUFo
Error on file with url: 90177TPeR2g
Error on file with url: 96cUse1-UZ0
Error on file with url: 96cUse1-UZ0
Error on file with url: 9CJtkRSET9Y
Error on file with url: 9DCBG2ZKDU8
Error on file with url: 9FOMrxqC_7g
Error on file with url: 9H6FLDiM4gg
Error on file with url: 9H6FLDiM4gg
Error on file with url: 9KXoW5jdVpE
Error on file with url: 9MYkME4T2Lg
Error on file with url: 9OFUd38sBNM
Error on file with url: 9PwNV1UID84
Error on file with url: 9W6VoKOWt6Q
Error on file with url: 9X4HqX_nIpA
Error on file with url: 9cIZEnf862s
Error on file with url: 9cIZEnf862s
Error on file with url: 9cIZEnf862s
Error on file with url: 9cW--NcKqI4
Error on file with url: 9cW--NcKqI4
Error on file with url: 9fxupLb-zgE
Error on file with url: 9fxupLb-zgE
Error on file with url: 9hh4kt24vZo
Error on file with url: 9mjfxLFTeqI
Error on file with url: 9mw0s8nddPE
Error on file with url: 9mw0s8nddPE
Error on file with url: 9nN1fh2uYww
Error on file with url: 9nN1fh2uYww
Error on file with url: ADIuUj7VfrY
Error on file with url: ADs4idbXjyo
Error on file with url: AEi604wFG6Q
Error on file with url: AEi604wFG6Q
Error on file with url: AFb5-2psmXo
Error on file with url: AFgGoY8Ihhg
Error on file with url: AKzROy8SPvA
Error on file with url: AOeyIlO8KQk
Error on file with url: APQZVq1pMsU
Error on file with url: APQZVq1pMsU
Error on file with url: AQHARIbXPK0
Error on file with url: AXx2KAj4nK8
Error on file with url: AYvk7_qUARA
Error on file with url: AeQY28A72AE
Error on file with url: AfsghWF11bg
Error on file with url: AjXQTSc-Igg
Error on file with url: Alp3ErS_RQQ
Error on file with url: Ao6_gAiv5bg
Error on file with url: Aq_MCqbp398
Error on file with url: AyuVfzPwiwg
Error on file with url: B1UVMOZzgtI
Error on file with url: B2E3F_gibY4
Error on file with url: B4137-ZDsEU
Error on file with url: B6U37lYukkA
Error on file with url: BA_L_wD-U74
Error on file with url: BI7gbKbxMe0
Error on file with url: BcP_2_dipYE
Error on file with url: BdB-ThOuKAY
Error on file with url: Bl--SbtlHWw
Error on file with url: Bl--SbtlHWw
Error on file with url: C28PaxKpZJg
Error on file with url: CAcS4D26aO0
Error on file with url: CAv2L-ZHu1E
Error on file with url: CF78-TIXN5I
Error on file with url: CN5k-jr8oAw
Error on file with url: CP0zcTFmu8I
Error on file with url: CQAhcz-Vzaw
Error on file with url: CbxTCVM0I_E
Error on file with url: CdKFRgUFkZ0
Error on file with url: Cgpz6o5_NWk
Error on file with url: Cgpz6o5_NWk
Error on file with url: ChMq3QVF0_Q
Error on file with url: ChMq3QVF0_Q
Error on file with url: ClZpXQ-2IB8
Error on file with url: Crmav2JMwfs
Error on file with url: Cv0E4d1s4k0
Error on file with url: D527HiWEla8
Error on file with url: DEmdYL_VcLA
Error on file with url: DI2r6XST2XU
Error on file with url: DKbPZjiOs8s
Error on file with url: De7mZz2elXs
Error on file with url: DeBAlPOwpNI
Error on file with url: Dt5gzDF6DEM
Error on file with url: DuP41z1GKn4
Error on file with url: DwnETQ3ONMk
Error on file with url: DygcE1MpnTI
Error on file with url: E-M7jQwjtUI
Error on file with url: E1H_6LjljHo
Error on file with url: E1xYQ9T7t0U
Error on file with url: E5FpCDVszyM
Error on file with url: E5XqPOzFnfI
Error on file with url: E6i9AKBYiKg
Error on file with url: E6sS2d-NeTE
Error on file with url: EA356TK2rCg
Error on file with url: EP0YsnYG_v4
Error on file with url: ERkQBkD4oJ8
Error on file with url: ESs9gHPnKK0
Error on file with url: ET_ReejWJgI
Error on file with url: EVQ5A56WWug
Error on file with url: EVy7k4n3tTs
Error on file with url: EYM2bZH0Qyk
Error on file with url: Ebo2sQyeP7I
Error on file with url: EeT-5h97tu8
Error on file with url: EnCdknnzazU
Error on file with url: EpqhsgnFy7g
Error on file with url: EywdMYJJuCI
Error on file with url: F1QlH3S0lfQ
Error on file with url: F4BwW-iGdaQ
Error on file with url: F6h17EsddvQ
Error on file with url: F6h17EsddvQ
Error on file with url: FDRT6uSjVYc
Error on file with url: FELKqYC676M
Error on file with url: FH0IHgpzJbA
Error on file with url: FI1hEB4_TrM
Error on file with url: FLeZ8ae_Do4
Error on file with url: FLlsv6hhAeE
Error on file with url: FMdxqkR9SQU
Error on file with url: FN9vntLWqiM
Error on file with url: FNF9S_g_VFM
Error on file with url: FZHiilQUYFg
Error on file with url: Ff17VgRHVBY
Error on file with url: Fk4-233HZns
Error on file with url: Fl60r5bAJTM
Error on file with url: FwBqP8LM01I
Error on file with url: FxbNxUJK71w
Error on file with url: GHHW2BnIfIg
Error on file with url: GI2qroDSQTk
Error on file with url: GPFcPblY2C4
Error on file with url: GQUnifZLQyg
Error on file with url: GU339RaWTmc
Error on file with url: GfLOs-YSL6o
Error on file with url: GnG0is6aoqE
Error on file with url: GoMH9AL7YRA
Error on file with url: GvtJ_5Ab5eA
Error on file with url: H3ZzAOkMqHM
Error on file with url: H6fKHDon36s
Error on file with url: H7ZugYM2-gM
Error on file with url: HBGIZG3hepI
Error on file with url: HBL9xbmC4Po
Error on file with url: HFTfES3CBI0
Error on file with url: HFZHOOhhtTM
Error on file with url: HFZHOOhhtTM
Error on file with url: HHI2bGHyM0o
Error on file with url: HJn3DWoMfaU
Error on file with url: HN44iil7vig
Error on file with url: HN44iil7vig
Error on file with url: HTMucjCV7KM
Error on file with url: HaKaWdQA2lE
Error on file with url: HmVzX2pSsk8
Error on file with url: HmkBwtyloy4
Error on file with url: Hpm0MqGUCGs
Error on file with url: Hr3uFx5tZQw
Error on file with url: HwpJ50YhJUI
Error on file with url: Hx2YSuB9__g
Error on file with url: HxNRfzIacPg
Error on file with url: Hx_PxvAjCvA
Error on file with url: I-zLi9dl-tg
Error on file with url: I1X6eW5YZCI
Error on file with url: I8A6aOgL3t4
Error on file with url: I9DZ5KwHdbU
Error on file with url: I9csep0GAZ4
Error on file with url: ICBJAU36KN8
Error on file with url: IG_cIQneeQE
Error on file with url: IIUupJ7uHSk
Error on file with url: IIUupJ7uHSk
Error on file with url: IIkqMpPgRcI
Error on file with url: IIkqMpPgRcI
Error on file with url: IJvr-LmQL6c
Error on file with url: ITQNxkJrqOk
Error on file with url: Ia4FSdXJhc8
Error on file with url: IieMyEQ9wcU
Error on file with url: IieMyEQ9wcU
Error on file with url: InkWkmAVRqg
Error on file with url: Iu6HcrvGIh0
Error on file with url: Iy-JwTZQlpo
Error on file with url: Iyyrm16i22w
Error on file with url: IzcOSItlKJk
Error on file with url: J58gUL3Mr4M
Error on file with url: J9DFZGQbw2A
Error on file with url: JPhvC0zYhh0
Error on file with url: JPhvC0zYhh0
Error on file with url: JRf8miy0nsk
Error on file with url: JSBJwIUC8UM
Error on file with url: JSuUyOociUo
Error on file with url: J_j9DJXCXg4
Error on file with url: JsF0cyKD0UQ
Error on file with url: JxRtY82B9gE
Error on file with url: JxU47PNGyzo
Error on file with url: K8rgboU4Le4
Error on file with url: KHthZAyJOLY
Error on file with url: KHvh_9Pu0sY
Error on file with url: KPk01j1f4ZE
Error on file with url: Kc5-3GCak98
Error on file with url: KlRGLudTo4E
Error on file with url: KlRGLudTo4E
Error on file with url: KlRGLudTo4E
Error on file with url: KsI_jehuxKU
Error on file with url: KzT6H91Wjo8
Error on file with url: L4XjN9ixl1M
Error on file with url: L7uDSyDXZ8c
Error on file with url: L9zxCA3qWDM
Error on file with url: LBiR8yujafk
Error on file with url: LGWSVZas5eQ
Error on file with url: LJLKpqVHXRo
Error on file with url: LOfmWBaODqs
Error on file with url: LQdBczSrxh4
Error on file with url: LW-smb-0GXs
Error on file with url: LWAvTsdpreo
Error on file with url: LajT4Zf0PQU
Error on file with url: Lh0UmwRgA7s
Error on file with url: LoX9hcUYux8
Error on file with url: LpVgfQFPSBQ
Error on file with url: LroT8c4qWlM
Error on file with url: Lx0GfS5FOXs
Error on file with url: Lx0GfS5FOXs
Error on file with url: LyMLSUjiqpg
Error on file with url: M2N9RnCiLUI
Error on file with url: MB7wIzlwsfo
Error on file with url: MBfO-dTrpKc
Error on file with url: MJVQ_Q1yMBY
Error on file with url: MN_59HP9-vM
Error on file with url: MOR57dMKZck
Error on file with url: MiSKJdFb0B8
Error on file with url: MjDWJJyD0S0
Error on file with url: Mp2fF4u2DRo
Error on file with url: MrCVfp2PhSw
Error on file with url: MsX3fUKkZcY
Error on file with url: MtYGezGQD8E
Error on file with url: Mv-pJiDI8uM
Error on file with url: MyZkvICIbsY
Error on file with url: NBdAIZNcPVo
Error on file with url: NCnxDcaltzo
Error on file with url: NGLorP-i2SI
Error on file with url: NH2wE1jnUwo
Error on file with url: NK1CN9LjJZY
Error on file with url: NQ1ylvszRY8
Error on file with url: NQ1ylvszRY8
Error on file with url: NWfy8x9VK2I
Error on file with url: NcjxxJSZ9iM
Error on file with url: NeHKzC0rVVo
Error on file with url: Nkugm1VeQ_8
Error on file with url: Nn1DZQf4aHc
Error on file with url: NptGIwHV91s
Error on file with url: O4uv0JJTVzw
Error on file with url: OE7oEK1b3y8
Error on file with url: OECLbMXSOVk
Error on file with url: OHd6oNnQQBs
Error on file with url: OK_3NWWadT0
Error on file with url: OMn3iCtGrjE
Error on file with url: OSq9A5xgD-Y
Error on file with url: OYzHPE-jkNg
Error on file with url: Ob7bckIdt_0
Error on file with url: OcCxao5pKKI
Error on file with url: Ock5wHE7XNQ
Error on file with url: OdAvEK2Rul8
Error on file with url: OgYCs79Q07k
Error on file with url: OqjAUinijCI
Error on file with url: OqjAUinijCI
Error on file with url: Oql5lhvAfCw
Error on file with url: Ox8ls05UaXc
Error on file with url: OyHrvUJypnA
Error on file with url: PA6lCcUWtEw
Error on file with url: PD1QsX83uxw
Error on file with url: PGs01g-0X2o
Error on file with url: PMEEuSiF4V0
Error on file with url: PMtI0VTmHwI
Error on file with url: PPGJEn6sP9A
Error on file with url: PQEk590YVs0
Error on file with url: PTfkYnRM1No
Error on file with url: PUpTQECvVNc
Error on file with url: PcQf3aKLnlQ
Error on file with url: PlX1lssY8xQ
Error on file with url: PpQo4AXuAlc
Error on file with url: PpQo4AXuAlc
Error on file with url: Pt9sLmcgLn4
Error on file with url: Pt9sLmcgLn4
Error on file with url: Pt_iaP41Vw8
Error on file with url: Pu18EadA07A
Error on file with url: Q02QtH_Yr3g
Error on file with url: Q2IuMhnpClw
Error on file with url: Q53vKgSNwes
Error on file with url: Q6o1WUFTp9o
Error on file with url: QAz9mwRHoHc
Error on file with url: QCj716yKZJE
Error on file with url: QK5Nauz6WX4
Error on file with url: QT8w1X7a9QM
Error on file with url: QVZ48hO0N58
Error on file with url: QXEq7sE7dqg
Error on file with url: QXfLpF-sVpk
Error on file with url: QiF5W9iZtak
Error on file with url: QkQddiNhJ-s
Error on file with url: QlbO_9HmGdg
Error on file with url: QnYHXJHY59w
Error on file with url: Qy33t4DdFos
Error on file with url: R-5CBMHGhxw
Error on file with url: R4tXqNFRXdw
Error on file with url: RO-vUZiVx58
Error on file with url: RRh9pSDHJqg
Error on file with url: RRh9pSDHJqg
Error on file with url: RVsX17qLtS8
Error on file with url: RY56F0rOtSk
Error on file with url: RckbXaEqRi8
Error on file with url: RckbXaEqRi8
Error on file with url: RdbvmhludTM
Error on file with url: RdyvvM5TNko
Error on file with url: RkFdlE9rMss
Error on file with url: RlPNRLrElQA
Error on file with url: Rq2GYFLQfYY
Error on file with url: S2b5ccSkXAM
Error on file with url: SABECRzsscY
Error on file with url: SIaHz2DcrS4
Error on file with url: SJJtd4PIKc0
Error on file with url: S_H0pbdKOMI
Error on file with url: S_H0pbdKOMI
Error on file with url: SmRXdw1WS0Y
Error on file with url: Sttf8slYAJg
Error on file with url: SwPJBG54ets
Error on file with url: SyA4-pOlERg
Error on file with url: SyA4-pOlERg
Error on file with url: T3aN_kf-h2E
Error on file with url: T4f8ejjoNYg
Error on file with url: T6FQBJJxk1M
Error on file with url: T9ZcXb-lYEE
Error on file with url: TCxd__aMAJA
Error on file with url: TEy6U03WIQg
Error on file with url: TEy6U03WIQg
Error on file with url: TFO_mJThKyc
Error on file with url: THwLSVz8mJA
Error on file with url: TKwdUSD8Mdo
Error on file with url: TMzA9HVnoEo
Error on file with url: TN81pnuMK04
Error on file with url: TN81pnuMK04
Error on file with url: TNugH2zbR3k
Error on file with url: TOHTurJBuTg
Error on file with url: TfYc-eh6cxQ
Error on file with url: TwvuJog3s2k
Error on file with url: U1clDmur6BA
Error on file with url: UAj7DV_KOko
Error on file with url: UAj7DV_KOko
Error on file with url: UE4yPXplki4
Error on file with url: UEVauPbOgas
Error on file with url: UFEgYB4MxCo
Error on file with url: UVg93R2_J0w
Error on file with url: UeGA491vTmg
Error on file with url: Utqh2M80nJM
Error on file with url: V5vtM1a7ato
Error on file with url: V8BmT2xUYhQ
Error on file with url: VB8VoADbaTE
Error on file with url: VG1x0c23e3Y
Error on file with url: VGCRXRLdv18
Error on file with url: VQmChtetLyQ
Error on file with url: VRJDIjMtYos
Error on file with url: VVAmmjHP6to
Error on file with url: VauMV5TivNo
Error on file with url: VbUvbITtZVQ
Error on file with url: Vg7tT-uMn-s
Error on file with url: VnLUjMD-6K4
Error on file with url: VpFTRW2yfNs
Error on file with url: VqczA8N9pqM
Error on file with url: VxDv-YzUBN4
Error on file with url: VxFr3VtW7_8
Error on file with url: VzRyV5ThOAI
Error on file with url: W-iBuZnDAw4
Error on file with url: W3UBidgMKCc
Error on file with url: W3qcyPgjpps
Error on file with url: W8R9fj3e0Jk
Error on file with url: WR69OBSeFw4
Error on file with url: WRunh8p9cfI
Error on file with url: WUOPf6i1d18
Error on file with url: WkDwLxv8IiI
Error on file with url: Wkg_YGT8-k0
Error on file with url: WuQMDn8NnLA
Error on file with url: WvnwSODIfLk
Error on file with url: WyQKm2TcNF8
Error on file with url: X2OQgjBVABQ
Error on file with url: X6oSPgf5Nmw
Error on file with url: XD1h9K58RlE
Error on file with url: XThsCjcIeME
Error on file with url: XVmAhLKFwqo
Error on file with url: XgSjE8ng-WY
Error on file with url: XgSjE8ng-WY
Error on file with url: XnAfKjpTpq8
Error on file with url: XohYygWjWGs
Error on file with url: XqsWCxOgCu4
Error on file with url: XriU5Jgf3CA
Error on file with url: XriU5Jgf3CA
Error on file with url: XyNiVT5320g
Error on file with url: Y6LjNQ3nSz8
Error on file with url: YE6YosFvDyo
Error on file with url: YG2-0TUA1xw
Error on file with url: YKSc8S8VNDo
Error on file with url: YN6fjThvoyY
Error on file with url: YTIsfJGTfc0
Error on file with url: YU9CxS2jmO8
Error on file with url: YVEyDYgq_NM
Error on file with url: YhEQ1nsnAmc
Error on file with url: YkX3BT-WRn8
Error on file with url: YkeLWLgHdx8
Error on file with url: YoGfsvQOEWc
Error on file with url: YpZQVjcjEuM
Error on file with url: YsJbLdCRN_E
Error on file with url: YtcusbSBbt8
Error on file with url: YxyHCnmfvZw
Error on file with url: YzEvQsN9RW4
Error on file with url: Z-MvARdtStU
Error on file with url: Z1OozsPAVU8
Error on file with url: Z34SD-OEpJI
Error on file with url: Z7EnfwCOsz0
Error on file with url: ZLC6Unmf9GE
Error on file with url: ZeF8GYRbeI0
Error on file with url: ZeF8GYRbeI0
Error on file with url: ZeO56yvUlgs
Error on file with url: Zkw2obwOwb4
Error on file with url: Zmk57MkEwCc
Error on file with url: ZzFLTeZpyPA
Error on file with url: _AlSEyOOZiA
Error on file with url: _FHnKIh8XCc
Error on file with url: _Li3SFJAVBA
Error on file with url: _Li3SFJAVBA
Error on file with url: _NacKwDd3VA
Error on file with url: _PornllQjaY
Error on file with url: _VAypWQbEhw
Error on file with url: _gOy0YxSd9k
Error on file with url: _mo2FmLnGaQ
Error on file with url: _oWU6m5ZGf4
Error on file with url: _ujuY4uDUc8
Error on file with url: a0pCbgZP0mY
Error on file with url: aAl1aeZmF0M
Error on file with url: aCpx30GghJ4
Error on file with url: aDcNHoY_BYA
Error on file with url: aE0GxpXyCaA
Error on file with url: aVvWlBfJlg8
Error on file with url: aceEBQUza0A
Error on file with url: adnssBz-gck
Error on file with url: adnssBz-gck
Error on file with url: afMTzsornFw
Error on file with url: aieaEYUvU4I
Error on file with url: ajKdt4stWnU
Error on file with url: akPCyzQcOp4
Error on file with url: asJ7UFh-lBw
Error on file with url: attauSOGwBw
Error on file with url: b5Ql-dXjFTM
Error on file with url: bEDOTWdjLBA
Error on file with url: bEhblF0NbKQ
Error on file with url: bHuHHXn2WBA
Error on file with url: bIp7a_b_IdQ
Error on file with url: bWP33a9XzeY
Error on file with url: bZolIHtfkTE
Error on file with url: babIg8ZbSxA
Error on file with url: bk02QxfXHqg
Error on file with url: bqVCsxE70nw
Error on file with url: bqdt0RzCbk4
Error on file with url: brDFepL2X-g
Error on file with url: bsU-6S90Qos
Error on file with url: bwYtf60cVZ8
Error on file with url: cF9EqA2rjqY
Error on file with url: cFBX6TOSORg
Error on file with url: cI6q7KkgNZE
Error on file with url: cI6q7KkgNZE
Error on file with url: cLstzSAsncQ
Error on file with url: cQZPdNkNuXU
Error on file with url: cRER6rDc1oo
Error on file with url: cW8ZF5kQnMU
Error on file with url: cYFVCyV4eTQ
Error on file with url: cbk9mHK5viE
Error on file with url: chiC0eyeahE
Error on file with url: cjAKKdby2Ro
Error on file with url: cqGyWg-uwiw
Error on file with url: crC1Xe8490I
Error on file with url: cu1RVfdBvOg
Error on file with url: cv88Y13ODH4
Error on file with url: cyDh03I5LqE
Error on file with url: cyDh03I5LqE
Error on file with url: dDge-L0f2wQ
Error on file with url: dJxJTfVE-Zk
Error on file with url: dNdrsk5Cg3I
Error on file with url: dUoMZibtwRg
Error on file with url: dXcSejKVmxc
Error on file with url: dfa-oqnUmYk
Error on file with url: dhG8YEwhxlQ
Error on file with url: djg7HjW9NN0
Error on file with url: dlD6zvGttls
Error on file with url: dlFXMXv3l-0
Error on file with url: dladd-IFWR4
Error on file with url: dlnm9Fk3Rts
Error on file with url: dmXcYgC30lc
Error on file with url: dmkzop356wU
Error on file with url: duXBqpwGdJ8
Error on file with url: duq6KuusaSs
Error on file with url: e0HVMGKpqKU
Error on file with url: e4Nf9H4WBh4
Error on file with url: e55hoJySHZo
Error on file with url: e757chrcoyo
Error on file with url: e7ntleYBV_0
Error on file with url: e98eu4WxNnA
Error on file with url: eIC-f4hT0js
Error on file with url: eKLLYEod9ow
Error on file with url: eKuXLSyKLxY
Error on file with url: eMyIKb2ezF0
Error on file with url: eNKJw6qnvqE
Error on file with url: ePDemSpE3Ho
Error on file with url: eQOxkvLofVo
Error on file with url: eVV8wqRlVnY
Error on file with url: eVV8wqRlVnY
Error on file with url: eWyg3HzR_Qo
Error on file with url: eZm5FEqaAUg
Error on file with url: em3yWbgPwvc
Error on file with url: eoQOU2UYP84
Error on file with url: ethgNv3OMKQ
Error on file with url: f5oq8TRD7wY
Error on file with url: fKb2WLYCQyY
Error on file with url: ff3Fw-wdIZ0
Error on file with url: ffaebHphv4c
Error on file with url: flDg9Y78m5w
Error on file with url: fxqfZGIMeFE
Error on file with url: g7-irDAyGZA
Error on file with url: g7-irDAyGZA
Error on file with url: g84iWFcXeEw
Error on file with url: gMAy6LaDce0
Error on file with url: gSz3d4EMA_Q
Error on file with url: gVrZfaUctps
Error on file with url: ghQEARGchMU
Error on file with url: gkOrRjHeHmQ
Error on file with url: gqvl7BVJhzA
Error on file with url: gqvl7BVJhzA
Error on file with url: h6b8EQ9Rso0
Error on file with url: hISwOKx-3QM
Error on file with url: hPchElamOBE
Error on file with url: hS6aYTE90RY
Error on file with url: hWulLFvObkg
Error on file with url: hYTMVIicFro
Error on file with url: hcg8mDpIlPk
Error on file with url: hcg8mDpIlPk
Error on file with url: heQhbcVVdeQ
Error on file with url: hiXtbDhK2aw
Error on file with url: hjL52syMOeI
Error on file with url: hm9eFfYIHe4
Error on file with url: hsDY5tP_MYo
Error on file with url: hsDY5tP_MYo
Error on file with url: hvIBWHBYEV8
Error on file with url: i6Gk-e8QK4E
Error on file with url: i71sgpuEslk
Error on file with url: iLjuy_9kynk
Error on file with url: iU5q8I84j0U
Error on file with url: iZI0x3l7USE
Error on file with url: i_Wt5zH980M
Error on file with url: inlCCx7BwI0
Error on file with url: iyCeOw7KtBE
Error on file with url: j95kDOczL9Q
Error on file with url: jGYvWVTKE_E
Error on file with url: jIUgUDETNn8
Error on file with url: jKSrUKUQfhQ
Error on file with url: jOwcBmrvIhA
Error on file with url: jPHlTosAIa4
Error on file with url: jq7QHsHhTAw
Error on file with url: jqfEm8Lt0JQ
Error on file with url: juUCUX6f6vs
Error on file with url: juX0CEZ-wSk
Error on file with url: k05xWSiOQmk
Error on file with url: k12k0IJZOmg
Error on file with url: k8C4b7lpj6Q
Error on file with url: kGx4ADOgaQM
Error on file with url: kTPMQ5QMvg8
Error on file with url: kVWs9KGNdnk
Error on file with url: kVvKNrDNENQ
Error on file with url: kWc8aPXEReA
Error on file with url: kt2lgRiMiSY
Error on file with url: l1OB74oXtnA
Error on file with url: l4hUrdEBsbg
Error on file with url: lDqTD1-PTeo
Error on file with url: lFrkSBGtpaY
Error on file with url: lNTR6X9I50E
Error on file with url: lTW8h5f_rjA
Error on file with url: lUwSQfR9yvs
Error on file with url: lUwSQfR9yvs
Error on file with url: lVM9xQw5Tt4
Error on file with url: lWC8g1IEYzY
Error on file with url: laKaoilkVx4
Error on file with url: lfIpEYEdGZ8
Error on file with url: lfzD0gCFpss
Error on file with url: lgfoP3yTm2U
Error on file with url: lotcKUDHImA
Error on file with url: lsPU2eEzxTY
Error on file with url: lwpKMzaFTi0
Error on file with url: m-YecINr7jQ
Error on file with url: m890c5le5kk
Error on file with url: m890c5le5kk
Error on file with url: mAEscXhMtG0
Error on file with url: mCyuwENxb2k
Error on file with url: mIfp34JJsd0
Error on file with url: mN2Cwi0JZzg
Error on file with url: mOz7A6uXIMg
Error on file with url: mOz7A6uXIMg
Error on file with url: mXTBNIinll8
Error on file with url: mb2V0X6qJvM
Error on file with url: mbjWfEoZpnk
Error on file with url: mebI1z3uXqY
Error on file with url: mo_oVc5nX3g
Error on file with url: mqW8ABoW0Zg
Error on file with url: mqW8ABoW0Zg
Error on file with url: mrIqBgnXp0k
Error on file with url: muv7Z9JXcYw
Error on file with url: mvFgT3qlKIw
Error on file with url: mwO1dFyi5N8
Error on file with url: mwdhs5OvEpY
Error on file with url: n-WDEq02zN8
Error on file with url: n0qybv8D0DQ
Error on file with url: n0qybv8D0DQ
Error on file with url: n7PpZ3QPNrA
Error on file with url: n98JBb0VFIY
Error on file with url: n9Lc48YIxMg
Error on file with url: nHiLu70TK5Y
Error on file with url: nKqUuX16MVM
Error on file with url: nRi5gHb29qs
Error on file with url: nTJ_w_JO1RE
Error on file with url: nTJ_w_JO1RE
Error on file with url: nW_-TcrdHzw
Error on file with url: nYrS-DeZk3o
Error on file with url: nZH1c-JSk3A
Error on file with url: n_r2XQedv1c
Error on file with url: noMgae0LxHg
Error on file with url: nyaD0VAGhN0
Error on file with url: o0gy1pkQslw
Error on file with url: o2qZ-P8mRjo
Error on file with url: o9syqVAKXvc
Error on file with url: o9syqVAKXvc
Error on file with url: oKIjglCzg3A
Error on file with url: oMG7nDppDXI
Error on file with url: oNKyLx6suJw
Error on file with url: oO8ZbhypBSQ
Error on file with url: oSowZAco_-c
Error on file with url: oVGenybIM6c
Error on file with url: oY98Ya-6eJI
Error on file with url: odqMC9aklCw
Error on file with url: ovesAgzrBnU
Error on file with url: p-5C8T8ICmA
Error on file with url: p-KKPIOLACE
Error on file with url: p2ErnVyRosg
Error on file with url: p4yj29L7oMA
Error on file with url: pTH9epkd8lY
Error on file with url: pa64jcbQxWw
Error on file with url: pahDAO65GOM
Error on file with url: paoquHtRd3E
Error on file with url: peaHxU3Bo6g
Error on file with url: pg_878woPG4
Error on file with url: pmr6iIe0k5A
Error on file with url: pmr6iIe0k5A
Error on file with url: pt7rENzp_tc
Error on file with url: pv11vW7LZXs
Error on file with url: pvc0GooJ7Y4
Error on file with url: q3qKcPwo-ys
Error on file with url: q4gr3AZ6FtM
Error on file with url: qJZu4cOiGNo
Error on file with url: qSaxQ4NUJOs
Error on file with url: qVe9xfFPgI4
Error on file with url: qYIXKB-xSKU
Error on file with url: q_1JAsVzweg
Error on file with url: qpvdphN45Yg
Error on file with url: qvIB3vvkKkg
Error on file with url: qzU9XQ1d9w4
Error on file with url: qzU9XQ1d9w4
Error on file with url: r89Or1AEfhU
Error on file with url: r8gGDkr9ewc
Error on file with url: r8gGDkr9ewc
Error on file with url: rAFbM_KEg3c
Error on file with url: rAFbM_KEg3c
Error on file with url: rDSl26trakE
Error on file with url: rEk-QQvRr9M
Error on file with url: rFBJ3446EUk
Error on file with url: rFv46EOO1bU
Error on file with url: rH_Np9bv2Bs
Error on file with url: rNpNq7BD3Ek
Error on file with url: rOHhMqzLXKM
Error on file with url: rRttPbKYVZ0
Error on file with url: rcogfph6icw
Error on file with url: rhUfN81puDI
Error on file with url: rhvKWITLHis
Error on file with url: rrTBwHDI1D0
Error on file with url: rt1G_x_nE7w
Error on file with url: rxULETyB878
Error on file with url: rylUbcrNMzk
Error on file with url: s0XY8HThKzk
Error on file with url: s6wP6vtRxFI
Error on file with url: s8DF-UgcBvc
Error on file with url: sOD1wLFL56c
Error on file with url: sZHAGJ1VtqY
Error on file with url: sZoNqAAsIRw
Error on file with url: skFeGDPcyCY
Error on file with url: skOo84okeeE
Error on file with url: snIimfcub9M
Error on file with url: sq9TJsXVFkY
Error on file with url: sqpDH2s4Zq0
Error on file with url: svpUC-I1-MY
Error on file with url: sw38QZwG2JM
Error on file with url: sw38QZwG2JM
Error on file with url: szA-v2CjDJY
Error on file with url: t5rp366ITzU
Error on file with url: tEbGPDiENck
Error on file with url: tHkfs4obkuY
Error on file with url: tOo7xjLmo_A
Error on file with url: tYK6g-9uF24
Error on file with url: t_PLoOrDKYM
Error on file with url: t_PLoOrDKYM
Error on file with url: tghs26LM6Yo
Error on file with url: tkWUAhTw30U
Error on file with url: tmbkQ7cg0zw
Error on file with url: tqKQVRBW62s
Error on file with url: tqZ-fnrxii8
Error on file with url: ttUz1BJ6QC8
Error on file with url: ty-97XCI2BM
Error on file with url: u0EcqRZM6N8
Error on file with url: u3t6UltFojg
Error on file with url: u4GqaEvwI1c
Error on file with url: u5Z6GxWf20g
Error on file with url: u7FpTxNpq9U
Error on file with url: uC8_tFJEPQE
Error on file with url: uKCSGgof8gI
Error on file with url: uKIjeuRF_mE
Error on file with url: uKIjeuRF_mE
Error on file with url: ugYYw8_CeU8
Error on file with url: uh54lt4bd-Q
Error on file with url: usQrGyOUiiI
Error on file with url: vAF43WWn_GU
Error on file with url: vHK7NzBJEwg
Error on file with url: vNmRBxvib-c
Error on file with url: vO_0oztvYUc
Error on file with url: vRQKjSTHb0I
Error on file with url: vR_-nFspRUk
Error on file with url: vYryT5zfNFU
Error on file with url: vYryT5zfNFU
Error on file with url: v_Mj76LaItw
Error on file with url: vbrIgwx6bj8
Error on file with url: vbrIgwx6bj8
Error on file with url: vcVkSZbh_MM
Error on file with url: vej0UfuIdnA
Error on file with url: vhySN3N4yvs
Error on file with url: vqVB574d7N8
Error on file with url: vvPbrRnm75E
Error on file with url: vyA7iZLJYYo
Error on file with url: vyGmFnULcmU
Error on file with url: vyhyQdrjMRE
Error on file with url: w3V33RujiGw
Error on file with url: w9mtOIumoBA
Error on file with url: wA0N2T9lJ3M
Error on file with url: wD20jAGWBgM
Error on file with url: wDkGRix9avs
Error on file with url: wDkGRix9avs
Error on file with url: wLP2kHhgdrI
Error on file with url: wMbz5EhVbMs
Error on file with url: wQ7Y37lrqto
Error on file with url: wZTfCOkUAh4
Error on file with url: wZVn3Kj39Ig
Error on file with url: wZVn3Kj39Ig
Error on file with url: wcIg-hkL3QI
Error on file with url: weZ0OuGhhig
Error on file with url: wuxsGsY62xc
Error on file with url: wwqD8VYD544
Error on file with url: wwqD8VYD544
Error on file with url: x03DDgCC_cE
Error on file with url: x03DDgCC_cE
Error on file with url: x2RjR4SeRIA
Error on file with url: xDGVrw5r2LQ
Error on file with url: xDTsEckpJJo
Error on file with url: xERFUeZONz8
Error on file with url: xIbjuYxXiAU
Error on file with url: xKz9z_eEq3s
Error on file with url: xKz9z_eEq3s
Error on file with url: xLdtoC9aRGE
Error on file with url: xScN4BIPzjo
Error on file with url: xXaDIXy2Lo4
Error on file with url: xZwcEdftDzc
Error on file with url: xgsIwq8hTO4
Error on file with url: xhmiWlCvK0o
Error on file with url: xqtdvWReZ6I
Error on file with url: xt23ngscI0U
Error on file with url: y2mc7nSbWuA
Error on file with url: y2mc7nSbWuA
Error on file with url: y7-9SXHcozQ
Error on file with url: yB9Y9i3S2J8
Error on file with url: yFiMxL3a0D8
Error on file with url: yFiMxL3a0D8
Error on file with url: yLd5HqLiFQw
Error on file with url: yLekiPaFJIk
Error on file with url: yNj6D3Yj7Uw
Error on file with url: yOI134PGxxM
Error on file with url: yOqfUCG4VEE
Error on file with url: yP4QhPj94KA
Error on file with url: yR8znMut63w
Error on file with url: yWn6860o1Dg
Error on file with url: yZKz9otv45M
Error on file with url: yZvwzUGZmPk
Error on file with url: y_AJVO5W3DY
Error on file with url: ybXs8087En0
Error on file with url: yjYKy4vJmlM
Error on file with url: z-KEIQmN8MY
Error on file with url: z6yJVF0iKLk
Error on file with url: zQREimGPeKM
Error on file with url: zSG3n5bOqJc
Error on file with url: zSG3n5bOqJc
Error on file with url: zXGmuJ3dy3A
Error on file with url: zbg5qfJv3_E
Error on file with url: zcfP23k0PzU
Error on file with url: zcfP23k0PzU
Error on file with url: zpzJKMG5iGc
Error on file with url: zrkaN4wydqk
Error on file with url: zv7SgbWXh6Q
Error on file with url: zx8Fy-xH2y4
Error on file with url: zx8Fy-xH2y4
