Error on file with url: 1qQM4y2o8bo
Error on file with url: 8cC4mv-9Res
Error on file with url: 8rjeBrriB0c
Error on file with url: AJ5QYVaZWp8
Error on file with url: AvyB5a_HcFM
Error on file with url: B8dq3Zi_NDA
Error on file with url: BY6Ycw90S7g
Error on file with url: EApB0DJ3ECg
Error on file with url: EUn5O3SywCE
Error on file with url: EaucCW5AuNA
Error on file with url: HJc-cKmD100
Error on file with url: HZywXtkSiCE
Error on file with url: JQz76trKbNk
Error on file with url: KOX2HudX8B8
Error on file with url: Kxa3vvie0TI
Error on file with url: L52FAJDaa48
Error on file with url: M_SDTIbBhMM
Error on file with url: Mg4X4gznL7k
Error on file with url: P7vCZ_L0UrQ
Error on file with url: RgkT2Vea3OA
Error on file with url: SE1ik9fxks4
Error on file with url: UgELN-YLUNk
Error on file with url: Wbe-sTMDMiA
Error on file with url: gTLVFxzj6CE
Error on file with url: h5q-MIrP_Ic
Error on file with url: m4rvKYmgMPc
Error on file with url: p1VgULGTPwU
Error on file with url: rad-iM5Ssbo
Error on file with url: sorRkcFRl3w
Error on file with url: u32TR4NbWT4
Error on file with url: ziAS__bmUIY
Error on file with url: zoKjiJuTeaA
