Error on file with url: -35_gJSKJkk
Error on file with url: -4F1TX-T6T4
Error on file with url: -8uyNBFbdFc
Error on file with url: -GPv09qi9A8
Error on file with url: -Hi-WpRGUpc
Error on file with url: -KsPTvgJJVE
Error on file with url: -KsPTvgJJVE
Error on file with url: -Z3ByS_RCwI
Error on file with url: -bs3c27rEtc
Error on file with url: -dcrL5JLmvo
Error on file with url: -oEGuMg8hT4
Error on file with url: -s407wi2EyM
Error on file with url: -wjMEQEpN9s
Error on file with url: 02u3P99INjs
Error on file with url: 09KQtcTRE8o
Error on file with url: 0FqZ-wKg69I
Error on file with url: 0NbD6uE39xo
Error on file with url: 0UYyB5EqrDU
Error on file with url: 0UYyB5EqrDU
Error on file with url: 0WWGckXNRZs
Error on file with url: 0aSsMpMfKGo
Error on file with url: 0baDG4dhzqA
Error on file with url: 0iVM2GY3R_c
Error on file with url: 0loWR805Dl0
Error on file with url: 0mti65axD8I
Error on file with url: 0pMmmz_4JG0
Error on file with url: 0pxGOdCrgyA
Error on file with url: 0vKWXrc8PZo
Error on file with url: 0xbnKT0lTZY
Error on file with url: 10R2yQUbKzc
Error on file with url: 12K4PFm6afY
Error on file with url: 18MlV2iO1cQ
Error on file with url: 18MlV2iO1cQ
Error on file with url: 18MlV2iO1cQ
Error on file with url: 1AhXhPA17_4
Error on file with url: 1Lws8xqLpZQ
Error on file with url: 1PPn02f5M2U
Error on file with url: 1PPn02f5M2U
Error on file with url: 1RcjvfLX8Ms
Error on file with url: 1RcjvfLX8Ms
Error on file with url: 1T1i2rny8RU
Error on file with url: 1cQUK4inWkA
Error on file with url: 1dFXEf-DTlo
Error on file with url: 1lPwtGlufbA
Error on file with url: 1o4H9mfalXs
Error on file with url: 1vgcL9jeTcU
Error on file with url: 23oubF45OQM
Error on file with url: 279LS-xMjH8
Error on file with url: 2A0s2knQdqw
Error on file with url: 2Hd34MZOSvQ
Error on file with url: 2KQ4TjgVe3M
Error on file with url: 2S3bd7jBX0Q
Error on file with url: 2_KQUcAoy4Q
Error on file with url: 2e34DOMkQzc
Error on file with url: 3-xsTZJtcdY
Error on file with url: 3ICwlrO9hI8
Error on file with url: 3OUIr-81n4E
Error on file with url: 3PlrZ-u9rKc
Error on file with url: 3SH8VjlH5Wc
Error on file with url: 3SJcEcHB3m4
Error on file with url: 3Sf62xwKEsk
Error on file with url: 3T1z1c3Z_Es
Error on file with url: 3TfsTd_Pt1M
Error on file with url: 3TsYk9raOhs
Error on file with url: 3TsYk9raOhs
Error on file with url: 3UE_AQZ9RNU
Error on file with url: 3UVggBOvV44
Error on file with url: 3UWJsGeBTCA
Error on file with url: 3XxUh9AzJ2o
Error on file with url: 3c-YDuQ6-Uk
Error on file with url: 3hhO9X6Vq94
Error on file with url: 3j6FNm27W3s
Error on file with url: 3klRscpF_G8
Error on file with url: 3kuXJo9TDw8
Error on file with url: 3p6hTajLFCc
Error on file with url: 3wE9pAYjDPs
Error on file with url: 3xF6fsn511Y
Error on file with url: 3y5zs89uKjc
Error on file with url: 45Ii_aBY9Q4
Error on file with url: 495SjWHEz7Q
Error on file with url: 4RrIsKqFt0g
Error on file with url: 4Sej6om9bSM
Error on file with url: 4UPX9Z6O7u0
Error on file with url: 4Zp2YHhr_jg
Error on file with url: 4bl-XDJtoxw
Error on file with url: 4jI1Y6D2Of0
Error on file with url: 4ki-ama6SuM
Error on file with url: 4n2oXOSBaGQ
Error on file with url: 4qOSWyC_7J4
Error on file with url: 4qOSWyC_7J4
Error on file with url: 4sCLQ23qx_k
Error on file with url: 4sCLQ23qx_k
Error on file with url: 4vmcwc4FXR8
Error on file with url: 507nWGsJB7w
Error on file with url: 50xBQGhYt2k
Error on file with url: 52AVqZ_AwRU
Error on file with url: 52AVqZ_AwRU
Error on file with url: 5E52wVrjG4Q
Error on file with url: 5LF-vfBJWxI
Error on file with url: 5OgbvwbiZ9E
Error on file with url: 5OgbvwbiZ9E
Error on file with url: 5TnkeozGLWA
Error on file with url: 5V7oCwvFqDU
Error on file with url: 5VPId4-73YI
Error on file with url: 5WMdMg_kiA4
Error on file with url: 5XO3ot5rF7Q
Error on file with url: 5hRr39OVOds
Error on file with url: 5nwMi6jIBsw
Error on file with url: 5qru66MuyJc
Error on file with url: 5qru66MuyJc
Error on file with url: 5rBMz_y6oQU
Error on file with url: 5sk9owk0DE0
Error on file with url: 5v96c3om-dY
Error on file with url: 5ytK03T84Kc
Error on file with url: 61URE_UeE8A
Error on file with url: 68v05KO6CVg
Error on file with url: 6Le2jBOkqFs
Error on file with url: 6OJoUpFP6SA
Error on file with url: 6QFtkwpqGCo
Error on file with url: 6SOTtKOTPFw
Error on file with url: 6WzuCRXvA_0
Error on file with url: 6jUhJzJ7nes
Error on file with url: 6jUhJzJ7nes
Error on file with url: 6nr3SWNml9A
Error on file with url: 6q1I7THtd8w
Error on file with url: 6q1I7THtd8w
Error on file with url: 6wj09lGWBDc
Error on file with url: 73N3t7lnlxg
Error on file with url: 7DH5fqj8j6Q
Error on file with url: 7Gb-eKKHT6o
Error on file with url: 7MRw_lR2kRI
Error on file with url: 7RLPEEjSShM
Error on file with url: 7XKhEBs4hdw
Error on file with url: 81Hi898O3wk
Error on file with url: 82E9oEsuKvI
Error on file with url: 82E9oEsuKvI
Error on file with url: 87E41BISp3Q
Error on file with url: 8CyNoJnyoKc
Error on file with url: 8H19w8cjF44
Error on file with url: 8L2S9BFaJbk
Error on file with url: 8_gWkfiTFlI
Error on file with url: 8awbdjdBNCg
Error on file with url: 8eNsI4ynKSE
Error on file with url: 8l3ccRc_Ljw
Error on file with url: 8ow0JzYKUFo
Error on file with url: 90177TPeR2g
Error on file with url: 96cUse1-UZ0
Error on file with url: 96cUse1-UZ0
Error on file with url: 9CJtkRSET9Y
Error on file with url: 9DCBG2ZKDU8
Error on file with url: 9FOMrxqC_7g
Error on file with url: 9H6FLDiM4gg
Error on file with url: 9H6FLDiM4gg
Error on file with url: 9KXoW5jdVpE
Error on file with url: 9MYkME4T2Lg
Error on file with url: 9OFUd38sBNM
Error on file with url: 9PwNV1UID84
Error on file with url: 9W6VoKOWt6Q
Error on file with url: 9X4HqX_nIpA
Error on file with url: 9cIZEnf862s
Error on file with url: 9cIZEnf862s
Error on file with url: 9cIZEnf862s
Error on file with url: 9cW--NcKqI4
Error on file with url: 9cW--NcKqI4
Error on file with url: 9fxupLb-zgE
Error on file with url: 9fxupLb-zgE
Error on file with url: 9hh4kt24vZo
Error on file with url: 9mjfxLFTeqI
Error on file with url: 9mw0s8nddPE
Error on file with url: 9mw0s8nddPE
Error on file with url: 9nN1fh2uYww
Error on file with url: 9nN1fh2uYww
Error on file with url: AA-9BpPmQwc
Error on file with url: ADIuUj7VfrY
Error on file with url: ADs4idbXjyo
Error on file with url: AEi604wFG6Q
Error on file with url: AEi604wFG6Q
Error on file with url: AFb5-2psmXo
Error on file with url: AFgGoY8Ihhg
Error on file with url: AKzROy8SPvA
Error on file with url: AOeyIlO8KQk
Error on file with url: APQZVq1pMsU
Error on file with url: APQZVq1pMsU
Error on file with url: AQHARIbXPK0
Error on file with url: AXx2KAj4nK8
Error on file with url: AYkhrqm8_aw
Error on file with url: AYvk7_qUARA
Error on file with url: AeQY28A72AE
Error on file with url: AfsghWF11bg
Error on file with url: AjXQTSc-Igg
Error on file with url: Alp3ErS_RQQ
Error on file with url: Ao6_gAiv5bg
Error on file with url: Aq_MCqbp398
Error on file with url: AyuVfzPwiwg
Error on file with url: B1UVMOZzgtI
Error on file with url: B2E3F_gibY4
Error on file with url: B4137-ZDsEU
Error on file with url: B6U37lYukkA
Error on file with url: BA_L_wD-U74
Error on file with url: BI7gbKbxMe0
Error on file with url: BcP_2_dipYE
Error on file with url: BdB-ThOuKAY
Error on file with url: Bl--SbtlHWw
Error on file with url: Bl--SbtlHWw
Error on file with url: C28PaxKpZJg
Error on file with url: CAcS4D26aO0
Error on file with url: CAv2L-ZHu1E
Error on file with url: CF78-TIXN5I
Error on file with url: CN5k-jr8oAw
Error on file with url: CP0zcTFmu8I
Error on file with url: CQAhcz-Vzaw
Error on file with url: CbxTCVM0I_E
Error on file with url: CdKFRgUFkZ0
Error on file with url: Cgpz6o5_NWk
Error on file with url: Cgpz6o5_NWk
Error on file with url: ChMq3QVF0_Q
Error on file with url: ChMq3QVF0_Q
Error on file with url: ClZpXQ-2IB8
Error on file with url: Crmav2JMwfs
Error on file with url: Cv0E4d1s4k0
Error on file with url: D527HiWEla8
Error on file with url: DEmdYL_VcLA
Error on file with url: DI2r6XST2XU
Error on file with url: DKbPZjiOs8s
Error on file with url: De7mZz2elXs
Error on file with url: DeBAlPOwpNI
Error on file with url: Dt5gzDF6DEM
Error on file with url: DuP41z1GKn4
Error on file with url: DwnETQ3ONMk
Error on file with url: DygcE1MpnTI
Error on file with url: E-M7jQwjtUI
Error on file with url: E1H_6LjljHo
Error on file with url: E1xYQ9T7t0U
Error on file with url: E5FpCDVszyM
Error on file with url: E5XqPOzFnfI
Error on file with url: E6i9AKBYiKg
Error on file with url: E6sS2d-NeTE
Error on file with url: EA356TK2rCg
Error on file with url: EP0YsnYG_v4
Error on file with url: ERkQBkD4oJ8
Error on file with url: ESs9gHPnKK0
Error on file with url: ET_ReejWJgI
Error on file with url: EVQ5A56WWug
Error on file with url: EVy7k4n3tTs
Error on file with url: EYM2bZH0Qyk
Error on file with url: Ebo2sQyeP7I
Error on file with url: EeT-5h97tu8
Error on file with url: EnCdknnzazU
Error on file with url: EpqhsgnFy7g
Error on file with url: EywdMYJJuCI
Error on file with url: F1QlH3S0lfQ
Error on file with url: F4BwW-iGdaQ
Error on file with url: F6h17EsddvQ
Error on file with url: F6h17EsddvQ
Error on file with url: FDRT6uSjVYc
Error on file with url: FELKqYC676M
Error on file with url: FH0IHgpzJbA
Error on file with url: FI1hEB4_TrM
Error on file with url: FLeZ8ae_Do4
Error on file with url: FLlsv6hhAeE
Error on file with url: FMdxqkR9SQU
Error on file with url: FN9vntLWqiM
Error on file with url: FNF9S_g_VFM
Error on file with url: FZHiilQUYFg
Error on file with url: Ff17VgRHVBY
Error on file with url: Fk4-233HZns
Error on file with url: Fl60r5bAJTM
