-RBs9pPhHY8, "Ambulances Responding --BEST OF 2012--.webm.wav"
02Ak1eIyj3M, "How Germans React to Ambulance Siren.webm.wav"
03Q2SbeP_cw, "Hill Climb Racing 1.14.0 New vehicle -Police car,New level -Rooftops.wav"
0N0C0Wbe6AI, "Alarm Sound Effect - Police Siren _ Ambulance Siren.webm.wav"
0xDlT_u31fg, "British Emergency Vehicles Responding - BEST OF 2015.webm.wav"
145N68nh4m0, "Motorcycle Wheelies Into Police Car Rider Arrested By Cops Raw Footage Bike VS Cop Wheelie FAIL.webm.wav"
1F9zCsJyw6k, "GTA IV «The Fast and The Furious».webm.wav"
1LA8BxMlXSY, "super mario 64 bloopers - crime time.webm.wav"
1LA8BxMlXSY, "super mario 64 bloopers - crime time.webm.wav"
1z16oAB1nMk, "REL - Mercedes Vito dutch ambulance skin.wav"
2-h8MRSRvEg, "Fire Engines, Police Cars and Ambulances responding - Compilation 19.wav"
2-h8MRSRvEg, "Fire Engines, Police Cars and Ambulances responding - Compilation 19.wav"
28ehZa0fzmo, "Very Big Fire Truck in Rush Hour loud siren.wav"
2pHfgh_G1yo, "Trixie Escapes in the City Station by HobbyKidsTV.webm.wav"
2v_KyNpsyKs, "1_18 Yukon Presidential Secret Service w_ Light & Siren.webm.wav"
2zwNVAyInxs, "Truck 24 Responds to a reported building fire.wav"
4A5lud7-cJo, "fire truck running hard on a red light and cross traffic.webm.wav"
4Vq6WDtxTt4, "Baltimore City Fire Department Truck 2 Responding 7_28.webm.wav"
4_cfXx3iLes, "Ambulances Responding --BEST OF 2013--.webm.wav"
4arad6my08E, "Fire  Truck Ladder Almost Flips!.wav"
5VElNpaNPoo, "The Ned Affair - The Warfstache Saga.webm.wav"
5fjy_2ajEkg, "Fire Trucks Responding --BEST OF 2012--.webm.wav"
5xklhqtPZho, "12V CAR WARNING ALARM SIREN HORN PA 100 W SPEAKER SYSTEM MIC A1.wav"
84b7NrzJWiI, "Baby Hazel Game Movie 3D - Baby Learns Vehicles - Dora The Explorer.wav"
8Aq2DyLbUBA, "Lights and Siren Parade-Chicagoland Emergency Vehicle Show 2009.webm.wav"
8rICricPhh8, "Hecktown Engine 5311 Responding with Fire 27  7 15 2011.wmv.wav"
8rICricPhh8, "Hecktown Engine 5311 Responding with Fire 27  7 15 2011.wmv.wav"
93vN8AS4jHY, "The Rumbler Siren Demonstration - SSCFPD Silverado 3500 HD.webm.wav"
93vN8AS4jHY, "The Rumbler Siren Demonstration - SSCFPD Silverado 3500 HD.webm.wav"
9P6-DKN1XLA, "FAST & FURIOUS 6 Interviews - Vin Diesel, Paul Walker, Jordana Brewster, Michelle Rodriguez and more!.webm.wav"
9WtK0gh4ugE, "Polis Siren Sesi , Polis Sireni.webm.wav"
9WtK0gh4ugE, "Polis Siren Sesi , Polis Sireni.webm.wav"
9ezA12O_aOE, "GTA V Rescue V - LAFD Pierce Fire Trucks.webm.wav"
A-IzSI1ysmc, "Police siren sound effect 2.webm.wav"
A3CJkhyupM0, "Racist gets what he deserves...Smacked over the head!.wav"
AAyqgdDOUYA, "FDNY Tenhouse (Engine 10 & Ladder 10) responding.webm.wav"
AKzmNMyyMms, "KidTrax Dodge Charger Police Car w_Lighting Mod.wav"
AkAdDFHQars, "Sirens Gone Beserk 2013 edition.webm.wav"
AkAdDFHQars, "Sirens Gone Beserk 2013 edition.webm.wav"
AwFuGITwrms, "Miami Beach Fire Full Assignment Response..webm.wav"
B22gKoTyOfM, "Battery Operated Toy Cars - Road Rippers' Fire Truck and Ambulance Toy Vehicle Unboxing.webm.wav"
B9Sd9ubebhY, "Ambulans Dickie z dźwiękiem i światłem od 'ZABAWLANDIA'.wav"
B9Sd9ubebhY, "Ambulans Dickie z dźwiękiem i światłem od 'ZABAWLANDIA'.wav"
CIiA39U8UTw, "Fire Apparatus Responding to a Fire.webm.wav"
CTWtiwntfgw, "Tower ladder 13 FDNY.webm.wav"
D1tajOObltQ, "Fire Engine Siren - www.ranlando.wordpress.com.webm.wav"
DJXQV_oKyjE, "Large Firetruck Parade.webm.wav"
DJXQV_oKyjE, "Large Firetruck Parade.webm.wav"
DK_6C29B2zs, "Subaru Impreza Prova Police Car with working lights.webm.wav"
E-nunSOWtMs, "Lego City Fire response 2 + emergency vehicles.webm.wav"
EGR7EIz9JQ4, "BEST FIRE BRIGADE TONKA TOY RESCUE ENGINE with siren SOUNDS and hyper lighting.wav"
EaTdesZG5PY, "Vat19 Make Me Laugh Challenge #2.wav"
F6IUxAJutsk, "Engine 260 Fire Muster Parade.webm.wav"
F6oEu35qy_A, "Fire Truck Drift. BOSS!.webm.wav"
F9Dbcxr-lAI, "Learning Emergency Vehicles - Ambulance, Fire Trucks & Police Cars Names and Siren Sounds for Kids.webm.wav"
F9Dbcxr-lAI, "Learning Emergency Vehicles - Ambulance, Fire Trucks & Police Cars Names and Siren Sounds for Kids.webm.wav"
FgiGqzj8Hkk, "SOGRO MANV 500 Frankfurt Airport Teil 2_2.wav"
FhaxyhtVfCA, "Police car parking FAIL (Hungary).wav"
FpsBLinFYik, "ES100 Electronic Siren PA System 5 Tone 12V.wav"
GbIuxmaiCOk, "Police Siren Sound Emergency.webm.wav"
GbIuxmaiCOk, "Police Siren Sound Emergency.webm.wav"
HOOK6E_Hogg, "Police Lights and Siren Ultimate.webm.wav"
HOOK6E_Hogg, "Police Lights and Siren Ultimate.webm.wav"
IIzMqbTNYOA, "Fire Trucks Responding Volume 2.webm.wav"
IIzMqbTNYOA, "Fire Trucks Responding Volume 2.webm.wav"
Ia6C4k0o2hc, "Fire engines full turnout.webm.wav"
Ia6C4k0o2hc, "Fire engines full turnout.webm.wav"
IiCh2H3JtsE, "Police Siren Mix Sound Effect (Created by me).webm.wav"
InrS4Fdndr4, "BACKDRAFT & FLASHOVER.webm.wav"
IzKed528MCk, "défilé camions de pompier en lozère.webm.wav"
JWd6vF4yfG8, "Engine 1 Responding to an Accident (AWESOME Driving).webm.wav"
KhxVbkznUNI, "North Branch Engine 49-108 Responding 1st Due for Van Fire on I287 S.webm.wav"
KhxVbkznUNI, "North Branch Engine 49-108 Responding 1st Due for Van Fire on I287 S.webm.wav"
L5ohzqF0ZHQ, "100W Car Siren Horn PA System Police Megaphone with Mic 12V Motorcycle_RV_Truck.webm.wav"
LNQ7fzfdLiY, "Police, Ambulance & Fire truck siren compilation - Hi Lo & Two Tones -.webm.wav"
LNQ7fzfdLiY, "Police, Ambulance & Fire truck siren compilation - Hi Lo & Two Tones -.webm.wav"
MEUcv-QM0cQ, "Part3 緊急走行!!消防車救急車300台日本全国より大集結!!迫力サイレン!!第5回緊急­­消防援助隊全国合同訓練 Japanese Fire Engine Rescue Training.webm.wav"
MVM5RlkTh6E, "Truck catches fire, explodes.wav"
N-6HKjQwPTo, "Matchbox Smokey The Fire Truck.wav"
NDovY5OEt2o, "Truck Apparatus Parade, via Citizen's Fire Company, Tamaqua, 7-12-2013, TamaquaArea.com.wav"
NDovY5OEt2o, "Truck Apparatus Parade, via Citizen's Fire Company, Tamaqua, 7-12-2013, TamaquaArea.com.wav"
PIJlDJhWEEg, "Units Responding and on Scene of a Fire on Brookline Drive. 11_3_11.wav"
PIJlDJhWEEg, "Units Responding and on Scene of a Fire on Brookline Drive. 11_3_11.wav"
Q6CqAFnP2Fg, "Whitehall Station 36 Remembers 9_11_01.webm.wav"
Q6CqAFnP2Fg, "Whitehall Station 36 Remembers 9_11_01.webm.wav"
QZKH9-7cpq8, "GTA 5 - Mission #52 - The Paleto Score (Alternate Method) [100% Gold Medal Walkthrough].webm.wav"
QZKH9-7cpq8, "GTA 5 - Mission #52 - The Paleto Score (Alternate Method) [100% Gold Medal Walkthrough].webm.wav"
Q_yoAT1Z3Yw, "Philadelphia Fire Truck 1.webm.wav"
Qd5qSAXSLN4, "SIRENE 5 SONS VEÍCULOS ESPECIAIS C_ MIC.wav"
RAB0TWMYQHI, "Aprilia rs 50 maxi tuning !!.wav"
RAB0TWMYQHI, "Aprilia rs 50 maxi tuning !!.wav"
RSAyz5c3JmM, "Dirty Harry IV - Too much sugar is bad for you.wav"
RSAyz5c3JmM, "Dirty Harry IV - Too much sugar is bad for you.wav"
SY35Ms-l_9E, "Lyons Fire Company Engine 35, Structure Fire.wav"
Sj9_5H1nqfo, "Dispositivo de escolta policial a ambulancia SUC en servicio de urgencias..webm.wav"
Sj9_5H1nqfo, "Dispositivo de escolta policial a ambulancia SUC en servicio de urgencias..webm.wav"
Sqpkv9fnxqw, "Pacman eat ghosts.webm.wav"
Wxiwqieqy2Y, "Fire Engines, Police Cars and Ambulances responding - Compilation 16.wav"
Wxiwqieqy2Y, "Fire Engines, Police Cars and Ambulances responding - Compilation 16.wav"
XC-QWABOjcg, "DREAMNIGHT 2011.webm.wav"
XC-QWABOjcg, "DREAMNIGHT 2011.webm.wav"
XYLDjkXAuec, "Défilé des pompiers de Soignies Juin 2011.mp4.webm.wav"
ZANp2W2q0XA, "Teaneck Ambulance Compilation #1 (AIR HORN, POWERCALL, Q-SIREN) HAPPY 4TH OF JULY.webm.wav"
ZZO50JTetDE, "Grand Theft Auto - San Andreas iPhone 4S iOS 7.0.4 HD Gameplay Trailer.webm.wav"
ZZO50JTetDE, "Grand Theft Auto - San Andreas iPhone 4S iOS 7.0.4 HD Gameplay Trailer.webm.wav"
ZtxAGRDyw-I, "Fire Engine Parade.wav"
ZtxAGRDyw-I, "Fire Engine Parade.wav"
ZvcqyRbXyls, "087838253383, Modul 9 suara paling LARIS, sirine patwal, klakson TOA, modul sirine, GNOV SIREN.webm.wav"
_A30xsFBMXA, "Battalion chief 11 + Engine 76 + Tower 22 FDNY.webm.wav"
_uswoJHYy14, "Fdny Engine 81 and Ladder 46.webm.wav"
_z5KQY02rYI, "Ambulance SAMU Paris with American and French siren sirène américaine.wav"
_z5KQY02rYI, "Ambulance SAMU Paris with American and French siren sirène américaine.wav"
aOqleVQCmwI, "Fire Engine Cab Ride. Structure Fire Response.wav"
bA8mt0JI0Ko, "Hornblaster 100watt Siren_PA.webm.wav"
c7YGJfuV_2Q, "警車新拍視頻 new arrive police model car video.wav"
cHm1cYBAXMI, "Car Wash _ Compilation _ Police Car _ Fire Truck.webm.wav"
cWskti2sCCM, "On Patrol with Fiona Fire Engine - Medium.webm.wav"
eZGa_sYbq5A, "Car Warning Alarm Siren Speaker System with 5 Sound Patterns.wav"
eZGa_sYbq5A, "Car Warning Alarm Siren Speaker System with 5 Sound Patterns.wav"
fTcSVQJ2h8g, "Racism Is Real • BRAVE NEW FILMS.webm.wav"
fjWN2sQcR2s, "Whitehall Truck 3631 Responding to Working Fire.wav"
fjWN2sQcR2s, "Whitehall Truck 3631 Responding to Working Fire.wav"
fjWN2sQcR2s, "Whitehall Truck 3631 Responding to Working Fire.wav"
gCnOTL_Fzik, "Mario's Birthday.webm.wav"
g_DBLppDZAs, "Police car join the Drift show.webm.wav"
gwAP-vfQyRU, "Fire Truck Scare.webm.wav"
hRdkmwuv13s, "Mini Pumper Saves the Day! _ Fire Truck _ Car Stories _ PINKFONG Story Time for Children.webm.wav"
hSAVR0LcQp8, "Minecraft-Little Carly Adventures-LITTLE CARLY GOES TO THE HOSPITAL!!.webm.wav"
iE8pSulXDuc, "Surprise Fire Call.wav"
j0CcOZJLBDg, "Polizei Linz Großaufgebot.webm.wav"
kSjvt2Z_pBo, "Police Fire Ambulance sirens, car toys , Polis Ambulans İtfaiye Arabaları oyuncaklar Siren sesleri ,.webm.wav"
kr8ssbrDDMY, "Litchfield Fire Truck Parade.webm.wav"
l70yarlcd-I, "Louisville fire truck siren.wav"
l7Wo_s7HFIY, "(RC racing) Drag racing.wav"
m-2-HsrBkak, "GTAIV Engine 69, Engine 60, Engine 52, Support 15, Paramedic 75, Battalion 5 Fire.wav"
m1GaYAKcH9g, "Meet Sergeant Cooper the Police Car - Trailer -  Real City Heroes (RCH).webm.wav"
n6SvDBZaCUQ, "Police Siren _ Emergency Police Siren _ Ambulance Siren.webm.wav"
nCwLfofMoZM, "Gopala Gopala _ Full Length Short Film 2015 _ by Kalyan Sree Varma.webm.wav"
nCwLfofMoZM, "Gopala Gopala _ Full Length Short Film 2015 _ by Kalyan Sree Varma.webm.wav"
nLzSz0qDT68, "愛車のパトライト&サイレン♪.webm.wav"
o3F3tUpmVaw, "兒童電動警車 kid electricity police car.wav"
oL_LsXoZSKE, "Police Siren 200W SA-400-93 14V.webm.wav"
oL_LsXoZSKE, "Police Siren 200W SA-400-93 14V.webm.wav"
oPR7tUEUptk, "Ambulance 42 CFD (collection).webm.wav"
oPR7tUEUptk, "Ambulance 42 CFD (collection).webm.wav"
oZoJ26C6LrU, "new Lego City Police car.webm.wav"
pJaLxsCM7rc, "FIRE STATION 2 RESPONDING.webm.wav"
pNrnDUg0dng, "fire truck responding 1.wav"
q4Z8j3IalYs, "[Ride along] Truck 812 CPVFD_PGFD.webm.wav"
qhyrLOJ7LcQ, "Fire Truck Responding Compilation Part 1.webm.wav"
qhyrLOJ7LcQ, "Fire Truck Responding Compilation Part 1.webm.wav"
qkvIEmIRP4g, "Fire Truck Siren Federal Signal 66G.webm.wav"
rCQykaL8Hy4, "Emergency Alarm Sound - Ambulance Siren Sound _  SOUND EFFECT.webm.wav"
rx3fg5zGSxg, "Triumph The Insult Comic Dog Visits the Set of 'This is 40'.webm.wav"
sHfT0t3vgTg, "Kids toys TV   The police car toys for children.webm.wav"
sKpc0yiNeiU, "Siren 6 เสียง.webm.wav"
sKpc0yiNeiU, "Siren 6 เสียง.webm.wav"
stzU1dO7FQY, "Best Police car Sirens.webm.wav"
stzU1dO7FQY, "Best Police car Sirens.webm.wav"
uX7mY7Y27ao, "Tonka Police Car.wav"
vfUgQTKgKDI, "Driver San Francisco Cadillac Escalade Police Car.wav"
wlh0rZfrclI, "Part1 [消防車・救急車・緊急車両84両サイレン走行] 第5回緊急消防援助隊全国合同訓練 参加車両進出集 （メイン総合訓練会場） [Emergency Vehicles] 2015.11.14.webm.wav"
wlh0rZfrclI, "Part1 [消防車・救急車・緊急車両84両サイレン走行] 第5回緊急消防援助隊全国合同訓練 参加車両進出集 （メイン総合訓練会場） [Emergency Vehicles] 2015.11.14.webm.wav"
wxCduHF0GKI, "Fireman Sam came home for Christmas....wav"
xZ8hQliZqhg, "Best Police Dirtbike_ATV Chases Compilation #2 - FNF.webm.wav"
xqILXIFBZfQ, "The Simpsons Hit & run - Upgrade Police Car.webm.wav"
z-PhNB64zoU, "Défilé de camions de pompiers.wav"
zMveZHACzmo, "[Waseca] 525 527 511 521 Responding.webm.wav"
zbiJEml563w, "transformers 3 crash in dc.wav"
