Error on file with url: --7VmHMn_b4
Error on file with url: -1HBl5vVOQU
Error on file with url: -1LrSyhL6Zs
Error on file with url: -1opwnhwDMQ
Error on file with url: -2TBzNIa7Ns
Error on file with url: -2gwQI1bEr0
Error on file with url: -5NJYsWDp1g
Error on file with url: -5e1ofdOmeY
Error on file with url: -8aWuKAYgfM
Error on file with url: -8fIcsYDnL8
Error on file with url: -9FRWkuQS28
Error on file with url: -9L4Kjn8Vsw
Error on file with url: -9mrdZzhT4E
Error on file with url: -BVzZnN9XhE
Error on file with url: -DDw3EuyIfg
Error on file with url: -Ebvp8cBs3A
Error on file with url: -En0tlVTjmU
Error on file with url: -EwUDjQP0dw
Error on file with url: -ExRDyjl6cA
Error on file with url: -FjI1l67z48
Error on file with url: -Fmnqn1U698
Error on file with url: -GUxcrdd4jY
Error on file with url: -H5WJoVLAYs
Error on file with url: -HDdz2NQunw
Error on file with url: -Hp5n-4JAOs
Error on file with url: -IIW_WEVDdA
Error on file with url: -J2vUx4lNXI
Error on file with url: -JozflblZlI
Error on file with url: -KXS3QjY3OA
Error on file with url: -MWxMSyHxSY
Error on file with url: -MbyOTWsOgE
Error on file with url: -MfGJLrFe68
Error on file with url: -NMsYoxnYWM
Error on file with url: -PastFMmPh0
Error on file with url: -Pp_Mu7cxzw
Error on file with url: -Tif5U3pY9M
Error on file with url: -UOVmNKXO6g
Error on file with url: -VTi-3ntkQ8
Error on file with url: -X6crXGR_dE
Error on file with url: -XwcEFVk-BA
Error on file with url: -YgWywmwuNc
Error on file with url: -Zm8TgonFGc
Error on file with url: -cAdLH-_WF4
Error on file with url: -cuJynOg26Q
Error on file with url: -d3cAgaMX4g
Error on file with url: -emPr7HpwVk
Error on file with url: -fCOk2mo0HE
Error on file with url: -fepUUrCXQ8
Error on file with url: -fl_qDZ2Ots
Error on file with url: -g7md5n0PSI
Error on file with url: -hC7UX8-Q1I
Error on file with url: -hLY6VCsQPM
Error on file with url: -hjk7FM4UME
Error on file with url: -iMJs7ENgD0
Error on file with url: -j6jDAOMS3g
Error on file with url: -jh5PZAi-3g
Error on file with url: -lDwI77OZhU
Error on file with url: -lYqAkuki78
Error on file with url: -mV1zIlSHJ4
Error on file with url: -mrEJLK8e4w
Error on file with url: -nWeVeiBmj0
Error on file with url: -p3mnE0tsoY
Error on file with url: -q5TC8e9FEA
Error on file with url: -q_eFrKVK2M
Error on file with url: -qrfJTgk92w
Error on file with url: -rNJ5902PDM
Error on file with url: -sCVkAtdy7s
Error on file with url: -sFy6LCLdCg
Error on file with url: -sODAPpkQ5c
Error on file with url: -tyPvIHx9FU
Error on file with url: -u0uwY465tQ
Error on file with url: -u2xHIAv99A
Error on file with url: -uej5dVV8Uw
Error on file with url: -uf0cABroUU
Error on file with url: -vd65BbK574
Error on file with url: -x0bMWD8ftg
Error on file with url: -ykW23tdrzg
Error on file with url: -yqUI85Uj_w
Error on file with url: 0-JxWlKRKe8
Error on file with url: 00pj-ja8bbg
Error on file with url: 01YBjopC9L0
Error on file with url: 038Ht1_fs3U
Error on file with url: 03_6oCyepKU
Error on file with url: 04A1LJjDE-U
Error on file with url: 04G2_QTzE8Q
Error on file with url: 05ly1nXX5Y0
Error on file with url: 05zC2TOhyyg
Error on file with url: 07j-SRmt-Ag
Error on file with url: 086iUWgDVr8
Error on file with url: 09Ge5_LKcVg
Error on file with url: 09nO3Vk2Mjk
Error on file with url: 0AhUB19gVAY
Error on file with url: 0B--uc1VDpk
Error on file with url: 0B9OOCuOQ-s
Error on file with url: 0BRU3kTcH4s
Error on file with url: 0BTkbNsnyiA
Error on file with url: 0BUK4xDHePY
Error on file with url: 0EESEzTk150
Error on file with url: 0FF0X-yAiWQ
Error on file with url: 0HaOUEGWOSw
Error on file with url: 0Hp28qPzIAA
Error on file with url: 0KWa-S5GuxA
Error on file with url: 0LmLzuiUUlk
Error on file with url: 0Lm_tAq3c5s
Error on file with url: 0NwJfHxeDlI
Error on file with url: 0PGINPWtn20
Error on file with url: 0PSC_Ecg0O8
Error on file with url: 0PVCKLkl8ag
Error on file with url: 0PbImn6M0hw
Error on file with url: 0QMTQThbJug
Error on file with url: 0RE1oid4DWI
Error on file with url: 0Rd9RGVGvZ0
Error on file with url: 0S_fwdiLEh4
Error on file with url: 0Tb0_cbS780
Error on file with url: 0Tr9wpaIxqk
Error on file with url: 0VU_S7lglg0
Error on file with url: 0Voje08UP1A
Error on file with url: 0WmC5VIaXrE
Error on file with url: 0XuAi5gW_VA
Error on file with url: 0ZkWw9h3XA4
Error on file with url: 0a8tSapa55g
Error on file with url: 0bLyzvMLSOM
Error on file with url: 0dJJJSF8QHk
Error on file with url: 0dWGHbTd0zc
Error on file with url: 0dnTLVSBTP4
Error on file with url: 0e12pZkxGPU
Error on file with url: 0eF2vQuwSpE
Error on file with url: 0eH55p4xKOs
Error on file with url: 0f4bg5p4OzE
Error on file with url: 0fmqRfeZsPI
Error on file with url: 0hX07CIoIAU
Error on file with url: 0hqMSDxOmYM
Error on file with url: 0i0dC-LXgqk
Error on file with url: 0iIT1o8hInQ
Error on file with url: 0iK4Quxg9mI
Error on file with url: 0jS8QrZDNtY
Error on file with url: 0kYz5GfrR04
Error on file with url: 0kmsii2ui60
Error on file with url: 0kqL4bQln_M
Error on file with url: 0lWkVzOJBaE
Error on file with url: 0lobKgUP4zM
Error on file with url: 0mB6hdTRVOE
Error on file with url: 0mq27PFhS-k
Error on file with url: 0nMq9Pgq3QU
Error on file with url: 0nmAViDz71E
Error on file with url: 0oilh53BSsI
Error on file with url: 0pOjsLLhu1Q
Error on file with url: 0pQQjYt2Y5o
Error on file with url: 0pUSd3ok4zY
Error on file with url: 0pe5ru0UChI
Error on file with url: 0s0tDYJBdcA
Error on file with url: 0sH4FD09k1c
Error on file with url: 0t8MW-I1ANI
Error on file with url: 0uP6LVAz4g4
Error on file with url: 0ub7fC88SQ0
Error on file with url: 0v7uwnyCEDA
Error on file with url: 0vMG15_aSEI
Error on file with url: 0vn7kLjfolc
Error on file with url: 0wbq0qSoMSY
Error on file with url: 0zmCSMD2ABw
Error on file with url: 1-ef6P4AwO8
Error on file with url: 10pO-RARkrk
Error on file with url: 11cYs26Si3g
Error on file with url: 128u8MfiUIo
Error on file with url: 12Fh-k5VBEY
Error on file with url: 12K4PFm6afY
Error on file with url: 12Mx6lZKuhk
Error on file with url: 13ZuHXWZ7wo
Error on file with url: 13weCXte9nQ
Error on file with url: 14NIQeS-jdo
Error on file with url: 14rhCTHps1k
Error on file with url: 15K_I-QYheY
Error on file with url: 18XfgC3k5HQ
Error on file with url: 1AF7njfEAbU
Error on file with url: 1Awy7iTzg78
Error on file with url: 1BiIm_oRznM
Error on file with url: 1BvgpCbnqLk
Error on file with url: 1CoqfnR9zgA
Error on file with url: 1EPGQNGXD7g
Error on file with url: 1EUS00wCgqw
Error on file with url: 1EVZTbFPRC0
Error on file with url: 1EY9ENfksiI
Error on file with url: 1EijzE_lyBc
Error on file with url: 1EyTQPAtlas
Error on file with url: 1GNnuSqjjTk
Error on file with url: 1G_4kX3f7eA
Error on file with url: 1Gbs_uCx49M
Error on file with url: 1H1hGDnBmxU
Error on file with url: 1I6b9vxgcBY
Error on file with url: 1IEkxjhdqFA
Error on file with url: 1Jfw65C6Gm8
Error on file with url: 1Jo5zirRAsc
Error on file with url: 1KIFHK-XhFg
Error on file with url: 1KXnTzTdA8E
Error on file with url: 1NE2dmjeEGw
Error on file with url: 1NL2T6BXaZk
Error on file with url: 1Nh2fjXA7t8
Error on file with url: 1O0k0VeW224
Error on file with url: 1OAxHLxQSXw
Error on file with url: 1OmEiIk86YM
Error on file with url: 1P5ZNQM0KvA
Error on file with url: 1Qa_KmPeUwg
Error on file with url: 1RHPhNa5-cI
Error on file with url: 1R_INOdVrYk
Error on file with url: 1R_KVZslMCo
Error on file with url: 1TNN7l_jJ9k
Error on file with url: 1TziQdd1z0A
Error on file with url: 1VqEURDUqy4
Error on file with url: 1VtKsDxzze8
Error on file with url: 1WCOSxbrVoY
Error on file with url: 1XwZx-1gvwI
Error on file with url: 1Y-3V2s3vaw
Error on file with url: 1YYx9m5A-NI
Error on file with url: 1Z2CeDGslCE
Error on file with url: 1ZzndBGaOOQ
Error on file with url: 1_7zM2snMig
Error on file with url: 1_s_Gyqz_DY
Error on file with url: 1a5kX-phkrE
Error on file with url: 1aauRGKAabQ
Error on file with url: 1aeiXjVOgEM
Error on file with url: 1auwOk2za6A
Error on file with url: 1cBS2EG9Z9Q
Error on file with url: 1dF5S98_K9g
Error on file with url: 1dKbuBiOatY
Error on file with url: 1e8_QFOs-24
Error on file with url: 1fkfrF3lsLA
Error on file with url: 1g-Hpl40jQs
Error on file with url: 1h2zniaaRLo
Error on file with url: 1hhd4w9HO8o
Error on file with url: 1kakudzrgao
Error on file with url: 1kypL9o-Qf8
Error on file with url: 1lCjjUzKuSA
Error on file with url: 1lmOBGSazx4
Error on file with url: 1lndiRsq2uc
Error on file with url: 1lwPl--JDFg
Error on file with url: 1m5X5D5FMuk
Error on file with url: 1mGBv8BSBAw
Error on file with url: 1n3eKHzw--M
Error on file with url: 1n8cD6TnJ20
Error on file with url: 1naNJ2STVTc
Error on file with url: 1nf2uVh_3D8
Error on file with url: 1o4H9mfalXs
Error on file with url: 1oXFhefL9YU
Error on file with url: 1pj2QXlWRUo
Error on file with url: 1pk6N1-zAPk
Error on file with url: 1qqwYMaVdI0
Error on file with url: 1rVeTjfdu5I
Error on file with url: 1rWmaieAZYw
Error on file with url: 1s-hvD58kmw
Error on file with url: 1u3qq-M3x0U
Error on file with url: 1u5Wd8BPhI4
Error on file with url: 1vj4aovf2tQ
Error on file with url: 1woOpalZnP0
Error on file with url: 1xgbtugwJzA
Error on file with url: 1y3FP02CV9k
Error on file with url: 1zyfcTzAS90
Error on file with url: 2-FJmDDOtc8
Error on file with url: 2-NtJbfP8ZI
Error on file with url: 206Sai1pBVw
Error on file with url: 20cF8qf0kQA
Error on file with url: 20zZCE9oTec
Error on file with url: 22BlBLVMPSo
Error on file with url: 22asLKwPj74
Error on file with url: 22fW30DrCU8
Error on file with url: 22x85PoO3w8
Error on file with url: 23BccwSWhIg
Error on file with url: 258-9gqBuqI
Error on file with url: 26FxdA81vCw
Error on file with url: 2AFgJd1dT5I
Error on file with url: 2ASLJcwOfTo
Error on file with url: 2AYa-PvJ9Jw
Error on file with url: 2B33BV8jQdM
Error on file with url: 2BuwCMD9sEQ
Error on file with url: 2Ckyp2TJ5HQ
Error on file with url: 2D1nqqN3JHw
Error on file with url: 2DMxC7XfLq0
Error on file with url: 2E9jmBaddl4
Error on file with url: 2EtoSQ4ph-4
Error on file with url: 2HFYwzZcX-U
Error on file with url: 2HNcOdLcarw
Error on file with url: 2IC_vXZBG5A
Error on file with url: 2JD-mGyQdjA
Error on file with url: 2JIngvgryY8
Error on file with url: 2JTbciS3PSQ
Error on file with url: 2JVcK5o_Txk
Error on file with url: 2JlOHPGSV58
Error on file with url: 2M-fylTjE5w
Error on file with url: 2NGDnURdEFw
Error on file with url: 2NSoT_1X3i0
Error on file with url: 2T73RM75SlE
Error on file with url: 2W3Nu4iFtL0
Error on file with url: 2XEAcsg7fh0
Error on file with url: 2XdWIKnSbRs
Error on file with url: 2Z3F3ygCIO4
Error on file with url: 2ZciT0XrifM
Error on file with url: 2_DuQNs9OrY
Error on file with url: 2_iDWYTVPlU
Error on file with url: 2arAGddsr3g
Error on file with url: 2c-KkKFdWeM
Error on file with url: 2dRaizKNE-Y
Error on file with url: 2f6o_YV0XME
Error on file with url: 2fiGT4EI0BQ
Error on file with url: 2gPgtMwwph8
Error on file with url: 2gyB9vxHl9w
Error on file with url: 2h4_GJXW8os
Error on file with url: 2hERcFiJUBY
Error on file with url: 2hLOyCkEtpE
Error on file with url: 2hTJNeuYlME
Error on file with url: 2kdY7vaRdAw
Error on file with url: 2l6p8vXNApo
Error on file with url: 2lMTK0_UmuQ
Error on file with url: 2lVWEZEsIpc
Error on file with url: 2lq5avTX1Zw
Error on file with url: 2mPh7j0hjQo
Error on file with url: 2qCBLK4_Buc
Error on file with url: 2qgTK9cj_MY
Error on file with url: 2rVeuUjKD28
Error on file with url: 2r_-0nW2gQw
Error on file with url: 2s-CaT7tqCc
Error on file with url: 2s-Gp5zbm3o
Error on file with url: 2svJenaBtmE
Error on file with url: 2u1pfzhE_Sk
Error on file with url: 2u4zVnqsmds
Error on file with url: 2uUbpz-9qfs
Error on file with url: 2uXCuhifodc
Error on file with url: 2xQsT1M1qOc
Error on file with url: 2xWZskojho0
Error on file with url: 2xnNn3tUIWo
Error on file with url: 2zhPA6XkCYE
Error on file with url: 3-BWobIGAoU
Error on file with url: 3-gc_OFOkaE
Error on file with url: 30xkJQHLm7M
Error on file with url: 31EAM4WDk6A
Error on file with url: 32IGgUxuclU
Error on file with url: 32aIg_fsoeI
Error on file with url: 32gGPiBp66I
Error on file with url: 33X92PPbWM8
Error on file with url: 33anADi1cIs
Error on file with url: 34fQIfCd4X0
Error on file with url: 34mSEAjJdjM
Error on file with url: 36UCcMKzXG0
Error on file with url: 36VXMB-1864
Error on file with url: 38php3NHfoE
Error on file with url: 39UPHWHrQRw
Error on file with url: 3BTTvj5U8I8
Error on file with url: 3BTcNj9z_-Q
Error on file with url: 3D0IDDMvXHE
Error on file with url: 3GUv5-YXvM8
Error on file with url: 3HGTbNUucQI
Error on file with url: 3HbBQb8Zdd0
Error on file with url: 3HpAmr5BApU
Error on file with url: 3IJaayNlvVI
Error on file with url: 3JD32kB0p2M
Error on file with url: 3KdvlPBYf90
Error on file with url: 3KeL_P4f7zU
Error on file with url: 3M6VR-eu2aw
Error on file with url: 3MOo_EYcNVk
Error on file with url: 3NsoARnRTy8
Error on file with url: 3OHi36-B4yk
Error on file with url: 3OIKKa5N1Ug
Error on file with url: 3PEmclvFafY
Error on file with url: 3PmPsTdL3ic
Error on file with url: 3QidWjDyydg
Error on file with url: 3RSt6oMG_xQ
Error on file with url: 3RsP2e4Mot4
Error on file with url: 3RwEFkNUbek
Error on file with url: 3SVd28rXb7c
Error on file with url: 3TB0dB1r59M
Error on file with url: 3TBuoK8HCaA
Error on file with url: 3W2qDSxIX84
Error on file with url: 3XTeDdYMT50
Error on file with url: 3YnQopP_qpk
Error on file with url: 3ZbXC6kjwic
Error on file with url: 3b2ESbkoN7U
Error on file with url: 3cafU1qc_WU
Error on file with url: 3cxLhOX2ZpM
Error on file with url: 3d29WiB0bdY
Error on file with url: 3dFnoGH2FY8
Error on file with url: 3dtX4Blde_Q
Error on file with url: 3eHFt2PcCl4
Error on file with url: 3egAFUTDL5c
Error on file with url: 3ek_TD_ZAWA
Error on file with url: 3fyLsjFKklQ
Error on file with url: 3g_F1hZilGQ
Error on file with url: 3hOgtwfZ-S8
Error on file with url: 3hVdCp89flk
Error on file with url: 3j8WddQCU-8
Error on file with url: 3jbDbpRROVE
Error on file with url: 3jwxRj2t0O0
Error on file with url: 3kMLZrzGmiw
Error on file with url: 3kWzeKKT3vc
Error on file with url: 3lVdvoZ7QlU
Error on file with url: 3mFUZVA5yes
Error on file with url: 3o_HjkcpE1o
Error on file with url: 3p3EiTVH38w
Error on file with url: 3pCRnMElL20
Error on file with url: 3pg5Y8wh0zs
Error on file with url: 3pqsPF9EDFU
Error on file with url: 3qxA0DBywbE
Error on file with url: 3rc8ZmMLip8
Error on file with url: 3s7CvEb7uU0
Error on file with url: 3sMdfQJkRys
Error on file with url: 3tXJPvNNLrs
Error on file with url: 3treiWI6jJ0
Error on file with url: 3vCzj1sScwU
Error on file with url: 3wCl50rIbf4
Error on file with url: 3wfyU4s7uOo
Error on file with url: 3x_jEEYhYQk
Error on file with url: 3zsENgAZ3KU
Error on file with url: 4-DWFSR3s3w
Error on file with url: 40fJ4B9SprQ
Error on file with url: 40skoBHzsQQ
Error on file with url: 418IOr2BUEA
Error on file with url: 41v2CdNgfoY
Error on file with url: 43q7q5eka1E
Error on file with url: 44FBaU-rR58
Error on file with url: 46TUdoPSyNw
Error on file with url: 46VyA4G--NM
Error on file with url: 47-yxXP2C2I
Error on file with url: 47DWmAQOa-k
Error on file with url: 47EtD0JFhgU
Error on file with url: 481x5FWS_PQ
Error on file with url: 4ArBTfomxlE
Error on file with url: 4BMdqLhJAmQ
Error on file with url: 4BYr927O_TU
Error on file with url: 4Bdh7mT5D10
Error on file with url: 4BukLBuYQXY
Error on file with url: 4COTtNCcMK8
Error on file with url: 4DI8WgUxWfg
Error on file with url: 4DOJrvb_J3E
Error on file with url: 4ErtVRQPwiE
Error on file with url: 4FY8MhU-KKs
Error on file with url: 4GKSD_PcVqg
Error on file with url: 4GmwnmGfjnw
Error on file with url: 4H6gQvTHbls
Error on file with url: 4HIAkas3Kf4
Error on file with url: 4J4CWRcuPcs
Error on file with url: 4JDPEvYUXCo
Error on file with url: 4Jhl7_t15Yg
Error on file with url: 4KyY9SprcEU
Error on file with url: 4MfP1oG144o
Error on file with url: 4MyuEVWmDK0
Error on file with url: 4OIHO-SP1V0
Error on file with url: 4Okm93juiFg
Error on file with url: 4OnASJycIJc
Error on file with url: 4OnASJycIJc
Error on file with url: 4PjxfZ21z3w
Error on file with url: 4QI8nH51YLo
Error on file with url: 4RPzqRSS-eM
Error on file with url: 4SJvaYXAEPI
Error on file with url: 4T5zooBp5_s
Error on file with url: 4TcGsnU9qlg
Error on file with url: 4Tvi4L7EeNU
Error on file with url: 4UFiFkiHNow
Error on file with url: 4UzeYr8caX4
Error on file with url: 4V2DHkS8aoU
Error on file with url: 4V73A31wI94
Error on file with url: 4VtoJhljpnU
Error on file with url: 4WIvipkmKdk
Error on file with url: 4XaoykkQA5g
Error on file with url: 4XqI85Mo0GM
Error on file with url: 4XtFq76AY6w
Error on file with url: 4_YaZNxuqYE
Error on file with url: 4_rgUEqNG6Y
Error on file with url: 4aJ1hV6wo_c
Error on file with url: 4b0CmTDlMlg
Error on file with url: 4bGomz-6U6I
Error on file with url: 4c8fGnShaZU
Error on file with url: 4ddtjqy4DEQ
Error on file with url: 4fC8P3y3BDE
Error on file with url: 4gQ-A35NN4o
Error on file with url: 4gaVOFEietM
Error on file with url: 4h0e8bLuHD8
Error on file with url: 4hQEJmkCtjA
Error on file with url: 4iiz5djoJEc
Error on file with url: 4j_J1qmYzlY
Error on file with url: 4jcQukKUZXA
Error on file with url: 4jtDDKIPqS8
Error on file with url: 4lFk5pHql6c
Error on file with url: 4loBrb3A-Oc
Error on file with url: 4mFMj8R9QVo
Error on file with url: 4nP394DRwiU
Error on file with url: 4o7piIUxRl8
Error on file with url: 4ofTKK81N_0
Error on file with url: 4pzeyQOPQwM
Error on file with url: 4qANtOhcKTE
Error on file with url: 4qgruH8jdoA
Error on file with url: 4quc9OPo6tA
Error on file with url: 4sium3pLxSQ
Error on file with url: 4sndHF-sZ2s
Error on file with url: 4t7eTnh6-80
Error on file with url: 4v9JezAruWg
Error on file with url: 4v_2jQV_D5M
Error on file with url: 4zomXTfJGAs
Error on file with url: 5-jeqGV2c14
Error on file with url: 50JX8OaZv0s
Error on file with url: 50QWxCh4T9s
Error on file with url: 50vrmfv53Uo
Error on file with url: 512LYYGAXzo
Error on file with url: 51a3NIZ8qxM
Error on file with url: 51taYFR6xzI
Error on file with url: 52Tjrt020SQ
Error on file with url: 53pHdgzbypA
Error on file with url: 540CscJ2gH4
Error on file with url: 54PqI37EpR0
Error on file with url: 54tXtVic2Qg
Error on file with url: 54uhsnIwJdo
Error on file with url: 55UWbnW8NH4
Error on file with url: 55rrMMaZ1eA
Error on file with url: 569_ad7RCgo
Error on file with url: 56W0xl67Hr0
Error on file with url: 56mJaXoYp8M
Error on file with url: 58xja1crwBs
Error on file with url: 59qnRI_EQ9c
Error on file with url: 5AeVsVbSXkw
Error on file with url: 5B8N-DeCKYA
Error on file with url: 5DYX9kkbdww
Error on file with url: 5FTrfUsNYvE
Error on file with url: 5F_I98EpBkI
Error on file with url: 5H0M3jFV1ms
Error on file with url: 5HBbZPvGC5g
Error on file with url: 5HrvqD6PARE
Error on file with url: 5J7F4Q6rBdE
Error on file with url: 5K2atzobOSQ
Error on file with url: 5KTAysxQb4A
Error on file with url: 5LI4HTRY2hs
Error on file with url: 5LMZgtjtKgA
Error on file with url: 5L_-wkQbVZw
Error on file with url: 5LgFsr7LVCI
Error on file with url: 5MChus_vrGI
Error on file with url: 5MeGuB4XWbE
Error on file with url: 5NHugsFLK00
Error on file with url: 5ObU84_DO1A
Error on file with url: 5PASeSvFds4
Error on file with url: 5TLSJAli4ZA
Error on file with url: 5UQqkimrzF4
Error on file with url: 5UeA2eeVeXI
Error on file with url: 5VUVGvFKemU
Error on file with url: 5WLqnOkOBhA
Error on file with url: 5Xr0vgVu78E
Error on file with url: 5YYSwO6o8dk
Error on file with url: 5_uQmUbzwPM
Error on file with url: 5bpJoWQUjdA
Error on file with url: 5cTgHLbXOUo
Error on file with url: 5cxXHXhZpjc
Error on file with url: 5dBT8-Imj60
Error on file with url: 5dbdOq-uris
Error on file with url: 5eaivRH1_4A
Error on file with url: 5ec6SDhaQd8
Error on file with url: 5eok7Vm-gMk
Error on file with url: 5f7LFF7WVWM
Error on file with url: 5fUvNIhJsl4
Error on file with url: 5fbu7he0n_s
Error on file with url: 5hK4ezPTBA0
Error on file with url: 5iDx1K2VRkY
Error on file with url: 5inbq8YHAxo
Error on file with url: 5k2SAS3BLko
Error on file with url: 5kFmZFD3_SU
Error on file with url: 5kXVcxcPBQQ
Error on file with url: 5kgoHtjXGzA
Error on file with url: 5lLc0O3qujk
Error on file with url: 5lYTR-B5gs0
Error on file with url: 5mI1InieWKY
Error on file with url: 5ozyXy6wK7E
Error on file with url: 5p9RZiqGY6U
Error on file with url: 5qOQTVubCz8
Error on file with url: 5qW75Zxe6TM
Error on file with url: 5rB77N4utZ0
Error on file with url: 5rIrPdQu5uU
Error on file with url: 5rJYT22RP-Y
Error on file with url: 5sz-IwEh3Ok
Error on file with url: 5t9tV1LSfD4
Error on file with url: 5tdMvtBRXqQ
Error on file with url: 5tuCf-4H_OY
Error on file with url: 5u06rQeEfTQ
Error on file with url: 5wh2tcB6Wsg
Error on file with url: 5xEJrUcH7Gw
Error on file with url: 5yI4sANr8G8
Error on file with url: 5yOf96SWuE4
Error on file with url: 5z6_D4-TeNE
Error on file with url: 5zA2HZRPPqs
Error on file with url: 6-yVk_NG3B4
Error on file with url: 61Fu61qNdgY
Error on file with url: 62VU0kQILl4
Error on file with url: 63bmDBqKvXk
Error on file with url: 649Z_jB6zFk
Error on file with url: 64mlTVGMKBA
Error on file with url: 655gsRnE6Ms
Error on file with url: 65ZreFLFo_A
Error on file with url: 66zA98mt16M
Error on file with url: 6767ueaNYkA
Error on file with url: 67t_UJJHGeM
Error on file with url: 68EkUF93ECQ
Error on file with url: 68HxSyp3ZZk
Error on file with url: 68qojp3fQ0I
Error on file with url: 68rkuLUZHqs
Error on file with url: 68s09t41QEs
Error on file with url: 68z74Vp6LSE
Error on file with url: 69mGEsAZRr0
Error on file with url: 6AxwZ2CN3QI
Error on file with url: 6CqR7hwFcnA
Error on file with url: 6EVNExaFguc
Error on file with url: 6FXUt995OHA
Error on file with url: 6GBkHrMBLG8
Error on file with url: 6GogHpn5ukY
Error on file with url: 6KO-Iff4CCE
Error on file with url: 6KrJCrSiYw0
Error on file with url: 6LJa9Pg2SFk
Error on file with url: 6LaTy7aAkf8
Error on file with url: 6LnQjxMDfyU
Error on file with url: 6Lqy9ctkOm4
Error on file with url: 6NH_zGw2AxE
Error on file with url: 6O4O_ZSx7z0
Error on file with url: 6Ogx1VdCxfU
Error on file with url: 6QkLyOod608
Error on file with url: 6RP2uApbZTU
Error on file with url: 6SCP11rOIJ8
Error on file with url: 6T0ADoxRkw4
Error on file with url: 6TA_l2Nk_ao
Error on file with url: 6TPoCmgD9g4
Error on file with url: 6Tb0J9Gi9tw
Error on file with url: 6ThDW4Xbhks
Error on file with url: 6U3Ffvbj-Ow
Error on file with url: 6U52xjxXcfw
Error on file with url: 6WW2E7NEDuc
Error on file with url: 6ZBYrFpQt6w
Error on file with url: 6_PSprgyPhs
Error on file with url: 6_nK3zsHmi0
Error on file with url: 6a1dJ49KuuM
Error on file with url: 6aF01luqdQk
Error on file with url: 6aVbsX2FHI0
Error on file with url: 6apQpveOj6A
Error on file with url: 6bIgJkbj1MM
Error on file with url: 6cLz_YuxEfk
Error on file with url: 6cMymtqCLzk
Error on file with url: 6eePXKgqWIA
Error on file with url: 6f51euFP-Jg
Error on file with url: 6hY1rwhCCH4
Error on file with url: 6icIeHOLTP0
Error on file with url: 6icN2GqyEis
Error on file with url: 6ikKSyT_9Ms
Error on file with url: 6inYOaSqaEc
Error on file with url: 6iokXUJflhk
Error on file with url: 6jYbXH47BBg
Error on file with url: 6l0dra7Fim8
Error on file with url: 6nVk213Whtk
Error on file with url: 6nhXtyBsFB8
Error on file with url: 6ohyBo8Pn8M
Error on file with url: 6qCib6Vjm_M
Error on file with url: 6qmPAthX_Js
Error on file with url: 6rXo-IOKSfk
Error on file with url: 6rs5rTle1bs
Error on file with url: 6v4jsVFXZWo
Error on file with url: 6vCY8nPLYIA
Error on file with url: 6vKYsnAsp2Y
Error on file with url: 6w7H2AIsk4o
Error on file with url: 6wbQwt-UKgE
Error on file with url: 6xMcoZpEGcs
Error on file with url: 6xNoFMahhjM
Error on file with url: 6zWADukcNWA
Error on file with url: 70eJ-gWF8u4
Error on file with url: 70kojumd1uM
Error on file with url: 71CoGjoJUG0
Error on file with url: 72BKNayGJS8
Error on file with url: 72iLc_-kF1Q
Error on file with url: 72q3vBjopPA
Error on file with url: 72r5f8pxoYM
Error on file with url: 746mmjWtkFE
Error on file with url: 74C0U1HrH8w
Error on file with url: 74b2q0QOqHA
Error on file with url: 74msZeaWVc0
Error on file with url: 75EbpCmtWrc
Error on file with url: 7782UlrfDvI
Error on file with url: 781t1enKeXA
Error on file with url: 78G_YLPurmI
Error on file with url: 7AktO-0Gm0Q
Error on file with url: 7BXoQrNpcPY
Error on file with url: 7CZm-6o2W9k
Error on file with url: 7Cs8aKFCgDI
Error on file with url: 7DAhUyVWp2c
Error on file with url: 7DRD88K7V3M
Error on file with url: 7Depqkv8j5s
Error on file with url: 7DjCad9jF2k
Error on file with url: 7DskfiaFdD8
Error on file with url: 7EMy7sVzzq4
Error on file with url: 7ERD8WCYgsk
Error on file with url: 7FW_-g7OOJA
Error on file with url: 7GLjZVJfwek
Error on file with url: 7H8GAq3zPHY
Error on file with url: 7HFOmzh3FFk
Error on file with url: 7IMgYxaq-R4
Error on file with url: 7Kq9blTPvJM
Error on file with url: 7KsRG0VL49c
Error on file with url: 7L94HtKZdQc
Error on file with url: 7LhnENv-9vw
Error on file with url: 7MS8otcr4bU
Error on file with url: 7MoaceIIjZg
Error on file with url: 7OYY9dzs6QQ
Error on file with url: 7PgBJTde5kA
Error on file with url: 7PooVvlwd9Q
Error on file with url: 7QYrVHcmaf8
Error on file with url: 7QkwmMU4w1M
Error on file with url: 7REoFVIXHHE
Error on file with url: 7RkMJt7OM-g
Error on file with url: 7Sztw49SD3E
Error on file with url: 7TV5MQxR5ko
Error on file with url: 7TaY4RSJBck
Error on file with url: 7WUntPVaOQc
Error on file with url: 7YVnQdochB4
Error on file with url: 7YXD50S3tw8
Error on file with url: 7YuKgvSuA8Y
Error on file with url: 7Z_sopYDf-Y
Error on file with url: 7a9-WoeidbI
Error on file with url: 7asjA-_P3dk
Error on file with url: 7atHcuuK1Yo
Error on file with url: 7c7HdzFf86s
Error on file with url: 7cEaqCn8TwA
Error on file with url: 7dEI1B2tlrc
Error on file with url: 7eHPwBxeVpU
Error on file with url: 7efKa4N8Jiw
Error on file with url: 7f6KLAMUS8k
Error on file with url: 7gHTu1mENOI
Error on file with url: 7gfCjSMfYGM
Error on file with url: 7grB9cTHsz4
Error on file with url: 7j2y2z36sRA
Error on file with url: 7jAhBgbdZH8
Error on file with url: 7kZ_gkS0V-c
Error on file with url: 7nirUuW_7bY
Error on file with url: 7oBQeCH8UKI
Error on file with url: 7pkdq6fmcVg
Error on file with url: 7qd40vHs-pk
Error on file with url: 7rtAW7m_F6I
Error on file with url: 7tspJ1ep6bw
Error on file with url: 7u1t8p_p2mw
Error on file with url: 7vUPkJqzuiU
Error on file with url: 7vzcFRktezQ
Error on file with url: 7w6PYJiam8k
Error on file with url: 7wOfPYM-YxI
Error on file with url: 7zVUZzfMS9c
Error on file with url: 7za7WodvjPA
Error on file with url: 7zrikKZzxFM
Error on file with url: 8-H8hg-zZVY
Error on file with url: 81VtsWfJPu0
Error on file with url: 836OrBVw0PY
Error on file with url: 84a-b_LP5eU
Error on file with url: 84vRWN3zZnM
Error on file with url: 87CKNpWprps
Error on file with url: 89RwcHz9taA
Error on file with url: 89vecS1tAXk
Error on file with url: 8AtBY0DmgCk
Error on file with url: 8BFsfexsHhk
Error on file with url: 8BTpawCXnQM
Error on file with url: 8CQV4y42Cms
Error on file with url: 8CfcCQl6lY8
Error on file with url: 8DrmiLhkPKc
Error on file with url: 8EhZYxwau_M
Error on file with url: 8HZ2eCB3usw
Error on file with url: 8Ha6KeO97KM
Error on file with url: 8JLCgryW7a8
Error on file with url: 8JuifZutVdE
Error on file with url: 8LEZ_KJA-6I
Error on file with url: 8Lw_MZDSuRA
Error on file with url: 8NYsukApOUo
Error on file with url: 8N_cnt37Pok
Error on file with url: 8NpdFvVbPLI
Error on file with url: 8RNyYiHhqz4
Error on file with url: 8RyyN4ZhRa4
Error on file with url: 8SBWCxyUMDI
Error on file with url: 8T8rSe4stB8
Error on file with url: 8TcRqLWNh94
Error on file with url: 8U7SZeCLRoA
Error on file with url: 8VT5m_-TPiY
Error on file with url: 8X10RT2SpCg
Error on file with url: 8Xfds0x1DDA
Error on file with url: 8XyVX62Dsiw
Error on file with url: 8ZJKLmE0_PI
Error on file with url: 8ZY5Ba4JNCw
Error on file with url: 8_inKrk_iqs
Error on file with url: 8aTN9NuwxLg
Error on file with url: 8aULHoE_QHE
Error on file with url: 8bMiKVPN_E0
Error on file with url: 8cO5RNUwiqM
Error on file with url: 8cTv6NJymeo
Error on file with url: 8cdoxYyY7Ss
Error on file with url: 8dbmQXYbVAw
Error on file with url: 8ej4ypq7bPs
Error on file with url: 8fa7t3lJUGg
Error on file with url: 8hlzYiS5oQY
Error on file with url: 8iJkYxdeiWY
Error on file with url: 8j8FI-jfw6o
Error on file with url: 8j_3x133bAU
Error on file with url: 8jmXPfXdulE
Error on file with url: 8jplupIma68
Error on file with url: 8kaqhFY4VLA
Error on file with url: 8kx6uaxWLJc
Error on file with url: 8mgg51iN9oo
Error on file with url: 8olP-RiHDX4
Error on file with url: 8rFK3Q3xRLE
Error on file with url: 8rxAlRr3SSg
Error on file with url: 8sBnMwEgHTA
Error on file with url: 8soO3Z2X0mg
Error on file with url: 8t9kp2VWFtk
Error on file with url: 8tLVVx8--BU
Error on file with url: 8u_in07TIWI
Error on file with url: 8wIe0ROnJVk
Error on file with url: 8xrZnSUUiSM
Error on file with url: 8yN_UFhsV-8
Error on file with url: 8ygTid0rhvU
Error on file with url: 8zL4trFJ1LY
Error on file with url: 9-MR9ee7V98
Error on file with url: 9-Ml-6rz4wk
Error on file with url: 9-NLwp41Ii4
Error on file with url: 90Y6_FACJx0
Error on file with url: 90Y8qm3Xbds
Error on file with url: 91J2pDhicyo
Error on file with url: 92xV2vA_3zE
Error on file with url: 931k_yy39Sc
Error on file with url: 934dZkWuBnI
Error on file with url: 93TsJ1Jl48Y
Error on file with url: 94ggdueRCS4
Error on file with url: 95Ni9qqy1KY
Error on file with url: 96dVzyZ58qk
Error on file with url: 97wcAsuibKY
Error on file with url: 98v4roAOfv4
Error on file with url: 999BuITUUNw
Error on file with url: 9AVCTe23710
Error on file with url: 9AylyFbQdV8
Error on file with url: 9CsSNiuhDRA
Error on file with url: 9FOMrxqC_7g
Error on file with url: 9FOMrxqC_7g
Error on file with url: 9G3zjNe4nXU
Error on file with url: 9GLvvqucJ2U
Error on file with url: 9GWFKgvbILQ
Error on file with url: 9HBOXj4vLyU
Error on file with url: 9HI1cOAY7Sg
Error on file with url: 9J6tSrmJ3nE
Error on file with url: 9JQs9r4IUV4
Error on file with url: 9K2NBX3VBAU
Error on file with url: 9K9UkItb5Y0
Error on file with url: 9KhcD1jF17Y
Error on file with url: 9MVP-gQ5ajs
Error on file with url: 9MXrc3lLTdU
Error on file with url: 9Nk0OxXcGkE
Error on file with url: 9OBgvlhdWqU
Error on file with url: 9Os70gbxui4
Error on file with url: 9Qf946KKFow
Error on file with url: 9RTIPsf2HxU
Error on file with url: 9SppA9v1ZGE
Error on file with url: 9TfDzmEOkmg
Error on file with url: 9VF7njaSSHM
Error on file with url: 9VGi9SSC0z4
Error on file with url: 9Vk9bo5S6vc
Error on file with url: 9W-WB1Tsjis
Error on file with url: 9W1E3U6kEg0
Error on file with url: 9W20LZZisVI
Error on file with url: 9W3bfUnodG8
Error on file with url: 9WCBERdFjz0
Error on file with url: 9XSlDeXQpMc
Error on file with url: 9XZkOTZEOaI
Error on file with url: 9XeDQ4XDP30
Error on file with url: 9ZB78RpeE4w
Error on file with url: 9_VsZVD9Rng
Error on file with url: 9_cxkTxCOcE
Error on file with url: 9c6WcnArJ6w
Error on file with url: 9dqF-BIo4ns
Error on file with url: 9f38QaUboW8
Error on file with url: 9g_W1NOs8CA
Error on file with url: 9hDZbJmudKA
Error on file with url: 9hcJPb3Vv8o
Error on file with url: 9hu-TYe15sE
Error on file with url: 9iIjB0OEr5k
Error on file with url: 9icSHscHlt8
Error on file with url: 9keUDAbEUBM
Error on file with url: 9kfbUp1XYbc
Error on file with url: 9mNXWD12W1o
Error on file with url: 9mNZX0W_TN8
Error on file with url: 9mybb3ERzWA
Error on file with url: 9nUAE9vpSY8
Error on file with url: 9nnr00JRAC8
Error on file with url: 9nqEdkF94-o
Error on file with url: 9o0Oikw0hIE
Error on file with url: 9o8mTtPVMf0
Error on file with url: 9oBYHKATqfE
Error on file with url: 9oa0X57vzlY
Error on file with url: 9pqAq1lICdk
Error on file with url: 9qXUnR08m2E
Error on file with url: 9sER6dZGl0I
Error on file with url: 9tP4WPyJw88
Error on file with url: 9tSHQcWYBLU
Error on file with url: 9uPQEgu7bE0
Error on file with url: 9ug7ZG3ljWk
Error on file with url: 9urBm5gQ_Gs
Error on file with url: 9ut5WfWxdGg
Error on file with url: 9vDEBXJM7AY
Error on file with url: 9xOmJYt-1yE
Error on file with url: 9xVZ8KEyb3E
Error on file with url: A-4BuejLsCw
Error on file with url: A-6CqHawt-M
Error on file with url: A-lRaK2g1u4
Error on file with url: A26IyKVUR60
Error on file with url: A2_Lo5l0uRE
Error on file with url: A2aOjX5_jm4
Error on file with url: A2zm6uYGnHg
Error on file with url: A4c4pvk60Oc
Error on file with url: A4nI_XDCk_Q
Error on file with url: A5TiJhqL-6E
Error on file with url: A5dw2aUiCj8
Error on file with url: A6uQKSXdfLY
Error on file with url: A7piU-e65-Q
Error on file with url: A8_fbHpvMqk
Error on file with url: A8jz8KA7raQ
Error on file with url: A8ruuk_pqFs
Error on file with url: A9-OUQWm-5I
Error on file with url: AAR8KdSNs_4
Error on file with url: ACBanb_b5GA
Error on file with url: AE3zilMq_Dk
Error on file with url: AEV4yGFJLuY
Error on file with url: AEyoZlfSIak
Error on file with url: AFEvzoKT6nk
Error on file with url: AFfZTmYikHQ
Error on file with url: AHEJ8CAblEI
Error on file with url: AHy494wECfc
Error on file with url: AJQktuG_H9o
Error on file with url: AJnKFJ03SMI
Error on file with url: AKInKCwPze0
Error on file with url: AKm1LNhAH-I
Error on file with url: ALXMMc4R4t4
Error on file with url: ALfeuM2xyY4
Error on file with url: ANJKEC5ATos
Error on file with url: AO2u0VzHGJo
Error on file with url: AP2ZiXQm2C8
Error on file with url: APHKpqQUnVE
Error on file with url: APa_Xoa9qgg
Error on file with url: ARDBC9HIQWw
Error on file with url: ARR0-PoqnQg
Error on file with url: ARyhEbmqxj0
Error on file with url: ASBrWgB2nxc
Error on file with url: AV1_UkwhHKA
Error on file with url: AWUXdtnxV1g
Error on file with url: AWXSEtjrZbc
Error on file with url: AX22ByTmdTw
Error on file with url: AXaZ3CK78z0
Error on file with url: AYrNcAyCwdg
Error on file with url: AYtHGq3uci0
Error on file with url: A_ybBnNTI9Q
Error on file with url: AaIAwYLktrE
Error on file with url: AaJ40-6cjAA
Error on file with url: Ab0MWgeZ5dc
Error on file with url: AbAYyHXfNKA
Error on file with url: AbCPk7piMHs
Error on file with url: AbXVBuM2oqs
Error on file with url: AblF-uEMUis
Error on file with url: AdLbJMuKiY4
Error on file with url: AeHBw5zaYDM
Error on file with url: Af2GcmoQT8o
Error on file with url: AfxBwWbAJC4
Error on file with url: AhfEtLKJRe4
Error on file with url: AhtahasGbmI
Error on file with url: Aigys-exvkc
Error on file with url: Aj2fGbZKUWg
Error on file with url: AlhVhPpCFUQ
Error on file with url: AllsfRJTHV8
Error on file with url: AmSQATdFxUM
Error on file with url: AmVjKCRdzwg
Error on file with url: AnB0_lSV5-4
Error on file with url: AofWQQ64_dg
Error on file with url: Aoy3LDCVbq4
Error on file with url: Ap3tSWSNyqs
Error on file with url: ApcjoUJxD0Y
Error on file with url: Aqf9KDYudvg
Error on file with url: AtDIibt5QH0
Error on file with url: At_39pc8Nnc
Error on file with url: Au_nrR-6tds
Error on file with url: Aumfwy_T_C4
Error on file with url: Av5K_6e_0e0
Error on file with url: AvHVhq0ySDo
Error on file with url: AvRMUkpkn2I
Error on file with url: Avdh1ZeMMFM
Error on file with url: Aw89ZmdNpYU
Error on file with url: AwJKAHrDy-Y
Error on file with url: AxP6O0JU92A
Error on file with url: AxfdQ2df_jM
Error on file with url: AxxTps__5k8
Error on file with url: Ay8Cg1HbuK8
Error on file with url: AyV1ye6KjnI
Error on file with url: AyXdc_FxSsg
Error on file with url: B3jxpxPZ2KU
Error on file with url: B4_pWhY_HUo
Error on file with url: B4gD2EU3yks
Error on file with url: B5IQzBt6iIw
Error on file with url: B5pwMvvNRgY
Error on file with url: B73CsQUm7EM
Error on file with url: B7OvIBY8wFo
Error on file with url: B7T7g1xZPyE
Error on file with url: B8MkMGawnjQ
Error on file with url: B9BV9qkhMxk
Error on file with url: B9qJI_WqgGA
Error on file with url: BAYTVUnjyOE
Error on file with url: BB5r3YrzZhg
Error on file with url: BCyF0cIzEHg
Error on file with url: BD0l3BdGzTU
Error on file with url: BGIgREASPpg
Error on file with url: BIsbuaHH0DA
Error on file with url: BL3Hs0G1jbM
Error on file with url: BM54BNx0tPc
Error on file with url: BMOQppbcUFE
Error on file with url: BN423VGzM44
Error on file with url: BOZencSVjhg
Error on file with url: BS9thRdwEOI
Error on file with url: BT5eMHdqXyk
Error on file with url: BTFZbxrWg4k
Error on file with url: BV1xF6KD3oE
Error on file with url: BWC4XPPHGNc
Error on file with url: BXfHdI3om0E
Error on file with url: BaEmn4dUgu4
Error on file with url: BaOvt4DGHnU
Error on file with url: BdS91v8JqzA
Error on file with url: Bf2kVmAZq7Y
Error on file with url: BgQcQtZqJFc
Error on file with url: Bi52-qWRpWo
Error on file with url: Bj0IxX7NqZw
Error on file with url: BkIWbIzpCbo
Error on file with url: BkThrDOfg7Y
Error on file with url: Bng8qrdCDZU
Error on file with url: Bo6rrp_QMAw
Error on file with url: BpX28qeArd4
Error on file with url: BqNrlyHL9fA
Error on file with url: BtuFypVzZWk
Error on file with url: Bv9rvPzEiDw
Error on file with url: BxKm4eSfS8M
Error on file with url: BxpIKGXC6pw
Error on file with url: BydJL414iqM
Error on file with url: BzlLC_uoAjo
Error on file with url: C-EB0W16Nus
Error on file with url: C-RdIh2ZOUY
Error on file with url: C04Mon93hpM
Error on file with url: C0i4NyXCKA4
Error on file with url: C0kIqJySX7s
Error on file with url: C0rb0mAkN4Q
Error on file with url: C1tGk1l3HwM
Error on file with url: C2t_Xr_fUCI
Error on file with url: C3nPu5x9pLc
Error on file with url: C4FJo32lVv8
Error on file with url: C4funUEjEM4
Error on file with url: C5-U9Dcb7Ng
Error on file with url: C5Gm_tiXQmw
Error on file with url: C5LYVgFYWQM
Error on file with url: C5abwJ-HVJs
Error on file with url: C7lAQV_qxo8
Error on file with url: C8LtaekAEYo
Error on file with url: C9l1kufKsu4
Error on file with url: CAv2L-ZHu1E
Error on file with url: CBzOvyTfn4E
Error on file with url: CDVnmZoKvUE
Error on file with url: CDyo_EWLogw
Error on file with url: CFwqYlec_Jw
Error on file with url: CG22N8kvfsA
Error on file with url: CGyAxXkkQqo
Error on file with url: CHY7WclU5w0
Error on file with url: CHcsT6yStgU
Error on file with url: CHnFnbBefvg
Error on file with url: CNA9EIACVDU
Error on file with url: CNDwhX4_fTk
Error on file with url: CO1eyjZ2vXw
Error on file with url: CPCgsB9fEjI
Error on file with url: CPeluGjlEII
Error on file with url: CQAhcz-Vzaw
Error on file with url: CQdKy-JTjAE
Error on file with url: CQkUF-C9uqw
Error on file with url: CRTisiXqYzs
Error on file with url: CRa3pEX7JJU
Error on file with url: CT2b8Krv5I4
Error on file with url: CTAdmmU3OHg
Error on file with url: CUEflk-MLvk
Error on file with url: CUMcrpN2_KM
Error on file with url: CUSOu8tpO8w
Error on file with url: CV2I4Qwqj7U
Error on file with url: CVLKPIJTuLg
Error on file with url: CXg61AqwnIs
Error on file with url: CXmf5uO7D_0
Error on file with url: CZF7ztJ7g1A
Error on file with url: CaEGakpQeyQ
Error on file with url: CaQDpTp-8js
Error on file with url: Cbo-v02GXDc
Error on file with url: CbxTCVM0I_E
Error on file with url: Ccxkpg9AcPw
Error on file with url: CdUsD4Kog6E
Error on file with url: CeBME5hor8w
Error on file with url: Cf9xu4B_DyA
Error on file with url: Cfu3LxVa99c
Error on file with url: Cl9JK3_qJm0
Error on file with url: CnMglcRhGXg
Error on file with url: CoZkvI2VXFM
Error on file with url: CpBd6ZXthSk
Error on file with url: CphSZEjHy8Y
Error on file with url: CqcNnVwIBmo
Error on file with url: CrdfADNUjbI
Error on file with url: CsKZWHvaNfI
Error on file with url: CvGEblJJ2-c
Error on file with url: CwcGnCuUs74
Error on file with url: CxoC6pYPrvM
Error on file with url: Cy6iBGOGe_Y
Error on file with url: CyYpn3FLyWM
Error on file with url: Cz1vlRPp6eM
Error on file with url: Czd4UfHq_wM
Error on file with url: D-O0n887AAY
Error on file with url: D-P5ttdrCDE
Error on file with url: D10rigO8nYk
Error on file with url: D1YMAJn4zNk
Error on file with url: D1kkun0X83M
Error on file with url: D2d_pJrvseg
Error on file with url: D2lLKkniynE
Error on file with url: D3i7T2tkSNA
Error on file with url: D5BfgOuyVWU
Error on file with url: D6KIwP2hoCo
Error on file with url: D7MjQbmCeYY
Error on file with url: D7rMsuf0BeY
Error on file with url: D8QiANW59_s
Error on file with url: D9HLYX-eMoo
Error on file with url: DAAHW6q7VXo
Error on file with url: DCQvH23jLDI
Error on file with url: DCVrvSt9P3U
Error on file with url: DD3ZQk6pPIg
Error on file with url: DDLfY7isWqk
Error on file with url: DFm3iR1RMCk
Error on file with url: DG5Klj9tItY
Error on file with url: DGLLf_na8L8
Error on file with url: DGlr9NYEzHg
Error on file with url: DGnaBy3D6lI
Error on file with url: DH9Ud0hwZ4w
Error on file with url: DJEQh0ro9EQ
Error on file with url: DK8jjKQas-0
Error on file with url: DKiK_vjxJ64
Error on file with url: DN3Y175Zfi8
Error on file with url: DNoaK0pIxqU
Error on file with url: DOQzSvJBu4E
Error on file with url: DPUGQ-Ur40c
Error on file with url: DRb2phzQNFA
Error on file with url: DSKhq6mB1qU
Error on file with url: DUlBuEZQ-Fk
Error on file with url: DVTQluB7fQo
Error on file with url: DW2FiIAShEU
Error on file with url: DX1_3zpap9o
Error on file with url: DXPvapujm7A
Error on file with url: DXlX82LxMdo
Error on file with url: DY9QUo-7ROQ
Error on file with url: DYHUhatU-5M
Error on file with url: DYU68rzS5qY
Error on file with url: DYpEtLG_Qds
Error on file with url: DZ1esuJ-mg4
Error on file with url: D_sqkX3YyjE
Error on file with url: DaU1U7muLm4
Error on file with url: DabsW3JWQM0
Error on file with url: DfXdT4COPsI
Error on file with url: DhpVmlDnuWg
Error on file with url: DiqIWvwMW38
Error on file with url: DjMlgsL2Ai0
Error on file with url: Djd4EVPp0tM
Error on file with url: DkcJEJoXf14
Error on file with url: DkifkzOZdKY
Error on file with url: DlUo6gcCCj8
Error on file with url: Dlv0T3CqJvU
Error on file with url: DnaM10xvJpQ
Error on file with url: DoERHc-Tcis
Error on file with url: Dob3qIlv-us
Error on file with url: Dq7n04YfLkU
Error on file with url: DqEdQFvzjhk
Error on file with url: DqibJDMGJmg
Error on file with url: Dr0vE6fjrGk
Error on file with url: DrAo1741KFU
Error on file with url: DrdF6qrl1a4
Error on file with url: DreEH-T1eR8
Error on file with url: Dri66YsIkz8
Error on file with url: DsNh5TEWCtU
Error on file with url: DsSqlZ2su8U
Error on file with url: DseNtwRYmA8
Error on file with url: DsoYHpo6dzw
Error on file with url: Dt9E3_yjGgE
Error on file with url: DtPyv9Dhf5g
Error on file with url: DtZCy9gJE5k
Error on file with url: Dw9Z_nSDIuE
Error on file with url: E-bu4u7g66I
Error on file with url: E1Wkc6yu-tQ
Error on file with url: E1ikhf1Jvjk
Error on file with url: E1o111ULMdI
Error on file with url: E2BEVvo_AYM
Error on file with url: E2_hiR8V8Co
Error on file with url: E3IBulb0Tag
Error on file with url: E4-kpjTpD70
Error on file with url: E4UAwhrHRXM
Error on file with url: E5GxtQtYmkU
Error on file with url: E7VauSejrT0
Error on file with url: E8AdRpyIUzs
Error on file with url: EAqOpuHnAJ8
Error on file with url: EC9mm6L84Is
Error on file with url: ECdxI8ZXPUs
Error on file with url: ECuBEWi44vE
Error on file with url: EDO0l7VevMs
Error on file with url: EEmUY-kwss8
Error on file with url: EF9C-cBo6dU
Error on file with url: EGCsoEE-JGI
Error on file with url: EGp8kTRLoNw
Error on file with url: EI5uusDcFlM
Error on file with url: EIJjqVLWu4U
Error on file with url: EImT5F-nf4c
Error on file with url: EJCng0rI-9o
Error on file with url: EJLQueQZE6Y
Error on file with url: EKFSWrTJyig
Error on file with url: EKFntPRoWOk
Error on file with url: EKQ1d5OYIsM
Error on file with url: EKfwytA5Nj8
Error on file with url: EKizCrv0ZwU
Error on file with url: EKqIY0LWh_8
Error on file with url: EKvIoShHCmk
Error on file with url: EKyu-fBCO9k
Error on file with url: EL0ztYzolF0
Error on file with url: ELLLHLp0rNY
Error on file with url: ELPAuiMXALY
Error on file with url: ENrTV4CDQCY
Error on file with url: EOzXhMpHv4g
Error on file with url: EQZZrlSA1Ps
Error on file with url: ERCgVlLK9p4
Error on file with url: ES-vBrrHIyY
Error on file with url: ES7SBAKXRO4
Error on file with url: EU3UkwbF-Sg
Error on file with url: EUmM6A8CZ-M
Error on file with url: EVxxan1J5Ag
Error on file with url: EVz1WOABHbk
Error on file with url: EW3wPjC2oxg
Error on file with url: EW77Yn8yMyY
Error on file with url: EW8seL8tXsQ
Error on file with url: EWArSBqF8wY
Error on file with url: EWLSGgxfXfE
Error on file with url: EWNf_WI5Rgo
Error on file with url: EWZS0teNuzg
Error on file with url: EWhSatpCm6o
Error on file with url: EWs68a1Aa3U
Error on file with url: EX-dqihLUwY
Error on file with url: EXF1fHaMu8c
Error on file with url: EXT3yXuG-aE
Error on file with url: E_6Jw3b12gA
Error on file with url: EalWI4FXDEs
Error on file with url: EaoSGpQHwwY
Error on file with url: EcnlJgvAAaI
Error on file with url: EcoY2vVHGvw
Error on file with url: Eeo1zFykFhc
Error on file with url: EfVHED19GQg
Error on file with url: EjDknrCVgtc
Error on file with url: Ejf4CZ1z-Fc
Error on file with url: Ek1JPZrhFCY
Error on file with url: ElhXBIBf5Uo
Error on file with url: Eml2NjdsGMI
Error on file with url: EnuKrVV3Bog
Error on file with url: EoaTDCPs_t4
Error on file with url: EogIQMUqi6o
Error on file with url: Epx4scbIDkk
Error on file with url: Eredmm9O2pg
Error on file with url: Es7zvBfxRII
Error on file with url: EsXIGhOK5zc
Error on file with url: EtSldrFXc-0
Error on file with url: EuD-A1ffzLA
Error on file with url: EvXvshYDsAU
Error on file with url: ExHSXEpJgxs
Error on file with url: ExQtwkN3zc4
Error on file with url: ExZaptuIoT8
Error on file with url: EyTg3tgs5o0
Error on file with url: EypGuZPoxvI
Error on file with url: EzT-WdsHvmw
Error on file with url: F-49FI48xTs
Error on file with url: F-VW4S1vNxA
Error on file with url: F13sjDRQL9c
Error on file with url: F2DcU3cRCnI
Error on file with url: F44fcbVt2Zw
Error on file with url: F4Rqp8W59rY
Error on file with url: F4oAMItha7A
Error on file with url: F5OLbBsVFVI
Error on file with url: F79YqwoGux8
Error on file with url: F7cs7GPjOSo
Error on file with url: F7qVJ0sdZHU
Error on file with url: F9hZaMPQ7z4
Error on file with url: FAEsmrDLyOU
Error on file with url: FAdQ--3WnjQ
Error on file with url: FBV8P-1xHss
Error on file with url: FBvHV0Mzo5Y
Error on file with url: FCgzC2Kyp4k
Error on file with url: FF5TPymtBR4
Error on file with url: FFRcBXrPta4
Error on file with url: FG8TBjLn67A
Error on file with url: FH6bH2Seyic
Error on file with url: FL8Krk9qQng
Error on file with url: FLRqPe_sU2I
Error on file with url: FMAMxOUtMaY
Error on file with url: FMF3Tz-vaJ0
Error on file with url: FO975Bxck5g
Error on file with url: FPf8ZsfEk68
Error on file with url: FRScC0GYUVo
Error on file with url: FRpPXgchsSY
Error on file with url: FS112O1t2H8
Error on file with url: FS1kzhKbMmc
Error on file with url: FTCgM2xhyP0
Error on file with url: FTuxPzw_fmk
Error on file with url: FU8oxLTFc0U
Error on file with url: FUFVxpbbRfg
Error on file with url: FVXtAJTT1_M
Error on file with url: FVblJbLRk2U
Error on file with url: FWEGqAuUDwU
Error on file with url: FWWnAxAVPUQ
Error on file with url: FWuiZl6pNfU
Error on file with url: FXkdxvXK0Gs
Error on file with url: FYm0Yq1K-68
Error on file with url: F_-39noC1zs
Error on file with url: F_eDP6uHqEw
Error on file with url: Fa8Kxjaxl30
Error on file with url: FafcxA0bbE0
Error on file with url: FahTXpPWTqU
Error on file with url: FbO_ObGbP0s
Error on file with url: Fda0EurUjEw
Error on file with url: Fdj8jqaus64
Error on file with url: Fdx-mUy3D6Q
Error on file with url: Fe4IGuaAips
Error on file with url: Fe8SUujJJIk
Error on file with url: FeGlph1JpsE
Error on file with url: FeemwW8JIks
Error on file with url: FfEwz4X5-nQ
Error on file with url: FgYJw-8tN_4
Error on file with url: FgcO9yFvJFA
Error on file with url: FhIjQsQqxxE
Error on file with url: FhU2jfZOCfQ
Error on file with url: FiclHEHYTMM
Error on file with url: FlttPBtuc1k
Error on file with url: FmmGwJ9zElY
Error on file with url: FmvqTQ57LP0
Error on file with url: FmzOYKq0rVc
Error on file with url: FnQCh_p5grg
Error on file with url: Fpklgxd9MMc
Error on file with url: FqIt9F_pBOc
Error on file with url: FqUnjywT5Y0
Error on file with url: FrgtHuSZSyU
Error on file with url: FriHbezNaLU
Error on file with url: FrsIT2RqgdE
Error on file with url: FsiU2r8Dlqk
Error on file with url: FuEHDjuhCUQ
Error on file with url: Fv2WrhwhsYc
Error on file with url: FwBOr4WRmYc
Error on file with url: FwfhMC4SWxU
Error on file with url: Fwvqx2Kx83U
Error on file with url: FxjQJs2C1I4
Error on file with url: FyXe2jW-TXU
Error on file with url: FzaiAiAX-QE
Error on file with url: G0HWDPaBRyw
Error on file with url: G0p2_PNQeCI
Error on file with url: G1UnISdSCsg
Error on file with url: G57_auJOV1Y
Error on file with url: G5m54EL2z1w
Error on file with url: G6SoJ8JPG5M
Error on file with url: G6fKTXzmLnM
Error on file with url: G7QwOkPVg3k
Error on file with url: G8AufueJdF8
Error on file with url: G8kr-ZN-UPA
Error on file with url: GAX9iwnarGg
Error on file with url: GAXGvaujAps
Error on file with url: GBbJOhO0SEI
Error on file with url: GCRpCEYx-3g
Error on file with url: GDcuj1QLhJA
Error on file with url: GDpieIgFfdg
Error on file with url: GHGs_hzNCPM
Error on file with url: GIydfqTEDTI
Error on file with url: GKLjkEL3F-0
Error on file with url: GKr0rhncbiQ
Error on file with url: GNGsVNG7gEE
Error on file with url: GNc3mwTSu80
Error on file with url: GNiqAN3JWe4
Error on file with url: GOZrCLSKwCU
Error on file with url: GQiwOvPofnE
Error on file with url: GUIxFQvrrE8
Error on file with url: GUZ-2FgOyzI
Error on file with url: GUm1UPboX_4
Error on file with url: GV-sz_aAB9I
Error on file with url: GVJtCAf4l8U
Error on file with url: GVhJITqahzQ
Error on file with url: GW4R2iGPg1k
Error on file with url: GWjdXJkTSV8
Error on file with url: GZ-qWJ4cBPs
Error on file with url: GZZKm1JuObA
Error on file with url: G_5GvbS2DAQ
Error on file with url: G_aew-4Uol0
Error on file with url: GaXkkFaYu9w
Error on file with url: GbgUOZ2LIGQ
Error on file with url: GckeEK1pcsI
Error on file with url: GdEM_GzIVDc
Error on file with url: GdVCLzHjXHM
Error on file with url: GdVHPspwu1Y
Error on file with url: GdsnVX7DxpQ
Error on file with url: Gdt9Px5uVvY
Error on file with url: GeLa6mvj6Y0
Error on file with url: Gf6aXsiPkYI
Error on file with url: Gfn30ryBnZA
Error on file with url: GfrT6osyymc
Error on file with url: GgRubBqiMLI
Error on file with url: Ggp-EXdusSM
Error on file with url: GhAr3xlR9Ew
Error on file with url: GhPTNZgJ824
Error on file with url: GhgKW1WpUVk
Error on file with url: GiMXCgByQ2M
Error on file with url: GjhwpbMYj3k
Error on file with url: GkchW7kMICs
Error on file with url: GkfQcbVQvzo
Error on file with url: Gl1QyjRi-j0
Error on file with url: GlWqRfx0sLE
Error on file with url: Gm-BYfS4TOQ
Error on file with url: Gn0x9mfzUEw
Error on file with url: Gn4qP6nrSVA
Error on file with url: Gn5h96A2tls
Error on file with url: GnYlXA-FxHw
Error on file with url: GoWl9CeXP6c
Error on file with url: GouPXXGXFV0
Error on file with url: GpBXRE1uIVM
Error on file with url: GpeKfbzNixs
Error on file with url: Gqq6z8DV5Ao
Error on file with url: GsDd1iVkuvY
Error on file with url: Gt1DsEyU_2I
Error on file with url: Gt1xY29iUl8
Error on file with url: GtAtKweic08
Error on file with url: GtiLMK60UYs
Error on file with url: Gu7cu2LcSt0
Error on file with url: GuuaaFEblUU
Error on file with url: GwMKJ3Zh9xY
Error on file with url: GxRcNe7FCrI
Error on file with url: GxvI8CHUgkc
Error on file with url: Gy2DE04_cCY
Error on file with url: GyVtg2_RdqQ
Error on file with url: GycCyjIUc6k
Error on file with url: GyxZYVCgmhA
Error on file with url: Gzmn0Chm2LA
Error on file with url: H-oJMRAVYwY
Error on file with url: H-uZcslkdo8
Error on file with url: H0ATdSKWVvI
Error on file with url: H0VCU_-65Jo
Error on file with url: H0kps3FnRlY
Error on file with url: H0lQonckom4
Error on file with url: H2u_dglbgtI
Error on file with url: H36-AmtRUfg
Error on file with url: H3b9r-SVk78
Error on file with url: H77IBzYezck
Error on file with url: H9hO-vTcnWk
Error on file with url: HBRnklQDH3g
Error on file with url: HGcxyi7uQ7M
Error on file with url: HGm0YQqOj3o
Error on file with url: HGuIFPxuwrU
Error on file with url: HGxVMI_Snp8
Error on file with url: HI1F0LsGAYg
Error on file with url: HIbJmBqr7p4
Error on file with url: HIhH0N_LSx0
Error on file with url: HIqpDLjO4vI
Error on file with url: HJ9ci_uDkPY
Error on file with url: HK0r4-3lwtc
Error on file with url: HKEJSMF1Yiw
Error on file with url: HLNr1ozb_9g
Error on file with url: HLQ_XKFgJPw
Error on file with url: HLtHSbeoMoc
Error on file with url: HMagweMX6Qw
Error on file with url: HOow9ECcVac
Error on file with url: HQBFpnQoutE
Error on file with url: HQMlwaMm_R0
Error on file with url: HRvf0jnfTy8
Error on file with url: HSvcAV6zOsc
Error on file with url: HTf_8COQaZU
Error on file with url: HU3VcQPNuGo
Error on file with url: HUE50xRpIuo
Error on file with url: HUOtyUKOE1o
Error on file with url: HUTuDPk4Dg8
Error on file with url: HUcrT5-2j5o
Error on file with url: HWwIZn6zKq8
Error on file with url: HXIBkKC0GyY
Error on file with url: HXvGHnAL83o
Error on file with url: HY3t6i3eG0s
Error on file with url: HZAPBaeJvJA
Error on file with url: HZIyV53lVzw
Error on file with url: H_GYxwZJm9c
Error on file with url: H_jMV9f8bFw
Error on file with url: HaK2XqsZRXM
Error on file with url: Ha_STx0ZRB4
Error on file with url: Hah6N_f2bFY
Error on file with url: HbEfm8hiz_c
Error on file with url: Hbb8Tf8PoqM
Error on file with url: HbspUzqu3HM
Error on file with url: HcCm6QbyG_0
Error on file with url: HcqJlWR23zM
Error on file with url: HcvK9-_5svU
Error on file with url: HdPUh9ur0BM
Error on file with url: HfHBMW5nHb8
Error on file with url: HfVRPX3Tb2o
Error on file with url: HfjiWvkfE4s
Error on file with url: HhGBf-EMsXY
Error on file with url: Hl-Z3GJ311A
Error on file with url: Hl0kNNQuW9g
Error on file with url: HlU21fUa714
Error on file with url: Hm9vZi8RZHQ
Error on file with url: HmCPYWZCZjo
Error on file with url: HmM_l__2oeI
Error on file with url: HmxE123F6e8
Error on file with url: Hn-mXsNNkwA
Error on file with url: Ho6VCIrDuBk
Error on file with url: Hp-dCavl-_k
Error on file with url: Hr1tAvkwTJA
Error on file with url: HsVQwmjOvZA
Error on file with url: HtfXIxVxR0o
Error on file with url: HuHHdesjg9E
Error on file with url: Hudx2oL6WJ4
Error on file with url: Huqldu5CKys
Error on file with url: HvGkyzzFhg4
Error on file with url: Hx1oRmeFzb8
Error on file with url: HySJc6omv5M
Error on file with url: I-br25dWkzU
Error on file with url: I-dYk5O3KsY
Error on file with url: I-l9wrtVTGY
Error on file with url: I0-Hikt3cVg
Error on file with url: I0xUpCmRc0A
Error on file with url: I11k7lFkm0Y
Error on file with url: I1SStn6kZgQ
Error on file with url: I1g3GlTvLPQ
Error on file with url: I1zvMk62dnw
Error on file with url: I2Rb2tFaVFk
Error on file with url: I2VqtukK_Ro
Error on file with url: I35-3GL41Ys
Error on file with url: I3f28LK51OE
Error on file with url: I5BlCZrvytA
Error on file with url: I5frR9NBs_w
Error on file with url: I82J6eMxcB4
Error on file with url: I9DPGmRmtmw
Error on file with url: I9k4IAqOatc
Error on file with url: IAbe9xDZrHI
Error on file with url: IBBZsi4JFC4
Error on file with url: IC3bgaNfm4c
Error on file with url: IEEkAJ15r0g
Error on file with url: IEn2jUPvyxk
Error on file with url: IG61YbagJ7g
Error on file with url: IGs076KdWTw
Error on file with url: II4m6drBuAY
Error on file with url: IJqHn9Bq9IM
Error on file with url: IKva98YBCZk
Error on file with url: IL75NQEnI50
Error on file with url: ILSGu3czggI
Error on file with url: ILfr1g4pdSo
Error on file with url: ILhwx2jOTOs
Error on file with url: ILsmaGuMdcg
Error on file with url: IO044oKlz-0
Error on file with url: IOO9LbpIm4Q
Error on file with url: IOWKx1FLuUc
Error on file with url: IQnzvA_a76A
Error on file with url: IQtHJB1uubw
Error on file with url: IQxufQFOJv8
Error on file with url: IRRNOcSNyko
Error on file with url: ISMlfwtUugg
Error on file with url: ISMlfwtUugg
Error on file with url: ISQTpAx3LRE
Error on file with url: IU-iDMqqOHU
Error on file with url: IZpUVU7j14c
Error on file with url: I_9e2R1eiUU
Error on file with url: I_L-0aDi5ig
Error on file with url: IcbzhK9ipFQ
Error on file with url: IdAtmDQDqOg
Error on file with url: IeCZsjvS9YM
Error on file with url: IeGun54vIf8
Error on file with url: IeIxn-F8awE
Error on file with url: IewqZ-gIwqk
Error on file with url: If1J5EhwPz4
Error on file with url: IgXZ3CB_rkA
Error on file with url: IhdOTra0pPI
Error on file with url: IhzNSlvYztw
Error on file with url: IixlBo0uYwg
Error on file with url: Ij__9VfSnxM
Error on file with url: Ik-orfBGq58
Error on file with url: IkLCdiKEpak
Error on file with url: IlxR2wKEyEw
Error on file with url: ImnIW0Kso70
Error on file with url: Ip5sWfwMrsY
Error on file with url: IpFrT-j4zko
Error on file with url: IpH7LYQ57Ug
Error on file with url: IpMioNVPfJw
Error on file with url: IpQsQYJFmrg
Error on file with url: Ipc1hgXDMXY
Error on file with url: IqAwuD814Cs
Error on file with url: IqDAVb6z7Z8
Error on file with url: IqJr3Sq5mB0
Error on file with url: IsGu_XE6aw8
Error on file with url: ItihlSjisJ8
Error on file with url: IuLnCN7WSP4
Error on file with url: IuxFjJKNWCU
Error on file with url: Iv1KcTVRGuk
Error on file with url: IwTRSU4WwRI
Error on file with url: Iy_0m1u36J4
Error on file with url: IzDiiBBSmwI
Error on file with url: Izk5NOTD2cQ
Error on file with url: J-OUQgOPYlY
Error on file with url: J0G7FA43nPg
Error on file with url: J1LvHaRHR_Q
Error on file with url: J1b67VPK-dA
Error on file with url: J2lBopsbKRI
Error on file with url: J2ljOwQST1Q
Error on file with url: J30Ib0n7SG4
Error on file with url: J387q6v-rRk
Error on file with url: J3ioTywrjIo
Error on file with url: J5XXuSE5_Jw
Error on file with url: J7CFLmqOjic
Error on file with url: J7SiCPILPPI
Error on file with url: J7xj6zZeYUU
Error on file with url: J9__wg1Ttwc
Error on file with url: JA4XA_jrJ2A
Error on file with url: JBJBkjcMsRc
Error on file with url: JBYuRLROoXg
Error on file with url: JC7VUy_SXl8
Error on file with url: JDSV6j8Pb-w
Error on file with url: JKB4IbWtyWg
Error on file with url: JKcKHoqxcCk
Error on file with url: JKs6qD2kS4c
Error on file with url: JNJmGmpDpBY
Error on file with url: JNSGk0ucgsg
Error on file with url: JNTWlWCwHVE
Error on file with url: JOfvBGkWkQY
Error on file with url: JQT6Hn5LjE0
Error on file with url: JR5SsO3Db4w
Error on file with url: JRUyMH9dRJs
Error on file with url: JRuaF-hkFsY
Error on file with url: JSWNAQ0Qv28
Error on file with url: JTS1w4w-Rg8
Error on file with url: JTSM72To-YI
Error on file with url: JTm2q2KbCoc
Error on file with url: JUgQpWi7QrU
Error on file with url: JUnjtmH3jvI
Error on file with url: JXEJBxTiYEI
Error on file with url: JXO14EUdN4s
Error on file with url: JYE40EsMzZY
Error on file with url: J_92IB6euNI
Error on file with url: J_tkd9DfNy8
Error on file with url: JaZFqt3auXA
Error on file with url: JbgvvMYRQzc
Error on file with url: JbqHWbkXl8I
Error on file with url: Jc0erU6KVJ4
Error on file with url: JcB-LwRg5Us
Error on file with url: JceXz6dZOeE
Error on file with url: JchWEpapp9Q
Error on file with url: JeZoZNKjf4s
Error on file with url: JfAkkN_vBH0
Error on file with url: JfYmKF4p5iU
Error on file with url: JgZTKPcSn5c
Error on file with url: JghoD9hujp0
Error on file with url: Jh03U30q_oI
Error on file with url: Jha2CueeKew
Error on file with url: JhuDss8rp1w
Error on file with url: Jjmep3yRFsY
Error on file with url: JjnzW8SZrfU
Error on file with url: Jk1wtmhvqeI
Error on file with url: JmmK2V2YdAk
Error on file with url: Jn3aEdotcVI
Error on file with url: JnGb0tT722c
Error on file with url: JnL-N3bT9i4
Error on file with url: Jpl38LgScoI
Error on file with url: JrTl6rJ0AGk
Error on file with url: JrhSVURDYQM
Error on file with url: JrtrZ0Rlm6Q
Error on file with url: Jsg2DMTqhwc
Error on file with url: JslYvDdhtl8
Error on file with url: JsoWAIliy6U
Error on file with url: JsrMf8D_9tI
Error on file with url: Jt1Swdth9_U
Error on file with url: JtB_47GEm-s
Error on file with url: JtKxH4rT4HE
Error on file with url: JtaLePlzqSo
Error on file with url: Jv5xN5iPlBs
Error on file with url: Jv8Kyo7VuZA
Error on file with url: JvYtbG-sMIc
Error on file with url: Jvzwp6Kl-1c
Error on file with url: Jy3ydnrndDc
Error on file with url: Jyqhx1dljcs
Error on file with url: JzWr06XdeEE
Error on file with url: JzmepVy8mlQ
Error on file with url: K2xuItbLAAU
Error on file with url: K2znDaj35NA
Error on file with url: K34pYDG8HzY
Error on file with url: K42OK52E-nQ
Error on file with url: K5DTQA4e0Lc
Error on file with url: K5FL8knyAaM
Error on file with url: K5OpA2P2nao
Error on file with url: K7I4zMsHwlU
Error on file with url: K7cpffm3zmk
Error on file with url: K8lMX6bqTHY
Error on file with url: K8tWgEfcad8
Error on file with url: K9TSwg7goxg
Error on file with url: KAJZa6xVh4k
Error on file with url: KCI9hfV49Mc
Error on file with url: KCc7Ej9bYSg
Error on file with url: KDH2G9dKv5M
Error on file with url: KFpV99GN5Y0
Error on file with url: KGe4RTe5sE4
Error on file with url: KGgL8hfjjAY
Error on file with url: KHe-8ArMqAg
Error on file with url: KIEmzfIQCnE
Error on file with url: KIU-tnXoDUY
Error on file with url: KJ-r0_i04zE
Error on file with url: KJTwOcepg5Q
Error on file with url: KJtjpEKekCw
Error on file with url: KKG0rkViOWM
Error on file with url: KLhygpVn_wM
Error on file with url: KM-xao3I4jc
Error on file with url: KM2GhGuem9k
Error on file with url: KMCF3tLq_mc
Error on file with url: KMChqccV2kQ
Error on file with url: KMO89fo6i0k
Error on file with url: KOqCL6pOqdc
Error on file with url: KP6JghruL_8
Error on file with url: KPgGvossk2Q
Error on file with url: KQ3osal0_GU
Error on file with url: KRS8GwGzDVE
Error on file with url: KSFIVWOHM8M
Error on file with url: KTA1NcgBe80
Error on file with url: KUfOforHG38
Error on file with url: KUgnVnX1id8
Error on file with url: KY0yGvn6f7I
Error on file with url: KZ4t6Aige6E
Error on file with url: K_xr-l-GzHc
Error on file with url: Ka4HgdOD7_w
Error on file with url: KbMpAGMJAj0
Error on file with url: KbyWn91TH1s
Error on file with url: KdJQWFud0gA
Error on file with url: Kdoq0WgKNHY
Error on file with url: KeKUUbnaabU
Error on file with url: KfB0PXBxSVw
Error on file with url: KfN2XXqXux0
Error on file with url: KfSiuIkXPbA
Error on file with url: KfmI9EAv7F0
Error on file with url: KgVtCC4BhPc
Error on file with url: KhFEj34ta4M
Error on file with url: Khn7akITDpQ
Error on file with url: Kl6NW8lU4B0
Error on file with url: KlYEfB5-D4Y
Error on file with url: Km9VupO907E
Error on file with url: KmjQfmTiH8k
Error on file with url: KmpmaTj7EX4
Error on file with url: KnZpuDrKrW4
Error on file with url: Ko3drTz9fVg
Error on file with url: Kp9DG0o0vb8
Error on file with url: KqCi6ROY2pU
Error on file with url: KqO0n4jhBBw
Error on file with url: Kr_UwbP-F2w
Error on file with url: Kr_XVdMj5Qk
Error on file with url: KrfDIKUufMw
Error on file with url: Kt5XGFZ5ViM
Error on file with url: KuqRpdLzNlY
Error on file with url: KvIlnX8MnJM
Error on file with url: Kw4_v47MfbQ
Error on file with url: Kw5uDTwk154
Error on file with url: Kw9bBt-bx5M
Error on file with url: KwM9tBGQmhk
Error on file with url: Kxm-LL3coNA
Error on file with url: KxtNERaEdTQ
Error on file with url: KynOoNaHdO8
Error on file with url: KzP8eAZQV8E
Error on file with url: L-bwNwb8ZFE
Error on file with url: L0QmpAwxMeg
Error on file with url: L1JUGF7feA8
Error on file with url: L1u0a4-HUBU
Error on file with url: L1uwqv8JSrQ
Error on file with url: L3EYYkKRoeA
Error on file with url: L3FBwcYi4t0
Error on file with url: L3GGl4TG254
Error on file with url: L4QyeQAU1T8
Error on file with url: L4muiiKbkNk
Error on file with url: L5AlwfnmJxA
Error on file with url: L5YamOi2KYI
Error on file with url: L6-nWPaAdwQ
Error on file with url: L6-nWPaAdwQ
Error on file with url: L64-E_mJxSg
Error on file with url: L7OmVkiJQJY
Error on file with url: L8fIgqOpNRk
Error on file with url: L9KhzNZJvx8
Error on file with url: LBeE9ar9VbI
Error on file with url: LEGeNYe8bu4
Error on file with url: LEtXHbG8jTo
Error on file with url: LGFIFYd_Qz8
Error on file with url: LGcCTWKdGiY
Error on file with url: LGjbtJYt0OM
Error on file with url: LHozDajmbwU
Error on file with url: LI53-Rkf88o
Error on file with url: LIM5N2-yM3Q
Error on file with url: LIy-_ho_TB4
Error on file with url: LIy-_ho_TB4
Error on file with url: LJZ6Hv5QtP4
Error on file with url: LKe2Ry4NjRc
Error on file with url: LLX0nL08J2E
Error on file with url: LLdwgq0_Rm0
Error on file with url: LLftd_bhXAg
Error on file with url: LN6EIS0dMo8
Error on file with url: LN7SgARGXew
Error on file with url: LN7ajTFiQ6o
Error on file with url: LNBUU4yzS8I
Error on file with url: LO-sh9avsDw
Error on file with url: LOomVXbL8Ks
Error on file with url: LPchyvQUdpA
Error on file with url: LS6r0ttYg8w
Error on file with url: LSzz1MyV8vA
Error on file with url: LTXFkd_VuGw
Error on file with url: LTzbCAg5T3o
Error on file with url: LUxePcT6RIg
Error on file with url: LVRluTrB1TU
Error on file with url: LW0HT_qd7fw
Error on file with url: LWnIqX6mIz8
Error on file with url: LXqCXQaM7tI
Error on file with url: LXs6kdM-8NA
Error on file with url: LZRkt3hMSlU
Error on file with url: L_4gH1zXBRg
Error on file with url: LaqoQei0D6g
Error on file with url: Lb0Secsho30
Error on file with url: LbbrcLPSpaE
Error on file with url: Lbcn2TF_Fr8
Error on file with url: LcIcLImbhFY
Error on file with url: LcVuOO03oio
Error on file with url: LdRcFmmshZI
Error on file with url: Lej37lm-8Y4
Error on file with url: Leq_20sGPJ0
Error on file with url: LfDzI6F7DkA
Error on file with url: LgGxg316m4o
Error on file with url: LhZ7wjcfwm4
Error on file with url: Lhp4Alz30H4
Error on file with url: LjDgzHmdxtA
Error on file with url: LjdjtpJ7txw
Error on file with url: LkT2qgRVE7k
Error on file with url: LkltVPHK92E
Error on file with url: LmscgAEWMCc
Error on file with url: LnD7D1YC7tc
Error on file with url: LoBaOegEjhc
Error on file with url: Lp8_WeenyOk
Error on file with url: Lpc2cUV0GYk
Error on file with url: Lq3sCvDG7QQ
Error on file with url: LrU2p64lBb8
Error on file with url: LrgFiQcQFFk
Error on file with url: LsLR_3s8NjY
Error on file with url: LsWgJqLrnho
Error on file with url: Lt1eEoHnOis
Error on file with url: LuB3VrmN564
Error on file with url: LvXD7zlsRaE
Error on file with url: LwUHBuvbSUg
Error on file with url: LxhQ3n3iDz4
Error on file with url: LxrwxGPDYdQ
Error on file with url: LyTU08UxF-0
Error on file with url: LzC-NsGIIfE
Error on file with url: LzYX2wexwYM
Error on file with url: M-Ca3G8bF_E
Error on file with url: M29p2VfmQZk
Error on file with url: M2vgnueP7LQ
Error on file with url: M3ZMaiRhv-0
Error on file with url: M3ZvSwp4vp4
Error on file with url: M5DhZf29Zdk
Error on file with url: M5vFIxs0QoQ
Error on file with url: M7DFs5fdpCE
Error on file with url: M7Dub4TzTiw
Error on file with url: M7tnK7VRBwc
Error on file with url: M9Uit6kO618
Error on file with url: MA7yQJnACJg
Error on file with url: MB3qQBMztdo
Error on file with url: MCHvWLD2RB4
Error on file with url: MCcEeNLJwSE
Error on file with url: MDlebVX4sLc
Error on file with url: MESWZyzeIT0
Error on file with url: MEyK1CQdgts
Error on file with url: MFhWURpxksU
Error on file with url: MFyeTD1y2OY
Error on file with url: MG95MvoVR4Q
Error on file with url: MGMYqdKsbzQ
Error on file with url: MGfhDhCk0tM
Error on file with url: MHp3szhoI5k
Error on file with url: MHwCFn2Wqo0
Error on file with url: MIE6ez0GeTA
Error on file with url: MIrRNMdVNU8
Error on file with url: MJ-oDPEwBHk
Error on file with url: MJwy5hogxHA
Error on file with url: MKOqRaPQkpU
Error on file with url: MKbDQfoz0Ts
Error on file with url: MLRcoYeCE1A
Error on file with url: MNJoCrC0ZUY
Error on file with url: MOBXWLVEaAg
Error on file with url: MO_Bdw3YHJ8
Error on file with url: MRMckA-Cfwk
Error on file with url: MRwSYV2-sdE
Error on file with url: MSyFyIWYRq0
Error on file with url: MT7WeVuwgX4
Error on file with url: MTacyUupWaY
Error on file with url: MU2MsiIhLPE
Error on file with url: MU5X9QoaJrk
Error on file with url: MUXmtY0iaIY
Error on file with url: MXcqvmJNPso
Error on file with url: MXeQnYI6EhU
Error on file with url: MYY-TrXVSMU
Error on file with url: M_yH-A3t51A
Error on file with url: Ma_DM9lLFJU
Error on file with url: MbSp7XTMMK4
Error on file with url: McGxjyDF5G0
Error on file with url: MdCEX1Er6NU
Error on file with url: Md_f9VNsumo
Error on file with url: MdcXS-QJnRA
Error on file with url: Me30a1AHRWA
Error on file with url: Me3q4HSJIVQ
Error on file with url: MeQ71rw_S4M
Error on file with url: MedJsePdbcI
Error on file with url: MehHZAmNLmE
Error on file with url: Mfis5dFTTIY
Error on file with url: Mg7P4BY3_n8
Error on file with url: Mh-MbQm-c-8
Error on file with url: MhODBRlXoM4
Error on file with url: Mhb9d_AqPJg
Error on file with url: MiSKJdFb0B8
Error on file with url: MjY40_T8UL0
Error on file with url: MkSxnLax6kM
Error on file with url: MkodJRhHd_w
Error on file with url: Mkx3rLtSabI
Error on file with url: MlQ4HqKxIAQ
Error on file with url: Mlm7RbMOFko
Error on file with url: MmJBpdIro4U
Error on file with url: MmMemWn5Qy0
Error on file with url: MnOtcpGFV10
Error on file with url: MneErOPY1CI
Error on file with url: MnuqgpJg3b4
Error on file with url: MoHzVdU6Yyg
Error on file with url: MoLz3bT6J5I
Error on file with url: Mp4hU7DqFfE
Error on file with url: MptbsBvm818
Error on file with url: Mr8apD4usnk
Error on file with url: Mro38OUqHoY
Error on file with url: Ms4DfykG1NI
Error on file with url: Mt2iopBDzcw
Error on file with url: Mt77HIWKYgs
Error on file with url: MtVpxCqKp9g
Error on file with url: MtW3MLWvwa4
Error on file with url: MtZVuotysQA
Error on file with url: MuJUyyuub3o
Error on file with url: MuJwmPPu__Y
Error on file with url: MwG-FTM_HWQ
Error on file with url: MwRI8MxReuY
Error on file with url: Mwo6sc6tvU4
Error on file with url: MxawhgrAp7c
Error on file with url: MyYteDkLl2U
Error on file with url: MyhXfjt_HjY
Error on file with url: MyqATEoC6B8
Error on file with url: MzuSc4gM6yA
Error on file with url: N-Dfdst20iU
Error on file with url: N-nswhw8hdU
Error on file with url: N3zM8W54BDc
Error on file with url: N4JWm6aWqxQ
Error on file with url: N51sAAdCxBk
Error on file with url: N5Ko7jIDSWk
Error on file with url: N5Sohw5KdmU
Error on file with url: N5rp32EJ7H0
Error on file with url: N6VRrnNXhMY
Error on file with url: N6Yo6EDGucE
Error on file with url: N74xcNlO8z0
Error on file with url: N7E4mKdoLIA
Error on file with url: N8SSiqs_rsQ
Error on file with url: N8c1AYb8OgA
Error on file with url: NAFZd0nkhLg
Error on file with url: NAhDCkk-XII
Error on file with url: NBJ2rB2_tpI
Error on file with url: NCJdYVBgaxQ
Error on file with url: NDNAGC5YD2w
Error on file with url: NDZCqzq8lFk
Error on file with url: NDzRsl24UkY
Error on file with url: NEnWuh_l060
Error on file with url: NHfsh8Cwmc8
Error on file with url: NIUfDasevXY
Error on file with url: NKDKOqNCVK8
Error on file with url: NM2B_6xo-I8
Error on file with url: NMEYqsXY6Zg
Error on file with url: NMvsZpXKdKk
Error on file with url: NNM_RNixJQI
Error on file with url: NNYWUrjLeqw
Error on file with url: NNlOHEnNbdk
Error on file with url: NOCmIXHhH4I
Error on file with url: NPgH0jFodhE
Error on file with url: NQ5i6NLkVqY
Error on file with url: NRRb8-Z-h5U
Error on file with url: NRZZXRKdCYY
Error on file with url: NSjjujJieGw
Error on file with url: NTIiieep5bE
Error on file with url: NTqZ5K5vZIE
Error on file with url: NUtvz1-8h3o
Error on file with url: NVP7n7b-YYo
Error on file with url: NVYi85zSD68
Error on file with url: NWDKj9oX1Ao
Error on file with url: NWIGQsUf37s
Error on file with url: NXgwrmrM4ik
Error on file with url: NYcCN-z0MjQ
Error on file with url: NZZFVPMmLu0
Error on file with url: NZukOrxGoOU
Error on file with url: N_l_s8UOJgY
Error on file with url: NbC_XMis3HE
Error on file with url: NcbFGf433Lc
Error on file with url: NdDqfxbVjUs
Error on file with url: NdOh3--s46g
Error on file with url: NdReib-X9J8
Error on file with url: Ner1b4t8pps
Error on file with url: NezRBB89K1w
Error on file with url: NftFFidCmYE
Error on file with url: NgvMRzC9FYQ
Error on file with url: NgzBCMpcirc
Error on file with url: NkofxP98THQ
Error on file with url: NmKtAkJM3iQ
Error on file with url: NmeDmgyFL6g
Error on file with url: NnbVk8wxN9w
Error on file with url: NnilzviRir8
Error on file with url: NnvQ2-_fQBk
Error on file with url: NpWMPqpudIw
Error on file with url: NptGIwHV91s
Error on file with url: Nq1BDa_ZgG0
Error on file with url: NqJ3zYT33A8
Error on file with url: NrgtQcUzsmQ
Error on file with url: Nrt1Axp38g4
Error on file with url: Nsa495R3iNQ
Error on file with url: NszYv7bHTRE
Error on file with url: NtZV5EcUvMw
Error on file with url: NuewN-CKG_o
Error on file with url: NuxMN989lvw
Error on file with url: NwRy8sF6ZPY
Error on file with url: NwzWqR7Y_Ug
Error on file with url: Nx96m9LJ4qQ
Error on file with url: NzJoPNwM-AE
Error on file with url: O0CdRFiMqJs
Error on file with url: O2fdIXGgdnw
Error on file with url: O3hhT5fIhjw
Error on file with url: O3pfNwKdcKg
Error on file with url: O4er2dAdPXg
Error on file with url: O4pSzVerGZo
Error on file with url: O5ZPZwFjfyo
Error on file with url: O5bf40J8ZLw
Error on file with url: O5cW7N1CSm0
Error on file with url: O5fCpJtDNDY
Error on file with url: O5iYgG_852E
Error on file with url: O7BR9o0Eze8
Error on file with url: O7QHEAo8SBA
Error on file with url: O9V1t_qZsOQ
Error on file with url: O9ubxL_pkvk
Error on file with url: O9xJx7Yyhu4
Error on file with url: OC1LLESrMkc
Error on file with url: OC7PJiPWxWA
Error on file with url: OC7qiu8RiLM
Error on file with url: OD-hqJQH3FM
Error on file with url: ODofBaNZK1M
Error on file with url: ODu-kBEDgIA
Error on file with url: OEKWh-e9lSg
Error on file with url: OF7wKSv-LGQ
Error on file with url: OGR72AOLt6g
Error on file with url: OGt9ZaGE5I8
Error on file with url: OHEhWpsEiHA
Error on file with url: OJaOXqfNbCE
Error on file with url: OL176Tv1tak
Error on file with url: OLcL810JDbk
Error on file with url: OMfFDWJquS8
Error on file with url: ONUvOTr0zX4
Error on file with url: OOsHk_bJt_o
Error on file with url: OQLr5F77DF4
Error on file with url: OQNbVDJGaaQ
Error on file with url: OQrLwBxSP6I
Error on file with url: OR8jXDddIWA
Error on file with url: OSNEuH-xA1E
Error on file with url: OTIXVP4ZeTk
Error on file with url: OUovSCms-1Q
Error on file with url: OVyLexwh6R0
Error on file with url: OX5RO_SGSSo
Error on file with url: OXUMY_s8aq4
Error on file with url: OXcVdRwED5M
Error on file with url: Ob_XsvooUMg
Error on file with url: OcW38Qiq9EQ
Error on file with url: OcaINOPFBjU
Error on file with url: OdlJ4xFC-iU
Error on file with url: OeLQih4W6Bc
Error on file with url: OfPLYi_6CLs
Error on file with url: OfQV2DV6G_g
Error on file with url: OfmI_CoUjOc
Error on file with url: Ofvhn-R-dPw
Error on file with url: Ohc-Y0ty0Fw
Error on file with url: OhsSDu0wR70
Error on file with url: OkH6Zm74iTw
Error on file with url: OlmgGdyvq_0
Error on file with url: Oo4oRZCNBes
Error on file with url: OoPYy6kaqIw
Error on file with url: Oq1ZXSLaBrQ
Error on file with url: Oq7Aiip5cLI
Error on file with url: OqlTVLSvxTA
Error on file with url: Or8I6tA6U3o
Error on file with url: OrCw4PaVEdk
Error on file with url: Os90NudcxoY
Error on file with url: OsYQkzbyCnw
Error on file with url: OtbT6h6_2dc
Error on file with url: Ou4JjnFxi6A
Error on file with url: OuF6a9IUgIc
Error on file with url: OuWGoXilNR0
Error on file with url: OuhpWfK95Yk
Error on file with url: OuznVhjJFww
Error on file with url: OvH7lma2xGk
Error on file with url: OvmqOi6084k
Error on file with url: OwtrW5AzOJw
Error on file with url: OyLadVjBgHs
Error on file with url: OyQzqq4u5Eo
Error on file with url: P0dSb-L32Ms
Error on file with url: P1O0b3eIfCc
Error on file with url: P27YUHUY3Wg
Error on file with url: P2PrXYEFDME
Error on file with url: P32zOOC7dUk
Error on file with url: P35t6BspOlw
Error on file with url: P3EI1BFd-Ac
Error on file with url: P4Cphv9u5-U
Error on file with url: P4CpniEakOE
Error on file with url: P4SLfpESxvA
Error on file with url: P5YcKUNzyHo
Error on file with url: P6BEfTjXN2c
Error on file with url: P6e9IukgaCQ
Error on file with url: P8YWfthdiEI
Error on file with url: P9L5iFzRLPg
Error on file with url: PBlpSiharfs
Error on file with url: PCE9dL80qWA
Error on file with url: PCJcO_zaikw
Error on file with url: PD6cVFLz_Go
Error on file with url: PDLr0VhUl_M
Error on file with url: PEGmwUGafag
Error on file with url: PFk4ze5kSg0
Error on file with url: PGKPSu0T6AU
Error on file with url: PGdp-A-e95U
Error on file with url: PHO2zfkJgsg
Error on file with url: PIpH67ucuB0
Error on file with url: PJWm4-Qc7nE
Error on file with url: PKNHPhk5v_s
Error on file with url: PKZwN_3cBV8
Error on file with url: PKeNvV936bw
Error on file with url: PKh1cwQZ1oU
Error on file with url: PL8ru_y2Rr4
Error on file with url: PLXKw7SU7mE
Error on file with url: PMEEuSiF4V0
Error on file with url: PMGrN-5W9ig
Error on file with url: PN4JR2WLWjo
Error on file with url: PNiqhav6xuo
Error on file with url: PO6d5FWeh1g
Error on file with url: POCIRXNtJ7M
Error on file with url: PPOiyISYyaQ
Error on file with url: PPaIcts_1Ts
Error on file with url: PQ1ldhuIIto
Error on file with url: PQyIuch06IQ
Error on file with url: PSsCuULJULk
Error on file with url: PT-Mmkcui0Y
Error on file with url: PTlYLf3NPVw
Error on file with url: PTlr9R2CL8w
Error on file with url: PTsR4sDTci4
Error on file with url: PUI3sHddWww
Error on file with url: PUV3HgdHO3I
Error on file with url: PUdy2r9zSmg
Error on file with url: PVlKgiSzRSU
Error on file with url: PVqDx7s02Jc
Error on file with url: PW4EAYUbPYw
Error on file with url: PWhRME7-4w4
Error on file with url: PX82pEhCFiw
Error on file with url: PXYO55E9U3A
Error on file with url: PYZQToW-74M
Error on file with url: PYZwYo6lQKo
Error on file with url: PZ90I3fxxaE
Error on file with url: PbIUsFhftBQ
Error on file with url: Pc8bGb2YXSk
Error on file with url: Pd15ACe03Bk
Error on file with url: PeySJTkBeus
Error on file with url: PgwTkvcNN0E
Error on file with url: PhV0gu2IgJk
Error on file with url: PjCT12rp5Tk
Error on file with url: PjSz_FcgGKA
Error on file with url: PknszqLMK4o
Error on file with url: Pn7nnu-S9Z4
Error on file with url: PoA9h-fIRmk
Error on file with url: PpNupm7w-e0
Error on file with url: Pq1Gzo7RIZI
Error on file with url: Prm_TdJDTjQ
Error on file with url: PxILPtMIs38
Error on file with url: PzCHRS4Va3M
Error on file with url: PzI5EUyFJT0
Error on file with url: PzsVksvsorI
Error on file with url: Q23uGr6G8cY
Error on file with url: Q3ZySGrC_1w
Error on file with url: Q4cVBDh2lSo
Error on file with url: Q4mAQJjKU-c
Error on file with url: Q4xVYHHR-aQ
Error on file with url: Q5jYgw2RUmQ
Error on file with url: Q60b4f--faM
Error on file with url: Q7BJulrbRVI
Error on file with url: Q7lGwk4aQzs
Error on file with url: Q7wQ0JkqTJE
Error on file with url: Q84GOgtKE1E
Error on file with url: QB51aAvpl34
Error on file with url: QEA_KHPueeo
Error on file with url: QECPP-V6UTE
Error on file with url: QENsC6BHEMg
