Found files with coinciding names: 'White lightbar & Senken siren on Panther Grand Touring (unmarked police car).mp4.wav'. Only the last instance which appears in the dataframe will be downloaded and processed.
Found files with coinciding names: 'Fire engine responding.wav'. Only the last instance which appears in the dataframe will be downloaded and processed.
Found files with coinciding names: '140 Jahre Freiwillige Feuerwehr Netzschkau.wav'. Only the last instance which appears in the dataframe will be downloaded and processed.
Found files with coinciding names: 'Fire Truck.wav'. Only the last instance which appears in the dataframe will be downloaded and processed.
Found files with coinciding names: 'Engine 515 enroute to Baltimore Sun building for fire alarm.wav'. Only the last instance which appears in the dataframe will be downloaded and processed.
Found files with coinciding names: 'METROPOLITAN POLICE BMW ARV RESPONDS TO AN INCIDENT WITH BLUE LIGHTS & SIREN..wav'. Only the last instance which appears in the dataframe will be downloaded and processed.
Found files with coinciding names: 'human siren.wav'. Only the last instance which appears in the dataframe will be downloaded and processed.
Found files with coinciding names: 'Wichita Fire Department Engine 22 Responding.wav'. Only the last instance which appears in the dataframe will be downloaded and processed.
Found files with coinciding names: 'Fire Truck Siren Sound Effect.wav'. Only the last instance which appears in the dataframe will be downloaded and processed.
Found files with coinciding names: 'NYC Fire Engine.wav'. Only the last instance which appears in the dataframe will be downloaded and processed.
Found files with coinciding names: '消防車両緊急走行.wav'. Only the last instance which appears in the dataframe will be downloaded and processed.
Found files with coinciding names: 'Police car responding - Vauxhall Astra Patrol Car.wav'. Only the last instance which appears in the dataframe will be downloaded and processed.
Found files with coinciding names: 'Police car responding - Vauxhall Astra Patrol Car.wav'. Only the last instance which appears in the dataframe will be downloaded and processed.
Found files with coinciding names: 'FIRE TRUCK RESPONDING.wav'. Only the last instance which appears in the dataframe will be downloaded and processed.
Found files with coinciding names: 'Nissan Police Car Dual Siren Code3.wav'. Only the last instance which appears in the dataframe will be downloaded and processed.
Found files with coinciding names: 'Human Siren.wav'. Only the last instance which appears in the dataframe will be downloaded and processed.
Found files with coinciding names: 'Human Siren.wav'. Only the last instance which appears in the dataframe will be downloaded and processed.
Found files with coinciding names: 'Vancouver Fire Engine 7 & Ladder 7 Responding.wav'. Only the last instance which appears in the dataframe will be downloaded and processed.
Found files with coinciding names: 'Dog howling at fire truck.wav'. Only the last instance which appears in the dataframe will be downloaded and processed.
Found files with coinciding names: 'FIRE TRUCK RESPONDING.wav'. Only the last instance which appears in the dataframe will be downloaded and processed.
Found files with coinciding names: 'Santa on the Fire Truck.wav'. Only the last instance which appears in the dataframe will be downloaded and processed.
Found files with coinciding names: 'St. Louis Great Fire Engine Rally.wav'. Only the last instance which appears in the dataframe will be downloaded and processed.
Found files with coinciding names: 'Fire truck parade.wav'. Only the last instance which appears in the dataframe will be downloaded and processed.
Found files with coinciding names: 'Fire truck parade.wav'. Only the last instance which appears in the dataframe will be downloaded and processed.
Found files with coinciding names: 'Fire truck responding.wav'. Only the last instance which appears in the dataframe will be downloaded and processed.
Found files with coinciding names: 'San Jose Fire Truck Company 35 Responding.wav'. Only the last instance which appears in the dataframe will be downloaded and processed.
Found files with coinciding names: 'Code 3 Mastercom Siren.wav'. Only the last instance which appears in the dataframe will be downloaded and processed.
Found files with coinciding names: 'Code 3 Mastercom Siren.wav'. Only the last instance which appears in the dataframe will be downloaded and processed.
Found files with coinciding names: 'Code 3 Mastercom Siren.wav'. Only the last instance which appears in the dataframe will be downloaded and processed.
Found files with coinciding names: 'Dog howling at fire truck.wav'. Only the last instance which appears in the dataframe will be downloaded and processed.
Found files with coinciding names: 'Dallas County Fire Rescue Engine 32.wav'. Only the last instance which appears in the dataframe will be downloaded and processed.
Found files with coinciding names: 'Toyota camry unmarked police car.wav'. Only the last instance which appears in the dataframe will be downloaded and processed.
Found files with coinciding names: 'White lightbar & Senken siren on Panther Grand Touring (unmarked police car).mp4.wav'. Only the last instance which appears in the dataframe will be downloaded and processed.
Found files with coinciding names: 'LFB Soho Fire Engine.wav'. Only the last instance which appears in the dataframe will be downloaded and processed.
Found files with coinciding names: 'Services de secours Bruxelles (Collection).wav'. Only the last instance which appears in the dataframe will be downloaded and processed.
Found files with coinciding names: 'Federal Signal PA200 Siren Demo.wav'. Only the last instance which appears in the dataframe will be downloaded and processed.
Found files with coinciding names: 'Ford Focus Police Car.wav'. Only the last instance which appears in the dataframe will be downloaded and processed.
Found files with coinciding names: 'Montclair Fire Dept Medic Engine #152.wav'. Only the last instance which appears in the dataframe will be downloaded and processed.
Found files with coinciding names: 'Code 3 V-Con Siren Demo.wav'. Only the last instance which appears in the dataframe will be downloaded and processed.
Found files with coinciding names: 'London Fire Brigade - A231 Euston Pump Ladder Turnout.wav'. Only the last instance which appears in the dataframe will be downloaded and processed.
Found files with coinciding names: 'Fire engine responding.wav'. Only the last instance which appears in the dataframe will be downloaded and processed.
Found files with coinciding names: 'Santa on a Fire Truck.wav'. Only the last instance which appears in the dataframe will be downloaded and processed.
Found files with coinciding names: 'London Fire Brigade - A242 Soho Pump Turnout.wav'. Only the last instance which appears in the dataframe will be downloaded and processed.
Found files with coinciding names: 'Ford Focus Police Car.wav'. Only the last instance which appears in the dataframe will be downloaded and processed.
Found files with coinciding names: 'Ford Focus Police Car.wav'. Only the last instance which appears in the dataframe will be downloaded and processed.
Found files with coinciding names: 'Suffolk Fire and Rescue Service- Clare.wav'. Only the last instance which appears in the dataframe will be downloaded and processed.
Found files with coinciding names: 'Police siren.wav'. Only the last instance which appears in the dataframe will be downloaded and processed.
Found files with coinciding names: 'London Fire Brigade - A242 Soho Pump Turnout.wav'. Only the last instance which appears in the dataframe will be downloaded and processed.
Found files with coinciding names: 'London Fire Brigade - A242 Soho Pump Turnout.wav'. Only the last instance which appears in the dataframe will be downloaded and processed.
Found files with coinciding names: 'Suffolk Fire and Rescue Service- Clare.wav'. Only the last instance which appears in the dataframe will be downloaded and processed.
Found files with coinciding names: 'Police Car Chase.wav'. Only the last instance which appears in the dataframe will be downloaded and processed.
Found files with coinciding names: 'Dekalb Co. Fire Rescue Engine 9 Responding.wav'. Only the last instance which appears in the dataframe will be downloaded and processed.
Found files with coinciding names: 'Fire engine responding.wav'. Only the last instance which appears in the dataframe will be downloaded and processed.
Found files with coinciding names: 'Birmingham Fire & Rescue - Engine 1 _ Rescue 1.wav'. Only the last instance which appears in the dataframe will be downloaded and processed.
Found files with coinciding names: 'Fire engine responding.wav'. Only the last instance which appears in the dataframe will be downloaded and processed.
Found files with coinciding names: 'Unmarked Police Car Responding in London.wav'. Only the last instance which appears in the dataframe will be downloaded and processed.
Found files with coinciding names: 'Atlanta Fire and Rescue engine 17.wav'. Only the last instance which appears in the dataframe will be downloaded and processed.
Found files with coinciding names: 'Vancouver Fire Engine 7 & Ladder 7 Responding.wav'. Only the last instance which appears in the dataframe will be downloaded and processed.
Found files with coinciding names: '140 Jahre Freiwillige Feuerwehr Netzschkau.wav'. Only the last instance which appears in the dataframe will be downloaded and processed.
Found files with coinciding names: 'Police Car Chase.wav'. Only the last instance which appears in the dataframe will be downloaded and processed.
Found files with coinciding names: 'Police Siren Sound Effect.wav'. Only the last instance which appears in the dataframe will be downloaded and processed.
Found files with coinciding names: 'Fire Truck Response - Bristol, Connecticut.wav'. Only the last instance which appears in the dataframe will be downloaded and processed.
Found files with coinciding names: 'unmarked police car in london.wav'. Only the last instance which appears in the dataframe will be downloaded and processed.
Found files with coinciding names: 'LFB Edmonton Fire Engine.wav'. Only the last instance which appears in the dataframe will be downloaded and processed.
Found files with coinciding names: 'Charleston Fire - Engine 15 - Coming Street.wav'. Only the last instance which appears in the dataframe will be downloaded and processed.
Found files with coinciding names: '消防車両緊急走行.wav'. Only the last instance which appears in the dataframe will be downloaded and processed.
Found files with coinciding names: 'Engine 515 enroute to Baltimore Sun building for fire alarm.wav'. Only the last instance which appears in the dataframe will be downloaded and processed.
Found files with coinciding names: 'Code 3 V-Con Siren Demo.wav'. Only the last instance which appears in the dataframe will be downloaded and processed.
Found files with coinciding names: 'Code 3 V-Con Siren Demo.wav'. Only the last instance which appears in the dataframe will be downloaded and processed.
Found files with coinciding names: 'Oki Siren - Indonesian Electonic Sirens.wav'. Only the last instance which appears in the dataframe will be downloaded and processed.
Found files with coinciding names: 'Oki Siren - Indonesian Electonic Sirens.wav'. Only the last instance which appears in the dataframe will be downloaded and processed.
Found files with coinciding names: 'St. Louis Great Fire Engine Rally.wav'. Only the last instance which appears in the dataframe will be downloaded and processed.
Found files with coinciding names: '消防車両緊急走行.wav'. Only the last instance which appears in the dataframe will be downloaded and processed.
